[0.013s] Invoking command in '/home/ash/turtle_bot_chaser/build/turtle_bringup': AMENT_PREFIX_PATH=/home/ash/turtle_bot_chaser/install/turtle_catch_em_all:${AMENT_PREFIX_PATH} CMAKE_PREFIX_PATH=${CMAKE_PREFIX_PATH}:/home/ash/ros2_ws/install/project:/home/ash/ros2_ws/install/my_py_pkg:/home/ash/ros2_ws/install/activity4:/home/ash/ros2_ws/install/activity2:/opt/ros/jazzy DEBUGINFOD_URLS=https://debuginfod.ubuntu.com PYTHONPATH=/home/ash/turtle_bot_chaser/install/turtle_catch_em_all/lib/python3.12/site-packages:${PYTHONPATH} /usr/bin/cmake --build /home/ash/turtle_bot_chaser/build/turtle_bringup -- -j7 -l7
[0.064s] Invoked command in '/home/ash/turtle_bot_chaser/build/turtle_bringup' returned '0': AMENT_PREFIX_PATH=/home/ash/turtle_bot_chaser/install/turtle_catch_em_all:${AMENT_PREFIX_PATH} CMAKE_PREFIX_PATH=${CMAKE_PREFIX_PATH}:/home/ash/ros2_ws/install/project:/home/ash/ros2_ws/install/my_py_pkg:/home/ash/ros2_ws/install/activity4:/home/ash/ros2_ws/install/activity2:/opt/ros/jazzy DEBUGINFOD_URLS=https://debuginfod.ubuntu.com PYTHONPATH=/home/ash/turtle_bot_chaser/install/turtle_catch_em_all/lib/python3.12/site-packages:${PYTHONPATH} /usr/bin/cmake --build /home/ash/turtle_bot_chaser/build/turtle_bringup -- -j7 -l7
[0.065s] Invoking command in '/home/ash/turtle_bot_chaser/build/turtle_bringup': AMENT_PREFIX_PATH=/home/ash/turtle_bot_chaser/install/turtle_catch_em_all:${AMENT_PREFIX_PATH} CMAKE_PREFIX_PATH=${CMAKE_PREFIX_PATH}:/home/ash/ros2_ws/install/project:/home/ash/ros2_ws/install/my_py_pkg:/home/ash/ros2_ws/install/activity4:/home/ash/ros2_ws/install/activity2:/opt/ros/jazzy DEBUGINFOD_URLS=https://debuginfod.ubuntu.com PYTHONPATH=/home/ash/turtle_bot_chaser/install/turtle_catch_em_all/lib/python3.12/site-packages:${PYTHONPATH} /usr/bin/cmake --install /home/ash/turtle_bot_chaser/build/turtle_bringup
[0.077s] -- Install configuration: ""
[0.077s] -- Up-to-date: /home/ash/turtle_bot_chaser/install/turtle_bringup/share/turtle_bringup//launch
[0.077s] -- Up-to-date: /home/ash/turtle_bot_chaser/install/turtle_bringup/share/turtle_bringup//launch/turtle_catch_em_all.launch.xml
[0.077s] -- Up-to-date: /home/ash/turtle_bot_chaser/install/turtle_bringup/share/turtle_bringup//config
[0.077s] -- Up-to-date: /home/ash/turtle_bot_chaser/install/turtle_bringup/share/turtle_bringup//config/turtle_catch_em_all.yaml
[0.077s] -- Up-to-date: /home/ash/turtle_bot_chaser/install/turtle_bringup/share/ament_index/resource_index/package_run_dependencies/turtle_bringup
[0.078s] -- Up-to-date: /home/ash/turtle_bot_chaser/install/turtle_bringup/share/ament_index/resource_index/parent_prefix_path/turtle_bringup
[0.078s] -- Up-to-date: /home/ash/turtle_bot_chaser/install/turtle_bringup/share/turtle_bringup/environment/ament_prefix_path.sh
[0.078s] -- Up-to-date: /home/ash/turtle_bot_chaser/install/turtle_bringup/share/turtle_bringup/environment/ament_prefix_path.dsv
[0.078s] -- Up-to-date: /home/ash/turtle_bot_chaser/install/turtle_bringup/share/turtle_bringup/environment/path.sh
[0.078s] -- Up-to-date: /home/ash/turtle_bot_chaser/install/turtle_bringup/share/turtle_bringup/environment/path.dsv
[0.078s] -- Up-to-date: /home/ash/turtle_bot_chaser/install/turtle_bringup/share/turtle_bringup/local_setup.bash
[0.079s] -- Up-to-date: /home/ash/turtle_bot_chaser/install/turtle_bringup/share/turtle_bringup/local_setup.sh
[0.079s] -- Up-to-date: /home/ash/turtle_bot_chaser/install/turtle_bringup/share/turtle_bringup/local_setup.zsh
[0.079s] -- Up-to-date: /home/ash/turtle_bot_chaser/install/turtle_bringup/share/turtle_bringup/local_setup.dsv
[0.079s] -- Up-to-date: /home/ash/turtle_bot_chaser/install/turtle_bringup/share/turtle_bringup/package.dsv
[0.079s] -- Up-to-date: /home/ash/turtle_bot_chaser/install/turtle_bringup/share/ament_index/resource_index/packages/turtle_bringup
[0.079s] -- Up-to-date: /home/ash/turtle_bot_chaser/install/turtle_bringup/share/turtle_bringup/cmake/turtle_bringupConfig.cmake
[0.079s] -- Up-to-date: /home/ash/turtle_bot_chaser/install/turtle_bringup/share/turtle_bringup/cmake/turtle_bringupConfig-version.cmake
[0.079s] -- Up-to-date: /home/ash/turtle_bot_chaser/install/turtle_bringup/share/turtle_bringup/package.xml
[0.082s] Invoked command in '/home/ash/turtle_bot_chaser/build/turtle_bringup' returned '0': AMENT_PREFIX_PATH=/home/ash/turtle_bot_chaser/install/turtle_catch_em_all:${AMENT_PREFIX_PATH} CMAKE_PREFIX_PATH=${CMAKE_PREFIX_PATH}:/home/ash/ros2_ws/install/project:/home/ash/ros2_ws/install/my_py_pkg:/home/ash/ros2_ws/install/activity4:/home/ash/ros2_ws/install/activity2:/opt/ros/jazzy DEBUGINFOD_URLS=https://debuginfod.ubuntu.com PYTHONPATH=/home/ash/turtle_bot_chaser/install/turtle_catch_em_all/lib/python3.12/site-packages:${PYTHONPATH} /usr/bin/cmake --install /home/ash/turtle_bot_chaser/build/turtle_bringup
