-- Install configuration: ""
-- Up-to-date: /home/ash/turtle_bot_chaser/install/turtle_bringup/share/turtle_bringup//launch
-- Installing: /home/ash/turtle_bot_chaser/install/turtle_bringup/share/turtle_bringup//launch/turtle_catch_em_all.launch.xml
-- Up-to-date: /home/ash/turtle_bot_chaser/install/turtle_bringup/share/turtle_bringup//config
-- Up-to-date: /home/ash/turtle_bot_chaser/install/turtle_bringup/share/turtle_bringup//config/turtle_catch_em_all.yaml
-- Up-to-date: /home/ash/turtle_bot_chaser/install/turtle_bringup/share/ament_index/resource_index/package_run_dependencies/turtle_bringup
-- Up-to-date: /home/ash/turtle_bot_chaser/install/turtle_bringup/share/ament_index/resource_index/parent_prefix_path/turtle_bringup
-- Up-to-date: /home/ash/turtle_bot_chaser/install/turtle_bringup/share/turtle_bringup/environment/ament_prefix_path.sh
-- Up-to-date: /home/ash/turtle_bot_chaser/install/turtle_bringup/share/turtle_bringup/environment/ament_prefix_path.dsv
-- Up-to-date: /home/ash/turtle_bot_chaser/install/turtle_bringup/share/turtle_bringup/environment/path.sh
-- Up-to-date: /home/ash/turtle_bot_chaser/install/turtle_bringup/share/turtle_bringup/environment/path.dsv
-- Up-to-date: /home/ash/turtle_bot_chaser/install/turtle_bringup/share/turtle_bringup/local_setup.bash
-- Up-to-date: /home/ash/turtle_bot_chaser/install/turtle_bringup/share/turtle_bringup/local_setup.sh
-- Up-to-date: /home/ash/turtle_bot_chaser/install/turtle_bringup/share/turtle_bringup/local_setup.zsh
-- Up-to-date: /home/ash/turtle_bot_chaser/install/turtle_bringup/share/turtle_bringup/local_setup.dsv
-- Installing: /home/ash/turtle_bot_chaser/install/turtle_bringup/share/turtle_bringup/package.dsv
-- Up-to-date: /home/ash/turtle_bot_chaser/install/turtle_bringup/share/ament_index/resource_index/packages/turtle_bringup
-- Up-to-date: /home/ash/turtle_bot_chaser/install/turtle_bringup/share/turtle_bringup/cmake/turtle_bringupConfig.cmake
-- Up-to-date: /home/ash/turtle_bot_chaser/install/turtle_bringup/share/turtle_bringup/cmake/turtle_bringupConfig-version.cmake
-- Up-to-date: /home/ash/turtle_bot_chaser/install/turtle_bringup/share/turtle_bringup/package.xml
