[0.733s] Invoking command in '/home/ash/turtle_bot_chaser/src/turtle_catch_em_all': DEBUGINFOD_URLS=https://debuginfod.ubuntu.com PYTHONPATH=/home/ash/turtle_bot_chaser/build/turtle_catch_em_all/prefix_override:/usr/lib/python3/dist-packages/colcon_core/task/python/colcon_distutils_commands:/home/ash/turtle_bot_chaser/install/turtle_catch_em_all/lib/python3.12/site-packages:${PYTHONPATH} /usr/bin/python3 -W ignore:setup.py install is deprecated -W ignore:easy_install command is deprecated setup.py egg_info --egg-base ../../build/turtle_catch_em_all build --build-base /home/ash/turtle_bot_chaser/build/turtle_catch_em_all/build install --record /home/ash/turtle_bot_chaser/build/turtle_catch_em_all/install.log --single-version-externally-managed install_data
[0.927s] running egg_info
[0.944s] writing ../../build/turtle_catch_em_all/turtle_catch_em_all.egg-info/PKG-INFO
[0.944s] writing dependency_links to ../../build/turtle_catch_em_all/turtle_catch_em_all.egg-info/dependency_links.txt
[0.944s] writing entry points to ../../build/turtle_catch_em_all/turtle_catch_em_all.egg-info/entry_points.txt
[0.945s] writing requirements to ../../build/turtle_catch_em_all/turtle_catch_em_all.egg-info/requires.txt
[0.945s] writing top-level names to ../../build/turtle_catch_em_all/turtle_catch_em_all.egg-info/top_level.txt
[0.974s] reading manifest file '../../build/turtle_catch_em_all/turtle_catch_em_all.egg-info/SOURCES.txt'
[0.975s] writing manifest file '../../build/turtle_catch_em_all/turtle_catch_em_all.egg-info/SOURCES.txt'
[0.975s] running build
[0.975s] running build_py
[0.975s] running install
[0.980s] running install_lib
[0.995s] running install_data
[0.995s] running install_egg_info
[1.008s] removing '/home/ash/turtle_bot_chaser/install/turtle_catch_em_all/lib/python3.12/site-packages/turtle_catch_em_all-0.0.0-py3.12.egg-info' (and everything under it)
[1.008s] Copying ../../build/turtle_catch_em_all/turtle_catch_em_all.egg-info to /home/ash/turtle_bot_chaser/install/turtle_catch_em_all/lib/python3.12/site-packages/turtle_catch_em_all-0.0.0-py3.12.egg-info
[1.009s] running install_scripts
[1.106s] Installing turtle_controller script to /home/ash/turtle_bot_chaser/install/turtle_catch_em_all/lib/turtle_catch_em_all
[1.107s] Installing turtle_monitor script to /home/ash/turtle_bot_chaser/install/turtle_catch_em_all/lib/turtle_catch_em_all
[1.107s] Installing turtle_spawner script to /home/ash/turtle_bot_chaser/install/turtle_catch_em_all/lib/turtle_catch_em_all
[1.107s] writing list of installed files to '/home/ash/turtle_bot_chaser/build/turtle_catch_em_all/install.log'
[1.135s] Invoked command in '/home/ash/turtle_bot_chaser/src/turtle_catch_em_all' returned '0': DEBUGINFOD_URLS=https://debuginfod.ubuntu.com PYTHONPATH=/home/ash/turtle_bot_chaser/build/turtle_catch_em_all/prefix_override:/usr/lib/python3/dist-packages/colcon_core/task/python/colcon_distutils_commands:/home/ash/turtle_bot_chaser/install/turtle_catch_em_all/lib/python3.12/site-packages:${PYTHONPATH} /usr/bin/python3 -W ignore:setup.py install is deprecated -W ignore:easy_install command is deprecated setup.py egg_info --egg-base ../../build/turtle_catch_em_all build --build-base /home/ash/turtle_bot_chaser/build/turtle_catch_em_all/build install --record /home/ash/turtle_bot_chaser/build/turtle_catch_em_all/install.log --single-version-externally-managed install_data
