[0.087s] DEBUG:colcon:Command line arguments: ['/usr/bin/colcon', 'build', '--packages-select', 'turtle_interfaces']
[0.087s] DEBUG:colcon:Parsed command line arguments: Namespace(log_base=None, log_level=None, verb_name='build', build_base='build', install_base='install', merge_install=False, symlink_install=False, test_result_base=None, continue_on_error=False, executor='parallel', parallel_workers=7, event_handlers=None, ignore_user_meta=False, metas=['./colcon.meta'], base_paths=['.'], packages_ignore=None, packages_ignore_regex=None, paths=None, packages_up_to=None, packages_up_to_regex=None, packages_above=None, packages_above_and_dependencies=None, packages_above_depth=None, packages_select_by_dep=None, packages_skip_by_dep=None, packages_skip_up_to=None, packages_select_build_failed=False, packages_skip_build_finished=False, packages_select_test_failures=False, packages_skip_test_passed=False, packages_select=['turtle_interfaces'], packages_skip=None, packages_select_regex=None, packages_skip_regex=None, packages_start=None, packages_end=None, allow_overriding=[], cmake_args=None, cmake_target=None, cmake_target_skip_unavailable=False, cmake_clean_cache=False, cmake_clean_first=False, cmake_force_configure=False, ament_cmake_args=None, catkin_cmake_args=None, catkin_skip_building_tests=False, mixin_files=None, mixin=None, verb_parser=<colcon_mixin.mixin.mixin_argument.MixinArgumentDecorator object at 0x79792a330f20>, verb_extension=<colcon_core.verb.build.BuildVerb object at 0x79792a507a70>, main=<bound method BuildVerb.main of <colcon_core.verb.build.BuildVerb object at 0x79792a507a70>>, mixin_verb=('build',))
[0.118s] Level 1:colcon.colcon_core.package_discovery:discover_packages(colcon_meta) check parameters
[0.118s] Level 1:colcon.colcon_core.package_discovery:discover_packages(recursive) check parameters
[0.118s] Level 1:colcon.colcon_core.package_discovery:discover_packages(ignore) check parameters
[0.118s] Level 1:colcon.colcon_core.package_discovery:discover_packages(path) check parameters
[0.118s] Level 1:colcon.colcon_core.package_discovery:discover_packages(colcon_meta) discover
[0.118s] Level 1:colcon.colcon_core.package_discovery:discover_packages(recursive) discover
[0.118s] INFO:colcon.colcon_core.package_discovery:Crawling recursively for packages in '/home/ash/turtle_bot_chaser'
[0.118s] Level 1:colcon.colcon_core.package_identification:_identify(.) by extensions ['ignore', 'ignore_ament_install']
[0.119s] Level 1:colcon.colcon_core.package_identification:_identify(.) by extension 'ignore'
[0.119s] Level 1:colcon.colcon_core.package_identification:_identify(.) by extension 'ignore_ament_install'
[0.119s] Level 1:colcon.colcon_core.package_identification:_identify(.) by extensions ['colcon_pkg']
[0.119s] Level 1:colcon.colcon_core.package_identification:_identify(.) by extension 'colcon_pkg'
[0.119s] Level 1:colcon.colcon_core.package_identification:_identify(.) by extensions ['colcon_meta']
[0.119s] Level 1:colcon.colcon_core.package_identification:_identify(.) by extension 'colcon_meta'
[0.119s] Level 1:colcon.colcon_core.package_identification:_identify(.) by extensions ['ros']
[0.119s] Level 1:colcon.colcon_core.package_identification:_identify(.) by extension 'ros'
[0.140s] Level 1:colcon.colcon_core.package_identification:_identify(.) by extensions ['cmake', 'python']
[0.141s] Level 1:colcon.colcon_core.package_identification:_identify(.) by extension 'cmake'
[0.141s] Level 1:colcon.colcon_core.package_identification:_identify(.) by extension 'python'
[0.141s] Level 1:colcon.colcon_core.package_identification:_identify(.) by extensions ['python_setup_py']
[0.141s] Level 1:colcon.colcon_core.package_identification:_identify(.) by extension 'python_setup_py'
[0.141s] Level 1:colcon.colcon_core.package_identification:_identify(build) by extensions ['ignore', 'ignore_ament_install']
[0.141s] Level 1:colcon.colcon_core.package_identification:_identify(build) by extension 'ignore'
[0.141s] Level 1:colcon.colcon_core.package_identification:_identify(build) ignored
[0.141s] Level 1:colcon.colcon_core.package_identification:_identify(install) by extensions ['ignore', 'ignore_ament_install']
[0.141s] Level 1:colcon.colcon_core.package_identification:_identify(install) by extension 'ignore'
[0.141s] Level 1:colcon.colcon_core.package_identification:_identify(install) ignored
[0.141s] Level 1:colcon.colcon_core.package_identification:_identify(log) by extensions ['ignore', 'ignore_ament_install']
[0.141s] Level 1:colcon.colcon_core.package_identification:_identify(log) by extension 'ignore'
[0.141s] Level 1:colcon.colcon_core.package_identification:_identify(log) ignored
[0.141s] Level 1:colcon.colcon_core.package_identification:_identify(src) by extensions ['ignore', 'ignore_ament_install']
[0.141s] Level 1:colcon.colcon_core.package_identification:_identify(src) by extension 'ignore'
[0.141s] Level 1:colcon.colcon_core.package_identification:_identify(src) by extension 'ignore_ament_install'
[0.141s] Level 1:colcon.colcon_core.package_identification:_identify(src) by extensions ['colcon_pkg']
[0.141s] Level 1:colcon.colcon_core.package_identification:_identify(src) by extension 'colcon_pkg'
[0.141s] Level 1:colcon.colcon_core.package_identification:_identify(src) by extensions ['colcon_meta']
[0.141s] Level 1:colcon.colcon_core.package_identification:_identify(src) by extension 'colcon_meta'
[0.141s] Level 1:colcon.colcon_core.package_identification:_identify(src) by extensions ['ros']
[0.141s] Level 1:colcon.colcon_core.package_identification:_identify(src) by extension 'ros'
[0.142s] Level 1:colcon.colcon_core.package_identification:_identify(src) by extensions ['cmake', 'python']
[0.142s] Level 1:colcon.colcon_core.package_identification:_identify(src) by extension 'cmake'
[0.142s] Level 1:colcon.colcon_core.package_identification:_identify(src) by extension 'python'
[0.142s] Level 1:colcon.colcon_core.package_identification:_identify(src) by extensions ['python_setup_py']
[0.142s] Level 1:colcon.colcon_core.package_identification:_identify(src) by extension 'python_setup_py'
[0.142s] Level 1:colcon.colcon_core.package_identification:_identify(src/turtle_bringup) by extensions ['ignore', 'ignore_ament_install']
[0.142s] Level 1:colcon.colcon_core.package_identification:_identify(src/turtle_bringup) by extension 'ignore'
[0.142s] Level 1:colcon.colcon_core.package_identification:_identify(src/turtle_bringup) by extension 'ignore_ament_install'
[0.142s] Level 1:colcon.colcon_core.package_identification:_identify(src/turtle_bringup) by extensions ['colcon_pkg']
[0.142s] Level 1:colcon.colcon_core.package_identification:_identify(src/turtle_bringup) by extension 'colcon_pkg'
[0.142s] Level 1:colcon.colcon_core.package_identification:_identify(src/turtle_bringup) by extensions ['colcon_meta']
[0.142s] Level 1:colcon.colcon_core.package_identification:_identify(src/turtle_bringup) by extension 'colcon_meta'
[0.142s] Level 1:colcon.colcon_core.package_identification:_identify(src/turtle_bringup) by extensions ['ros']
[0.142s] Level 1:colcon.colcon_core.package_identification:_identify(src/turtle_bringup) by extension 'ros'
[0.144s] DEBUG:colcon.colcon_core.package_identification:Package 'src/turtle_bringup' with type 'ros.ament_cmake' and name 'turtle_bringup'
[0.144s] Level 1:colcon.colcon_core.package_identification:_identify(src/turtle_catch_em_all) by extensions ['ignore', 'ignore_ament_install']
[0.144s] Level 1:colcon.colcon_core.package_identification:_identify(src/turtle_catch_em_all) by extension 'ignore'
[0.144s] Level 1:colcon.colcon_core.package_identification:_identify(src/turtle_catch_em_all) by extension 'ignore_ament_install'
[0.144s] Level 1:colcon.colcon_core.package_identification:_identify(src/turtle_catch_em_all) by extensions ['colcon_pkg']
[0.144s] Level 1:colcon.colcon_core.package_identification:_identify(src/turtle_catch_em_all) by extension 'colcon_pkg'
[0.144s] Level 1:colcon.colcon_core.package_identification:_identify(src/turtle_catch_em_all) by extensions ['colcon_meta']
[0.144s] Level 1:colcon.colcon_core.package_identification:_identify(src/turtle_catch_em_all) by extension 'colcon_meta'
[0.144s] Level 1:colcon.colcon_core.package_identification:_identify(src/turtle_catch_em_all) by extensions ['ros']
[0.144s] Level 1:colcon.colcon_core.package_identification:_identify(src/turtle_catch_em_all) by extension 'ros'
[0.145s] DEBUG:colcon.colcon_core.package_identification:Package 'src/turtle_catch_em_all' with type 'ros.ament_python' and name 'turtle_catch_em_all'
[0.145s] Level 1:colcon.colcon_core.package_identification:_identify(src/turtle_interfaces) by extensions ['ignore', 'ignore_ament_install']
[0.145s] Level 1:colcon.colcon_core.package_identification:_identify(src/turtle_interfaces) by extension 'ignore'
[0.145s] Level 1:colcon.colcon_core.package_identification:_identify(src/turtle_interfaces) by extension 'ignore_ament_install'
[0.145s] Level 1:colcon.colcon_core.package_identification:_identify(src/turtle_interfaces) by extensions ['colcon_pkg']
[0.145s] Level 1:colcon.colcon_core.package_identification:_identify(src/turtle_interfaces) by extension 'colcon_pkg'
[0.145s] Level 1:colcon.colcon_core.package_identification:_identify(src/turtle_interfaces) by extensions ['colcon_meta']
[0.145s] Level 1:colcon.colcon_core.package_identification:_identify(src/turtle_interfaces) by extension 'colcon_meta'
[0.145s] Level 1:colcon.colcon_core.package_identification:_identify(src/turtle_interfaces) by extensions ['ros']
[0.145s] Level 1:colcon.colcon_core.package_identification:_identify(src/turtle_interfaces) by extension 'ros'
[0.145s] DEBUG:colcon.colcon_core.package_identification:Package 'src/turtle_interfaces' with type 'ros.ament_cmake' and name 'turtle_interfaces'
[0.145s] Level 1:colcon.colcon_core.package_discovery:discover_packages(recursive) using defaults
[0.146s] Level 1:colcon.colcon_core.package_discovery:discover_packages(ignore) discover
[0.146s] Level 1:colcon.colcon_core.package_discovery:discover_packages(ignore) using defaults
[0.146s] Level 1:colcon.colcon_core.package_discovery:discover_packages(path) discover
[0.146s] Level 1:colcon.colcon_core.package_discovery:discover_packages(path) using defaults
[0.162s] INFO:colcon.colcon_core.package_selection:Skipping not selected package 'turtle_catch_em_all' in 'src/turtle_catch_em_all'
[0.162s] INFO:colcon.colcon_core.package_selection:Skipping not selected package 'turtle_bringup' in 'src/turtle_bringup'
[0.162s] Level 1:colcon.colcon_core.package_discovery:discover_packages(prefix_path) check parameters
[0.162s] Level 1:colcon.colcon_core.package_discovery:discover_packages(prefix_path) discover
[0.164s] DEBUG:colcon.colcon_installed_package_information.package_discovery:Found 6 installed packages in /home/ash/ros2_ws/install
[0.165s] DEBUG:colcon.colcon_installed_package_information.package_discovery:Found 285 installed packages in /opt/ros/jazzy
[0.166s] Level 1:colcon.colcon_core.package_discovery:discover_packages(prefix_path) using defaults
[0.195s] Level 5:colcon.colcon_core.verb:set package 'turtle_interfaces' build argument 'cmake_args' from command line to 'None'
[0.195s] Level 5:colcon.colcon_core.verb:set package 'turtle_interfaces' build argument 'cmake_target' from command line to 'None'
[0.195s] Level 5:colcon.colcon_core.verb:set package 'turtle_interfaces' build argument 'cmake_target_skip_unavailable' from command line to 'False'
[0.195s] Level 5:colcon.colcon_core.verb:set package 'turtle_interfaces' build argument 'cmake_clean_cache' from command line to 'False'
[0.195s] Level 5:colcon.colcon_core.verb:set package 'turtle_interfaces' build argument 'cmake_clean_first' from command line to 'False'
[0.195s] Level 5:colcon.colcon_core.verb:set package 'turtle_interfaces' build argument 'cmake_force_configure' from command line to 'False'
[0.195s] Level 5:colcon.colcon_core.verb:set package 'turtle_interfaces' build argument 'ament_cmake_args' from command line to 'None'
[0.195s] Level 5:colcon.colcon_core.verb:set package 'turtle_interfaces' build argument 'catkin_cmake_args' from command line to 'None'
[0.195s] Level 5:colcon.colcon_core.verb:set package 'turtle_interfaces' build argument 'catkin_skip_building_tests' from command line to 'False'
[0.196s] DEBUG:colcon.colcon_core.verb:Building package 'turtle_interfaces' with the following arguments: {'ament_cmake_args': None, 'build_base': '/home/ash/turtle_bot_chaser/build/turtle_interfaces', 'catkin_cmake_args': None, 'catkin_skip_building_tests': False, 'cmake_args': None, 'cmake_clean_cache': False, 'cmake_clean_first': False, 'cmake_force_configure': False, 'cmake_target': None, 'cmake_target_skip_unavailable': False, 'install_base': '/home/ash/turtle_bot_chaser/install/turtle_interfaces', 'merge_install': False, 'path': '/home/ash/turtle_bot_chaser/src/turtle_interfaces', 'symlink_install': False, 'test_result_base': None}
[0.196s] INFO:colcon.colcon_core.executor:Executing jobs using 'parallel' executor
[0.197s] DEBUG:colcon.colcon_parallel_executor.executor.parallel:run_until_complete
[0.197s] INFO:colcon.colcon_ros.task.ament_cmake.build:Building ROS package in '/home/ash/turtle_bot_chaser/src/turtle_interfaces' with build type 'ament_cmake'
[0.198s] INFO:colcon.colcon_cmake.task.cmake.build:Building CMake package in '/home/ash/turtle_bot_chaser/src/turtle_interfaces'
[0.200s] INFO:colcon.colcon_core.plugin_system:Skipping extension 'colcon_core.shell.bat': Not used on non-Windows systems
[0.201s] INFO:colcon.colcon_core.shell:Skip shell extension 'powershell' for command environment: Not usable outside of PowerShell
[0.201s] DEBUG:colcon.colcon_core.shell:Skip shell extension 'dsv' for command environment
[0.217s] DEBUG:colcon.colcon_core.event_handler.log_command:Invoking command in '/home/ash/turtle_bot_chaser/build/turtle_interfaces': CMAKE_PREFIX_PATH=${CMAKE_PREFIX_PATH}:/home/ash/ros2_ws/install/project:/home/ash/ros2_ws/install/my_py_pkg:/home/ash/ros2_ws/install/activity4:/home/ash/ros2_ws/install/activity2:/opt/ros/jazzy DEBUGINFOD_URLS=https://debuginfod.ubuntu.com /usr/bin/cmake /home/ash/turtle_bot_chaser/src/turtle_interfaces -DCMAKE_INSTALL_PREFIX=/home/ash/turtle_bot_chaser/install/turtle_interfaces
[3.440s] DEBUG:colcon.colcon_core.event_handler.log_command:Invoked command in '/home/ash/turtle_bot_chaser/build/turtle_interfaces' returned '0': CMAKE_PREFIX_PATH=${CMAKE_PREFIX_PATH}:/home/ash/ros2_ws/install/project:/home/ash/ros2_ws/install/my_py_pkg:/home/ash/ros2_ws/install/activity4:/home/ash/ros2_ws/install/activity2:/opt/ros/jazzy DEBUGINFOD_URLS=https://debuginfod.ubuntu.com /usr/bin/cmake /home/ash/turtle_bot_chaser/src/turtle_interfaces -DCMAKE_INSTALL_PREFIX=/home/ash/turtle_bot_chaser/install/turtle_interfaces
[3.442s] DEBUG:colcon.colcon_core.event_handler.log_command:Invoking command in '/home/ash/turtle_bot_chaser/build/turtle_interfaces': CMAKE_PREFIX_PATH=${CMAKE_PREFIX_PATH}:/home/ash/ros2_ws/install/project:/home/ash/ros2_ws/install/my_py_pkg:/home/ash/ros2_ws/install/activity4:/home/ash/ros2_ws/install/activity2:/opt/ros/jazzy DEBUGINFOD_URLS=https://debuginfod.ubuntu.com /usr/bin/cmake --build /home/ash/turtle_bot_chaser/build/turtle_interfaces -- -j7 -l7
[7.461s] DEBUG:colcon.colcon_core.event_handler.log_command:Invoked command in '/home/ash/turtle_bot_chaser/build/turtle_interfaces' returned '0': CMAKE_PREFIX_PATH=${CMAKE_PREFIX_PATH}:/home/ash/ros2_ws/install/project:/home/ash/ros2_ws/install/my_py_pkg:/home/ash/ros2_ws/install/activity4:/home/ash/ros2_ws/install/activity2:/opt/ros/jazzy DEBUGINFOD_URLS=https://debuginfod.ubuntu.com /usr/bin/cmake --build /home/ash/turtle_bot_chaser/build/turtle_interfaces -- -j7 -l7
[7.478s] DEBUG:colcon.colcon_core.event_handler.log_command:Invoking command in '/home/ash/turtle_bot_chaser/build/turtle_interfaces': CMAKE_PREFIX_PATH=${CMAKE_PREFIX_PATH}:/home/ash/ros2_ws/install/project:/home/ash/ros2_ws/install/my_py_pkg:/home/ash/ros2_ws/install/activity4:/home/ash/ros2_ws/install/activity2:/opt/ros/jazzy DEBUGINFOD_URLS=https://debuginfod.ubuntu.com /usr/bin/cmake --install /home/ash/turtle_bot_chaser/build/turtle_interfaces
[7.600s] Level 1:colcon.colcon_core.environment:create_environment_scripts_only(turtle_interfaces)
[7.602s] DEBUG:colcon.colcon_core.event_handler.log_command:Invoked command in '/home/ash/turtle_bot_chaser/build/turtle_interfaces' returned '0': CMAKE_PREFIX_PATH=${CMAKE_PREFIX_PATH}:/home/ash/ros2_ws/install/project:/home/ash/ros2_ws/install/my_py_pkg:/home/ash/ros2_ws/install/activity4:/home/ash/ros2_ws/install/activity2:/opt/ros/jazzy DEBUGINFOD_URLS=https://debuginfod.ubuntu.com /usr/bin/cmake --install /home/ash/turtle_bot_chaser/build/turtle_interfaces
[7.603s] Level 1:colcon.colcon_core.environment:checking '/home/ash/turtle_bot_chaser/install/turtle_interfaces' for CMake module files
[7.604s] Level 1:colcon.colcon_core.environment:checking '/home/ash/turtle_bot_chaser/install/turtle_interfaces' for CMake config files
[7.604s] Level 1:colcon.colcon_core.shell:create_environment_hook('turtle_interfaces', 'cmake_prefix_path')
[7.604s] INFO:colcon.colcon_core.shell:Creating environment hook '/home/ash/turtle_bot_chaser/install/turtle_interfaces/share/turtle_interfaces/hook/cmake_prefix_path.ps1'
[7.605s] INFO:colcon.colcon_core.shell:Creating environment descriptor '/home/ash/turtle_bot_chaser/install/turtle_interfaces/share/turtle_interfaces/hook/cmake_prefix_path.dsv'
[7.605s] INFO:colcon.colcon_core.shell:Creating environment hook '/home/ash/turtle_bot_chaser/install/turtle_interfaces/share/turtle_interfaces/hook/cmake_prefix_path.sh'
[7.606s] Level 1:colcon.colcon_core.environment:checking '/home/ash/turtle_bot_chaser/install/turtle_interfaces/lib'
[7.606s] Level 1:colcon.colcon_core.shell:create_environment_hook('turtle_interfaces', 'ld_library_path_lib')
[7.606s] INFO:colcon.colcon_core.shell:Creating environment hook '/home/ash/turtle_bot_chaser/install/turtle_interfaces/share/turtle_interfaces/hook/ld_library_path_lib.ps1'
[7.606s] INFO:colcon.colcon_core.shell:Creating environment descriptor '/home/ash/turtle_bot_chaser/install/turtle_interfaces/share/turtle_interfaces/hook/ld_library_path_lib.dsv'
[7.607s] INFO:colcon.colcon_core.shell:Creating environment hook '/home/ash/turtle_bot_chaser/install/turtle_interfaces/share/turtle_interfaces/hook/ld_library_path_lib.sh'
[7.607s] Level 1:colcon.colcon_core.environment:checking '/home/ash/turtle_bot_chaser/install/turtle_interfaces/bin'
[7.607s] Level 1:colcon.colcon_core.environment:checking '/home/ash/turtle_bot_chaser/install/turtle_interfaces/lib/pkgconfig/turtle_interfaces.pc'
[7.607s] Level 1:colcon.colcon_core.environment:checking '/home/ash/turtle_bot_chaser/install/turtle_interfaces/lib/python3.12/site-packages'
[7.607s] Level 1:colcon.colcon_core.shell:create_environment_hook('turtle_interfaces', 'pythonpath')
[7.607s] INFO:colcon.colcon_core.shell:Creating environment hook '/home/ash/turtle_bot_chaser/install/turtle_interfaces/share/turtle_interfaces/hook/pythonpath.ps1'
[7.607s] INFO:colcon.colcon_core.shell:Creating environment descriptor '/home/ash/turtle_bot_chaser/install/turtle_interfaces/share/turtle_interfaces/hook/pythonpath.dsv'
[7.608s] INFO:colcon.colcon_core.shell:Creating environment hook '/home/ash/turtle_bot_chaser/install/turtle_interfaces/share/turtle_interfaces/hook/pythonpath.sh'
[7.608s] Level 1:colcon.colcon_core.environment:checking '/home/ash/turtle_bot_chaser/install/turtle_interfaces/bin'
[7.608s] INFO:colcon.colcon_core.shell:Creating package script '/home/ash/turtle_bot_chaser/install/turtle_interfaces/share/turtle_interfaces/package.ps1'
[7.609s] INFO:colcon.colcon_core.shell:Creating package descriptor '/home/ash/turtle_bot_chaser/install/turtle_interfaces/share/turtle_interfaces/package.dsv'
[7.610s] INFO:colcon.colcon_core.shell:Creating package script '/home/ash/turtle_bot_chaser/install/turtle_interfaces/share/turtle_interfaces/package.sh'
[7.610s] INFO:colcon.colcon_core.shell:Creating package script '/home/ash/turtle_bot_chaser/install/turtle_interfaces/share/turtle_interfaces/package.bash'
[7.611s] INFO:colcon.colcon_core.shell:Creating package script '/home/ash/turtle_bot_chaser/install/turtle_interfaces/share/turtle_interfaces/package.zsh'
[7.611s] Level 1:colcon.colcon_core.environment:create_file_with_runtime_dependencies(/home/ash/turtle_bot_chaser/install/turtle_interfaces/share/colcon-core/packages/turtle_interfaces)
[7.612s] Level 1:colcon.colcon_core.environment:create_environment_scripts_only(turtle_interfaces)
[7.612s] Level 1:colcon.colcon_core.environment:checking '/home/ash/turtle_bot_chaser/install/turtle_interfaces' for CMake module files
[7.612s] Level 1:colcon.colcon_core.environment:checking '/home/ash/turtle_bot_chaser/install/turtle_interfaces' for CMake config files
[7.612s] Level 1:colcon.colcon_core.shell:create_environment_hook('turtle_interfaces', 'cmake_prefix_path')
[7.612s] INFO:colcon.colcon_core.shell:Creating environment hook '/home/ash/turtle_bot_chaser/install/turtle_interfaces/share/turtle_interfaces/hook/cmake_prefix_path.ps1'
[7.613s] INFO:colcon.colcon_core.shell:Creating environment descriptor '/home/ash/turtle_bot_chaser/install/turtle_interfaces/share/turtle_interfaces/hook/cmake_prefix_path.dsv'
[7.613s] INFO:colcon.colcon_core.shell:Creating environment hook '/home/ash/turtle_bot_chaser/install/turtle_interfaces/share/turtle_interfaces/hook/cmake_prefix_path.sh'
[7.614s] Level 1:colcon.colcon_core.environment:checking '/home/ash/turtle_bot_chaser/install/turtle_interfaces/lib'
[7.614s] Level 1:colcon.colcon_core.shell:create_environment_hook('turtle_interfaces', 'ld_library_path_lib')
[7.614s] INFO:colcon.colcon_core.shell:Creating environment hook '/home/ash/turtle_bot_chaser/install/turtle_interfaces/share/turtle_interfaces/hook/ld_library_path_lib.ps1'
[7.614s] INFO:colcon.colcon_core.shell:Creating environment descriptor '/home/ash/turtle_bot_chaser/install/turtle_interfaces/share/turtle_interfaces/hook/ld_library_path_lib.dsv'
[7.615s] INFO:colcon.colcon_core.shell:Creating environment hook '/home/ash/turtle_bot_chaser/install/turtle_interfaces/share/turtle_interfaces/hook/ld_library_path_lib.sh'
[7.615s] Level 1:colcon.colcon_core.environment:checking '/home/ash/turtle_bot_chaser/install/turtle_interfaces/bin'
[7.615s] Level 1:colcon.colcon_core.environment:checking '/home/ash/turtle_bot_chaser/install/turtle_interfaces/lib/pkgconfig/turtle_interfaces.pc'
[7.615s] Level 1:colcon.colcon_core.environment:checking '/home/ash/turtle_bot_chaser/install/turtle_interfaces/lib/python3.12/site-packages'
[7.615s] Level 1:colcon.colcon_core.shell:create_environment_hook('turtle_interfaces', 'pythonpath')
[7.616s] INFO:colcon.colcon_core.shell:Creating environment hook '/home/ash/turtle_bot_chaser/install/turtle_interfaces/share/turtle_interfaces/hook/pythonpath.ps1'
[7.616s] INFO:colcon.colcon_core.shell:Creating environment descriptor '/home/ash/turtle_bot_chaser/install/turtle_interfaces/share/turtle_interfaces/hook/pythonpath.dsv'
[7.616s] INFO:colcon.colcon_core.shell:Creating environment hook '/home/ash/turtle_bot_chaser/install/turtle_interfaces/share/turtle_interfaces/hook/pythonpath.sh'
[7.617s] Level 1:colcon.colcon_core.environment:checking '/home/ash/turtle_bot_chaser/install/turtle_interfaces/bin'
[7.617s] INFO:colcon.colcon_core.shell:Creating package script '/home/ash/turtle_bot_chaser/install/turtle_interfaces/share/turtle_interfaces/package.ps1'
[7.618s] INFO:colcon.colcon_core.shell:Creating package descriptor '/home/ash/turtle_bot_chaser/install/turtle_interfaces/share/turtle_interfaces/package.dsv'
[7.619s] INFO:colcon.colcon_core.shell:Creating package script '/home/ash/turtle_bot_chaser/install/turtle_interfaces/share/turtle_interfaces/package.sh'
[7.619s] INFO:colcon.colcon_core.shell:Creating package script '/home/ash/turtle_bot_chaser/install/turtle_interfaces/share/turtle_interfaces/package.bash'
[7.619s] INFO:colcon.colcon_core.shell:Creating package script '/home/ash/turtle_bot_chaser/install/turtle_interfaces/share/turtle_interfaces/package.zsh'
[7.620s] Level 1:colcon.colcon_core.environment:create_file_with_runtime_dependencies(/home/ash/turtle_bot_chaser/install/turtle_interfaces/share/colcon-core/packages/turtle_interfaces)
[7.620s] DEBUG:colcon.colcon_parallel_executor.executor.parallel:closing loop
[7.621s] DEBUG:colcon.colcon_parallel_executor.executor.parallel:loop closed
[7.621s] DEBUG:colcon.colcon_parallel_executor.executor.parallel:run_until_complete finished with '0'
[7.621s] DEBUG:colcon.colcon_core.event_reactor:joining thread
[7.628s] INFO:colcon.colcon_core.plugin_system:Skipping extension 'colcon_notification.desktop_notification.terminal_notifier': Not used on non-Darwin systems
[7.628s] INFO:colcon.colcon_core.plugin_system:Skipping extension 'colcon_notification.desktop_notification.win32': Not used on non-Windows systems
[7.628s] INFO:colcon.colcon_notification.desktop_notification:Sending desktop notification using 'notify2'
[7.649s] DEBUG:colcon.colcon_core.event_reactor:joined thread
[7.649s] INFO:colcon.colcon_core.shell:Creating prefix script '/home/ash/turtle_bot_chaser/install/local_setup.ps1'
[7.650s] INFO:colcon.colcon_core.shell:Creating prefix util module '/home/ash/turtle_bot_chaser/install/_local_setup_util_ps1.py'
[7.651s] INFO:colcon.colcon_core.shell:Creating prefix chain script '/home/ash/turtle_bot_chaser/install/setup.ps1'
[7.653s] INFO:colcon.colcon_core.shell:Creating prefix script '/home/ash/turtle_bot_chaser/install/local_setup.sh'
[7.654s] INFO:colcon.colcon_core.shell:Creating prefix util module '/home/ash/turtle_bot_chaser/install/_local_setup_util_sh.py'
[7.655s] INFO:colcon.colcon_core.shell:Creating prefix chain script '/home/ash/turtle_bot_chaser/install/setup.sh'
[7.656s] INFO:colcon.colcon_core.shell:Creating prefix script '/home/ash/turtle_bot_chaser/install/local_setup.bash'
[7.656s] INFO:colcon.colcon_core.shell:Creating prefix chain script '/home/ash/turtle_bot_chaser/install/setup.bash'
[7.657s] INFO:colcon.colcon_core.shell:Creating prefix script '/home/ash/turtle_bot_chaser/install/local_setup.zsh'
[7.658s] INFO:colcon.colcon_core.shell:Creating prefix chain script '/home/ash/turtle_bot_chaser/install/setup.zsh'
