[0.018s] Invoking command in '/home/ash/turtle_bot_chaser/build/turtle_interfaces': CMAKE_PREFIX_PATH=${CMAKE_PREFIX_PATH}:/home/ash/ros2_ws/install/project:/home/ash/ros2_ws/install/my_py_pkg:/home/ash/ros2_ws/install/activity4:/home/ash/ros2_ws/install/activity2:/opt/ros/jazzy DEBUGINFOD_URLS=https://debuginfod.ubuntu.com /usr/bin/cmake /home/ash/turtle_bot_chaser/src/turtle_interfaces -DCMAKE_INSTALL_PREFIX=/home/ash/turtle_bot_chaser/install/turtle_interfaces
[0.093s] -- The C compiler identification is GNU 13.3.0
[0.157s] -- The CXX compiler identification is GNU 13.3.0
[0.181s] -- Detecting C compiler ABI info
[0.310s] -- Detecting C compiler ABI info - done
[0.319s] -- Check for working C compiler: /usr/bin/cc - skipped
[0.319s] -- Detecting C compile features
[0.319s] -- Detecting C compile features - done
[0.333s] -- Detecting CXX compiler ABI info
[0.473s] -- Detecting CXX compiler ABI info - done
[0.481s] -- Check for working CXX compiler: /usr/bin/c++ - skipped
[0.481s] -- Detecting CXX compile features
[0.481s] -- Detecting CXX compile features - done
[0.485s] -- Found ament_cmake: 2.5.4 (/opt/ros/jazzy/share/ament_cmake/cmake)
[0.641s] -- Found Python3: /usr/bin/python3 (found version "3.12.3") found components: Interpreter 
[0.743s] -- Found rosidl_default_generators: 1.6.0 (/opt/ros/jazzy/share/rosidl_default_generators/cmake)
[0.751s] -- Using all available rosidl_typesupport_c: rosidl_typesupport_fastrtps_c;rosidl_typesupport_introspection_c
[0.794s] -- Using all available rosidl_typesupport_cpp: rosidl_typesupport_fastrtps_cpp;rosidl_typesupport_introspection_cpp
[0.832s] -- Found rosidl_adapter: 4.6.5 (/opt/ros/jazzy/share/rosidl_adapter/cmake)
[1.436s] -- Found ament_cmake_ros: 0.12.0 (/opt/ros/jazzy/share/ament_cmake_ros/cmake)
[1.926s] -- Using all available rosidl_typesupport_c: rosidl_typesupport_fastrtps_c;rosidl_typesupport_introspection_c
[2.507s] -- Using all available rosidl_typesupport_cpp: rosidl_typesupport_fastrtps_cpp;rosidl_typesupport_introspection_cpp
[2.510s] -- Found python_cmake_module: 0.11.1 (/opt/ros/jazzy/share/python_cmake_module/cmake)
[2.649s] -- Found PythonExtra: /usr/bin/python3  
[3.103s] -- Found Python3: /usr/bin/python3 (found version "3.12.3") found components: Interpreter Development NumPy Development.Module Development.Embed 
[3.141s] -- Found ament_lint_auto: 0.17.2 (/opt/ros/jazzy/share/ament_lint_auto/cmake)
[3.163s] -- Added test 'lint_cmake' to check CMake code style
[3.164s] -- Added test 'xmllint' to check XML markup files
[3.170s] -- Configuring done (3.1s)
[3.212s] -- Generating done (0.0s)
[3.223s] -- Build files have been written to: /home/ash/turtle_bot_chaser/build/turtle_interfaces
[3.242s] Invoked command in '/home/ash/turtle_bot_chaser/build/turtle_interfaces' returned '0': CMAKE_PREFIX_PATH=${CMAKE_PREFIX_PATH}:/home/ash/ros2_ws/install/project:/home/ash/ros2_ws/install/my_py_pkg:/home/ash/ros2_ws/install/activity4:/home/ash/ros2_ws/install/activity2:/opt/ros/jazzy DEBUGINFOD_URLS=https://debuginfod.ubuntu.com /usr/bin/cmake /home/ash/turtle_bot_chaser/src/turtle_interfaces -DCMAKE_INSTALL_PREFIX=/home/ash/turtle_bot_chaser/install/turtle_interfaces
[3.244s] Invoking command in '/home/ash/turtle_bot_chaser/build/turtle_interfaces': CMAKE_PREFIX_PATH=${CMAKE_PREFIX_PATH}:/home/ash/ros2_ws/install/project:/home/ash/ros2_ws/install/my_py_pkg:/home/ash/ros2_ws/install/activity4:/home/ash/ros2_ws/install/activity2:/opt/ros/jazzy DEBUGINFOD_URLS=https://debuginfod.ubuntu.com /usr/bin/cmake --build /home/ash/turtle_bot_chaser/build/turtle_interfaces -- -j7 -l7
[3.354s] [  1%] [34m[1mGenerating type hashes for ROS interfaces[0m
[3.367s] [  1%] Built target ament_cmake_python_copy_turtle_interfaces
[3.547s] [  1%] Built target turtle_interfaces__rosidl_generator_type_description
[3.552s] running egg_info
[3.552s] creating turtle_interfaces.egg-info
[3.564s] [  3%] [34m[1mGenerating C code for ROS interfaces[0m
[3.570s] writing turtle_interfaces.egg-info/PKG-INFO
[3.570s] writing dependency_links to turtle_interfaces.egg-info/dependency_links.txt
[3.570s] writing top-level names to turtle_interfaces.egg-info/top_level.txt
[3.570s] writing manifest file 'turtle_interfaces.egg-info/SOURCES.txt'
[3.580s] [  4%] [34m[1mGenerating C++ code for ROS interfaces[0m
[3.608s] reading manifest file 'turtle_interfaces.egg-info/SOURCES.txt'
[3.609s] writing manifest file 'turtle_interfaces.egg-info/SOURCES.txt'
[3.647s] [  4%] Built target ament_cmake_python_build_turtle_interfaces_egg
[3.920s] [  4%] Built target turtle_interfaces__cpp
[3.996s] [ 10%] [32mBuilding C object CMakeFiles/turtle_interfaces__rosidl_generator_c.dir/rosidl_generator_c/turtle_interfaces/msg/detail/turtle_array__functions.c.o[0m
[3.996s] [ 10%] [32mBuilding C object CMakeFiles/turtle_interfaces__rosidl_generator_c.dir/rosidl_generator_c/turtle_interfaces/msg/detail/turtle__description.c.o[0m
[3.996s] [ 12%] [32mBuilding C object CMakeFiles/turtle_interfaces__rosidl_generator_c.dir/rosidl_generator_c/turtle_interfaces/msg/detail/turtle__functions.c.o[0m
[3.997s] [ 14%] [32mBuilding C object CMakeFiles/turtle_interfaces__rosidl_generator_c.dir/rosidl_generator_c/turtle_interfaces/msg/detail/turtle_array__description.c.o[0m
[3.997s] [ 15%] [32mBuilding C object CMakeFiles/turtle_interfaces__rosidl_generator_c.dir/rosidl_generator_c/turtle_interfaces/msg/detail/turtle_array__type_support.c.o[0m
[3.997s] [ 15%] [32mBuilding C object CMakeFiles/turtle_interfaces__rosidl_generator_c.dir/rosidl_generator_c/turtle_interfaces/msg/detail/turtle__type_support.c.o[0m
[3.997s] [ 12%] [32mBuilding C object CMakeFiles/turtle_interfaces__rosidl_generator_c.dir/rosidl_generator_c/turtle_interfaces/srv/detail/catch_turtle__description.c.o[0m
[4.044s] [ 17%] [32mBuilding C object CMakeFiles/turtle_interfaces__rosidl_generator_c.dir/rosidl_generator_c/turtle_interfaces/srv/detail/catch_turtle__functions.c.o[0m
[4.050s] [ 18%] [32mBuilding C object CMakeFiles/turtle_interfaces__rosidl_generator_c.dir/rosidl_generator_c/turtle_interfaces/srv/detail/catch_turtle__type_support.c.o[0m
[4.051s] [ 20%] [32mBuilding C object CMakeFiles/turtle_interfaces__rosidl_generator_c.dir/rosidl_generator_c/turtle_interfaces/srv/detail/create_chasers__functions.c.o[0m
[4.057s] [ 21%] [32mBuilding C object CMakeFiles/turtle_interfaces__rosidl_generator_c.dir/rosidl_generator_c/turtle_interfaces/srv/detail/create_chasers__description.c.o[0m
[4.067s] [ 23%] [32mBuilding C object CMakeFiles/turtle_interfaces__rosidl_generator_c.dir/rosidl_generator_c/turtle_interfaces/srv/detail/create_chasers__type_support.c.o[0m
[4.131s] [ 25%] [32m[1mLinking C shared library libturtle_interfaces__rosidl_generator_c.so[0m
[4.189s] [ 25%] Built target turtle_interfaces__rosidl_generator_c
[4.212s] [ 29%] [34m[1mGenerating C type support dispatch for ROS interfaces[0m
[4.212s] [ 31%] [34m[1mGenerating C introspection for ROS interfaces[0m
[4.212s] [ 31%] [34m[1mGenerating C type support for eProsima Fast-RTPS[0m
[4.213s] [ 29%] [34m[1mGenerating C++ type support dispatch for ROS interfaces[0m
[4.213s] [ 32%] [34m[1mGenerating C++ type support for eProsima Fast-RTPS[0m
[4.213s] [ 34%] [34m[1mGenerating C++ introspection for ROS interfaces[0m
[4.505s] [ 35%] [32mBuilding CXX object CMakeFiles/turtle_interfaces__rosidl_typesupport_cpp.dir/rosidl_typesupport_cpp/turtle_interfaces/msg/turtle__type_support.cpp.o[0m
[4.506s] [ 37%] [32mBuilding CXX object CMakeFiles/turtle_interfaces__rosidl_typesupport_cpp.dir/rosidl_typesupport_cpp/turtle_interfaces/msg/turtle_array__type_support.cpp.o[0m
[4.514s] [ 39%] [32mBuilding CXX object CMakeFiles/turtle_interfaces__rosidl_typesupport_c.dir/rosidl_typesupport_c/turtle_interfaces/msg/turtle__type_support.cpp.o[0m
[4.569s] [ 40%] [32mBuilding CXX object CMakeFiles/turtle_interfaces__rosidl_typesupport_c.dir/rosidl_typesupport_c/turtle_interfaces/msg/turtle_array__type_support.cpp.o[0m
[4.616s] [ 42%] [32mBuilding C object CMakeFiles/turtle_interfaces__rosidl_typesupport_introspection_c.dir/rosidl_typesupport_introspection_c/turtle_interfaces/msg/detail/turtle__type_support.c.o[0m
[4.635s] [ 43%] [32mBuilding CXX object CMakeFiles/turtle_interfaces__rosidl_typesupport_introspection_cpp.dir/rosidl_typesupport_introspection_cpp/turtle_interfaces/msg/detail/turtle__type_support.cpp.o[0m
[4.672s] [ 46%] [32mBuilding C object CMakeFiles/turtle_interfaces__rosidl_typesupport_introspection_c.dir/rosidl_typesupport_introspection_c/turtle_interfaces/msg/detail/turtle_array__type_support.c.o[0m
[4.672s] [ 46%] [32mBuilding CXX object CMakeFiles/turtle_interfaces__rosidl_typesupport_c.dir/rosidl_typesupport_c/turtle_interfaces/srv/catch_turtle__type_support.cpp.o[0m
[4.756s] [ 50%] [32mBuilding CXX object CMakeFiles/turtle_interfaces__rosidl_typesupport_c.dir/rosidl_typesupport_c/turtle_interfaces/srv/create_chasers__type_support.cpp.o[0m
[4.756s] [ 50%] [32mBuilding C object CMakeFiles/turtle_interfaces__rosidl_typesupport_introspection_c.dir/rosidl_typesupport_introspection_c/turtle_interfaces/srv/detail/catch_turtle__type_support.c.o[0m
[4.766s] [ 51%] [32mBuilding CXX object CMakeFiles/turtle_interfaces__rosidl_typesupport_fastrtps_cpp.dir/rosidl_typesupport_fastrtps_cpp/turtle_interfaces/msg/detail/dds_fastrtps/turtle__type_support.cpp.o[0m
[4.775s] [ 53%] [32mBuilding CXX object CMakeFiles/turtle_interfaces__rosidl_typesupport_fastrtps_c.dir/rosidl_typesupport_fastrtps_c/turtle_interfaces/msg/detail/turtle__type_support_c.cpp.o[0m
[4.816s] [ 54%] [32mBuilding C object CMakeFiles/turtle_interfaces__rosidl_typesupport_introspection_c.dir/rosidl_typesupport_introspection_c/turtle_interfaces/srv/detail/create_chasers__type_support.c.o[0m
[4.820s] [ 56%] [32m[1mLinking CXX shared library libturtle_interfaces__rosidl_typesupport_c.so[0m
[4.879s] [ 57%] [32mBuilding CXX object CMakeFiles/turtle_interfaces__rosidl_typesupport_fastrtps_cpp.dir/rosidl_typesupport_fastrtps_cpp/turtle_interfaces/msg/detail/dds_fastrtps/turtle_array__type_support.cpp.o[0m
[4.888s] [ 59%] [32m[1mLinking C shared library libturtle_interfaces__rosidl_typesupport_introspection_c.so[0m
[4.893s] [ 59%] Built target turtle_interfaces__rosidl_typesupport_c
[4.919s] [ 60%] [32mBuilding CXX object CMakeFiles/turtle_interfaces__rosidl_typesupport_introspection_cpp.dir/rosidl_typesupport_introspection_cpp/turtle_interfaces/msg/detail/turtle_array__type_support.cpp.o[0m
[4.930s] [ 62%] [32mBuilding CXX object CMakeFiles/turtle_interfaces__rosidl_typesupport_cpp.dir/rosidl_typesupport_cpp/turtle_interfaces/srv/catch_turtle__type_support.cpp.o[0m
[4.983s] [ 62%] Built target turtle_interfaces__rosidl_typesupport_introspection_c
[4.983s] [ 64%] [32mBuilding CXX object CMakeFiles/turtle_interfaces__rosidl_typesupport_fastrtps_cpp.dir/rosidl_typesupport_fastrtps_cpp/turtle_interfaces/srv/detail/dds_fastrtps/catch_turtle__type_support.cpp.o[0m
[5.030s] [ 65%] [32mBuilding CXX object CMakeFiles/turtle_interfaces__rosidl_typesupport_fastrtps_c.dir/rosidl_typesupport_fastrtps_c/turtle_interfaces/msg/detail/turtle_array__type_support_c.cpp.o[0m
[5.275s] [ 67%] [32mBuilding CXX object CMakeFiles/turtle_interfaces__rosidl_typesupport_cpp.dir/rosidl_typesupport_cpp/turtle_interfaces/srv/create_chasers__type_support.cpp.o[0m
[5.285s] [ 68%] [32mBuilding CXX object CMakeFiles/turtle_interfaces__rosidl_typesupport_fastrtps_c.dir/rosidl_typesupport_fastrtps_c/turtle_interfaces/srv/detail/catch_turtle__type_support_c.cpp.o[0m
[5.327s] [ 70%] [32mBuilding CXX object CMakeFiles/turtle_interfaces__rosidl_typesupport_introspection_cpp.dir/rosidl_typesupport_introspection_cpp/turtle_interfaces/srv/detail/catch_turtle__type_support.cpp.o[0m
[5.357s] [ 71%] [32mBuilding CXX object CMakeFiles/turtle_interfaces__rosidl_typesupport_fastrtps_cpp.dir/rosidl_typesupport_fastrtps_cpp/turtle_interfaces/srv/detail/dds_fastrtps/create_chasers__type_support.cpp.o[0m
[5.399s] [ 73%] [32mBuilding CXX object CMakeFiles/turtle_interfaces__rosidl_typesupport_fastrtps_c.dir/rosidl_typesupport_fastrtps_c/turtle_interfaces/srv/detail/create_chasers__type_support_c.cpp.o[0m
[5.542s] [ 75%] [32mBuilding CXX object CMakeFiles/turtle_interfaces__rosidl_typesupport_introspection_cpp.dir/rosidl_typesupport_introspection_cpp/turtle_interfaces/srv/detail/create_chasers__type_support.cpp.o[0m
[5.746s] [ 76%] [32m[1mLinking CXX shared library libturtle_interfaces__rosidl_typesupport_cpp.so[0m
[5.906s] [ 76%] Built target turtle_interfaces__rosidl_typesupport_cpp
[6.059s] [ 78%] [32m[1mLinking CXX shared library libturtle_interfaces__rosidl_typesupport_introspection_cpp.so[0m
[6.085s] [ 79%] [32m[1mLinking CXX shared library libturtle_interfaces__rosidl_typesupport_fastrtps_c.so[0m
[6.160s] [ 81%] [32m[1mLinking CXX shared library libturtle_interfaces__rosidl_typesupport_fastrtps_cpp.so[0m
[6.185s] [ 81%] Built target turtle_interfaces__rosidl_typesupport_introspection_cpp
[6.201s] [ 81%] Built target turtle_interfaces__rosidl_typesupport_fastrtps_c
[6.262s] [ 81%] Built target turtle_interfaces__rosidl_typesupport_fastrtps_cpp
[6.293s] [ 81%] Built target turtle_interfaces
[6.324s] [ 82%] [34m[1mGenerating Python code for ROS interfaces[0m
[6.768s] [ 82%] Built target turtle_interfaces__py
[6.801s] [ 89%] [32mBuilding C object CMakeFiles/turtle_interfaces__rosidl_generator_py.dir/rosidl_generator_py/turtle_interfaces/srv/_create_chasers_s.c.o[0m
[6.801s] [ 87%] [32mBuilding C object CMakeFiles/turtle_interfaces__rosidl_generator_py.dir/rosidl_generator_py/turtle_interfaces/msg/_turtle_s.c.o[0m
[6.801s] [ 89%] [32mBuilding C object CMakeFiles/turtle_interfaces__rosidl_generator_py.dir/rosidl_generator_py/turtle_interfaces/msg/_turtle_array_s.c.o[0m
[6.801s] [ 87%] [32mBuilding C object CMakeFiles/turtle_interfaces__rosidl_generator_py.dir/rosidl_generator_py/turtle_interfaces/srv/_catch_turtle_s.c.o[0m
[6.958s] [ 90%] [32m[1mLinking C shared library libturtle_interfaces__rosidl_generator_py.so[0m
[7.010s] [ 90%] Built target turtle_interfaces__rosidl_generator_py
[7.047s] [ 93%] [32mBuilding C object CMakeFiles/turtle_interfaces_s__rosidl_typesupport_c.dir/rosidl_generator_py/turtle_interfaces/_turtle_interfaces_s.ep.rosidl_typesupport_c.c.o[0m
[7.048s] [ 93%] [32mBuilding C object CMakeFiles/turtle_interfaces_s__rosidl_typesupport_introspection_c.dir/rosidl_generator_py/turtle_interfaces/_turtle_interfaces_s.ep.rosidl_typesupport_introspection_c.c.o[0m
[7.048s] [ 95%] [32mBuilding C object CMakeFiles/turtle_interfaces_s__rosidl_typesupport_fastrtps_c.dir/rosidl_generator_py/turtle_interfaces/_turtle_interfaces_s.ep.rosidl_typesupport_fastrtps_c.c.o[0m
[7.176s] [ 98%] [32m[1mLinking C shared module rosidl_generator_py/turtle_interfaces/turtle_interfaces_s__rosidl_typesupport_introspection_c.so[0m
[7.176s] [ 98%] [32m[1mLinking C shared module rosidl_generator_py/turtle_interfaces/turtle_interfaces_s__rosidl_typesupport_c.so[0m
[7.189s] [100%] [32m[1mLinking C shared module rosidl_generator_py/turtle_interfaces/turtle_interfaces_s__rosidl_typesupport_fastrtps_c.so[0m
[7.224s] [100%] Built target turtle_interfaces_s__rosidl_typesupport_introspection_c
[7.225s] [100%] Built target turtle_interfaces_s__rosidl_typesupport_c
[7.245s] [100%] Built target turtle_interfaces_s__rosidl_typesupport_fastrtps_c
[7.263s] Invoked command in '/home/ash/turtle_bot_chaser/build/turtle_interfaces' returned '0': CMAKE_PREFIX_PATH=${CMAKE_PREFIX_PATH}:/home/ash/ros2_ws/install/project:/home/ash/ros2_ws/install/my_py_pkg:/home/ash/ros2_ws/install/activity4:/home/ash/ros2_ws/install/activity2:/opt/ros/jazzy DEBUGINFOD_URLS=https://debuginfod.ubuntu.com /usr/bin/cmake --build /home/ash/turtle_bot_chaser/build/turtle_interfaces -- -j7 -l7
[7.280s] Invoking command in '/home/ash/turtle_bot_chaser/build/turtle_interfaces': CMAKE_PREFIX_PATH=${CMAKE_PREFIX_PATH}:/home/ash/ros2_ws/install/project:/home/ash/ros2_ws/install/my_py_pkg:/home/ash/ros2_ws/install/activity4:/home/ash/ros2_ws/install/activity2:/opt/ros/jazzy DEBUGINFOD_URLS=https://debuginfod.ubuntu.com /usr/bin/cmake --install /home/ash/turtle_bot_chaser/build/turtle_interfaces
[7.292s] -- Install configuration: ""
[7.292s] -- Installing: /home/ash/turtle_bot_chaser/install/turtle_interfaces/share/ament_index/resource_index/rosidl_interfaces/turtle_interfaces
[7.293s] -- Installing: /home/ash/turtle_bot_chaser/install/turtle_interfaces/share/turtle_interfaces/msg/Turtle.json
[7.293s] -- Installing: /home/ash/turtle_bot_chaser/install/turtle_interfaces/share/turtle_interfaces/msg/TurtleArray.json
[7.293s] -- Installing: /home/ash/turtle_bot_chaser/install/turtle_interfaces/share/turtle_interfaces/srv/CatchTurtle.json
[7.293s] -- Installing: /home/ash/turtle_bot_chaser/install/turtle_interfaces/share/turtle_interfaces/srv/CreateChasers.json
[7.293s] -- Installing: /home/ash/turtle_bot_chaser/install/turtle_interfaces/include/turtle_interfaces/turtle_interfaces
[7.293s] -- Installing: /home/ash/turtle_bot_chaser/install/turtle_interfaces/include/turtle_interfaces/turtle_interfaces/msg
[7.293s] -- Installing: /home/ash/turtle_bot_chaser/install/turtle_interfaces/include/turtle_interfaces/turtle_interfaces/msg/turtle.h
[7.294s] -- Installing: /home/ash/turtle_bot_chaser/install/turtle_interfaces/include/turtle_interfaces/turtle_interfaces/msg/rosidl_generator_c__visibility_control.h
[7.294s] -- Installing: /home/ash/turtle_bot_chaser/install/turtle_interfaces/include/turtle_interfaces/turtle_interfaces/msg/turtle_array.h
[7.294s] -- Installing: /home/ash/turtle_bot_chaser/install/turtle_interfaces/include/turtle_interfaces/turtle_interfaces/msg/detail
[7.294s] -- Installing: /home/ash/turtle_bot_chaser/install/turtle_interfaces/include/turtle_interfaces/turtle_interfaces/msg/detail/turtle__functions.c
[7.295s] -- Installing: /home/ash/turtle_bot_chaser/install/turtle_interfaces/include/turtle_interfaces/turtle_interfaces/msg/detail/turtle_array__type_support.c
[7.295s] -- Installing: /home/ash/turtle_bot_chaser/install/turtle_interfaces/include/turtle_interfaces/turtle_interfaces/msg/detail/turtle__type_support.c
[7.295s] -- Installing: /home/ash/turtle_bot_chaser/install/turtle_interfaces/include/turtle_interfaces/turtle_interfaces/msg/detail/turtle_array__functions.c
[7.295s] -- Installing: /home/ash/turtle_bot_chaser/install/turtle_interfaces/include/turtle_interfaces/turtle_interfaces/msg/detail/turtle_array__description.c
[7.296s] -- Installing: /home/ash/turtle_bot_chaser/install/turtle_interfaces/include/turtle_interfaces/turtle_interfaces/msg/detail/turtle__functions.h
[7.296s] -- Installing: /home/ash/turtle_bot_chaser/install/turtle_interfaces/include/turtle_interfaces/turtle_interfaces/msg/detail/turtle_array__struct.h
[7.296s] -- Installing: /home/ash/turtle_bot_chaser/install/turtle_interfaces/include/turtle_interfaces/turtle_interfaces/msg/detail/turtle__type_support.h
[7.296s] -- Installing: /home/ash/turtle_bot_chaser/install/turtle_interfaces/include/turtle_interfaces/turtle_interfaces/msg/detail/turtle_array__type_support.h
[7.296s] -- Installing: /home/ash/turtle_bot_chaser/install/turtle_interfaces/include/turtle_interfaces/turtle_interfaces/msg/detail/turtle__struct.h
[7.297s] -- Installing: /home/ash/turtle_bot_chaser/install/turtle_interfaces/include/turtle_interfaces/turtle_interfaces/msg/detail/turtle_array__functions.h
[7.297s] -- Installing: /home/ash/turtle_bot_chaser/install/turtle_interfaces/include/turtle_interfaces/turtle_interfaces/msg/detail/turtle__description.c
[7.297s] -- Installing: /home/ash/turtle_bot_chaser/install/turtle_interfaces/include/turtle_interfaces/turtle_interfaces/srv
[7.297s] -- Installing: /home/ash/turtle_bot_chaser/install/turtle_interfaces/include/turtle_interfaces/turtle_interfaces/srv/catch_turtle.h
[7.298s] -- Installing: /home/ash/turtle_bot_chaser/install/turtle_interfaces/include/turtle_interfaces/turtle_interfaces/srv/create_chasers.h
[7.298s] -- Installing: /home/ash/turtle_bot_chaser/install/turtle_interfaces/include/turtle_interfaces/turtle_interfaces/srv/detail
[7.298s] -- Installing: /home/ash/turtle_bot_chaser/install/turtle_interfaces/include/turtle_interfaces/turtle_interfaces/srv/detail/create_chasers__type_support.h
[7.298s] -- Installing: /home/ash/turtle_bot_chaser/install/turtle_interfaces/include/turtle_interfaces/turtle_interfaces/srv/detail/create_chasers__functions.c
[7.298s] -- Installing: /home/ash/turtle_bot_chaser/install/turtle_interfaces/include/turtle_interfaces/turtle_interfaces/srv/detail/create_chasers__struct.h
[7.298s] -- Installing: /home/ash/turtle_bot_chaser/install/turtle_interfaces/include/turtle_interfaces/turtle_interfaces/srv/detail/create_chasers__functions.h
[7.299s] -- Installing: /home/ash/turtle_bot_chaser/install/turtle_interfaces/include/turtle_interfaces/turtle_interfaces/srv/detail/create_chasers__description.c
[7.299s] -- Installing: /home/ash/turtle_bot_chaser/install/turtle_interfaces/include/turtle_interfaces/turtle_interfaces/srv/detail/catch_turtle__functions.h
[7.299s] -- Installing: /home/ash/turtle_bot_chaser/install/turtle_interfaces/include/turtle_interfaces/turtle_interfaces/srv/detail/create_chasers__type_support.c
[7.299s] -- Installing: /home/ash/turtle_bot_chaser/install/turtle_interfaces/include/turtle_interfaces/turtle_interfaces/srv/detail/catch_turtle__description.c
[7.299s] -- Installing: /home/ash/turtle_bot_chaser/install/turtle_interfaces/include/turtle_interfaces/turtle_interfaces/srv/detail/catch_turtle__functions.c
[7.300s] -- Installing: /home/ash/turtle_bot_chaser/install/turtle_interfaces/include/turtle_interfaces/turtle_interfaces/srv/detail/catch_turtle__struct.h
[7.300s] -- Installing: /home/ash/turtle_bot_chaser/install/turtle_interfaces/include/turtle_interfaces/turtle_interfaces/srv/detail/catch_turtle__type_support.c
[7.300s] -- Installing: /home/ash/turtle_bot_chaser/install/turtle_interfaces/include/turtle_interfaces/turtle_interfaces/srv/detail/catch_turtle__type_support.h
[7.301s] -- Installing: /home/ash/turtle_bot_chaser/install/turtle_interfaces/share/turtle_interfaces/environment/library_path.sh
[7.301s] -- Installing: /home/ash/turtle_bot_chaser/install/turtle_interfaces/share/turtle_interfaces/environment/library_path.dsv
[7.301s] -- Installing: /home/ash/turtle_bot_chaser/install/turtle_interfaces/lib/libturtle_interfaces__rosidl_generator_c.so
[7.302s] -- Set non-toolchain portion of runtime path of "/home/ash/turtle_bot_chaser/install/turtle_interfaces/lib/libturtle_interfaces__rosidl_generator_c.so" to ""
[7.302s] -- Up-to-date: /home/ash/turtle_bot_chaser/install/turtle_interfaces/include/turtle_interfaces/turtle_interfaces
[7.302s] -- Up-to-date: /home/ash/turtle_bot_chaser/install/turtle_interfaces/include/turtle_interfaces/turtle_interfaces/msg
[7.302s] -- Installing: /home/ash/turtle_bot_chaser/install/turtle_interfaces/include/turtle_interfaces/turtle_interfaces/msg/rosidl_typesupport_fastrtps_c__visibility_control.h
[7.302s] -- Up-to-date: /home/ash/turtle_bot_chaser/install/turtle_interfaces/include/turtle_interfaces/turtle_interfaces/msg/detail
[7.302s] -- Installing: /home/ash/turtle_bot_chaser/install/turtle_interfaces/include/turtle_interfaces/turtle_interfaces/msg/detail/turtle_array__rosidl_typesupport_fastrtps_c.h
[7.303s] -- Installing: /home/ash/turtle_bot_chaser/install/turtle_interfaces/include/turtle_interfaces/turtle_interfaces/msg/detail/turtle__rosidl_typesupport_fastrtps_c.h
[7.303s] -- Up-to-date: /home/ash/turtle_bot_chaser/install/turtle_interfaces/include/turtle_interfaces/turtle_interfaces/srv
[7.303s] -- Up-to-date: /home/ash/turtle_bot_chaser/install/turtle_interfaces/include/turtle_interfaces/turtle_interfaces/srv/detail
[7.303s] -- Installing: /home/ash/turtle_bot_chaser/install/turtle_interfaces/include/turtle_interfaces/turtle_interfaces/srv/detail/catch_turtle__rosidl_typesupport_fastrtps_c.h
[7.303s] -- Installing: /home/ash/turtle_bot_chaser/install/turtle_interfaces/include/turtle_interfaces/turtle_interfaces/srv/detail/create_chasers__rosidl_typesupport_fastrtps_c.h
[7.304s] -- Installing: /home/ash/turtle_bot_chaser/install/turtle_interfaces/lib/libturtle_interfaces__rosidl_typesupport_fastrtps_c.so
[7.304s] -- Set non-toolchain portion of runtime path of "/home/ash/turtle_bot_chaser/install/turtle_interfaces/lib/libturtle_interfaces__rosidl_typesupport_fastrtps_c.so" to ""
[7.305s] -- Up-to-date: /home/ash/turtle_bot_chaser/install/turtle_interfaces/include/turtle_interfaces/turtle_interfaces
[7.305s] -- Up-to-date: /home/ash/turtle_bot_chaser/install/turtle_interfaces/include/turtle_interfaces/turtle_interfaces/msg
[7.305s] -- Installing: /home/ash/turtle_bot_chaser/install/turtle_interfaces/include/turtle_interfaces/turtle_interfaces/msg/rosidl_typesupport_introspection_c__visibility_control.h
[7.305s] -- Up-to-date: /home/ash/turtle_bot_chaser/install/turtle_interfaces/include/turtle_interfaces/turtle_interfaces/msg/detail
[7.305s] -- Up-to-date: /home/ash/turtle_bot_chaser/install/turtle_interfaces/include/turtle_interfaces/turtle_interfaces/msg/detail/turtle_array__type_support.c
[7.305s] -- Installing: /home/ash/turtle_bot_chaser/install/turtle_interfaces/include/turtle_interfaces/turtle_interfaces/msg/detail/turtle__rosidl_typesupport_introspection_c.h
[7.305s] -- Up-to-date: /home/ash/turtle_bot_chaser/install/turtle_interfaces/include/turtle_interfaces/turtle_interfaces/msg/detail/turtle__type_support.c
[7.305s] -- Installing: /home/ash/turtle_bot_chaser/install/turtle_interfaces/include/turtle_interfaces/turtle_interfaces/msg/detail/turtle_array__rosidl_typesupport_introspection_c.h
[7.306s] -- Up-to-date: /home/ash/turtle_bot_chaser/install/turtle_interfaces/include/turtle_interfaces/turtle_interfaces/srv
[7.306s] -- Up-to-date: /home/ash/turtle_bot_chaser/install/turtle_interfaces/include/turtle_interfaces/turtle_interfaces/srv/detail
[7.306s] -- Installing: /home/ash/turtle_bot_chaser/install/turtle_interfaces/include/turtle_interfaces/turtle_interfaces/srv/detail/create_chasers__rosidl_typesupport_introspection_c.h
[7.306s] -- Up-to-date: /home/ash/turtle_bot_chaser/install/turtle_interfaces/include/turtle_interfaces/turtle_interfaces/srv/detail/create_chasers__type_support.c
[7.306s] -- Up-to-date: /home/ash/turtle_bot_chaser/install/turtle_interfaces/include/turtle_interfaces/turtle_interfaces/srv/detail/catch_turtle__type_support.c
[7.306s] -- Installing: /home/ash/turtle_bot_chaser/install/turtle_interfaces/include/turtle_interfaces/turtle_interfaces/srv/detail/catch_turtle__rosidl_typesupport_introspection_c.h
[7.306s] -- Installing: /home/ash/turtle_bot_chaser/install/turtle_interfaces/lib/libturtle_interfaces__rosidl_typesupport_introspection_c.so
[7.307s] -- Set non-toolchain portion of runtime path of "/home/ash/turtle_bot_chaser/install/turtle_interfaces/lib/libturtle_interfaces__rosidl_typesupport_introspection_c.so" to ""
[7.307s] -- Installing: /home/ash/turtle_bot_chaser/install/turtle_interfaces/lib/libturtle_interfaces__rosidl_typesupport_c.so
[7.307s] -- Set non-toolchain portion of runtime path of "/home/ash/turtle_bot_chaser/install/turtle_interfaces/lib/libturtle_interfaces__rosidl_typesupport_c.so" to ""
[7.307s] -- Up-to-date: /home/ash/turtle_bot_chaser/install/turtle_interfaces/include/turtle_interfaces/turtle_interfaces
[7.308s] -- Up-to-date: /home/ash/turtle_bot_chaser/install/turtle_interfaces/include/turtle_interfaces/turtle_interfaces/msg
[7.308s] -- Installing: /home/ash/turtle_bot_chaser/install/turtle_interfaces/include/turtle_interfaces/turtle_interfaces/msg/turtle.hpp
[7.308s] -- Installing: /home/ash/turtle_bot_chaser/install/turtle_interfaces/include/turtle_interfaces/turtle_interfaces/msg/turtle_array.hpp
[7.308s] -- Up-to-date: /home/ash/turtle_bot_chaser/install/turtle_interfaces/include/turtle_interfaces/turtle_interfaces/msg/detail
[7.308s] -- Installing: /home/ash/turtle_bot_chaser/install/turtle_interfaces/include/turtle_interfaces/turtle_interfaces/msg/detail/turtle__builder.hpp
[7.308s] -- Installing: /home/ash/turtle_bot_chaser/install/turtle_interfaces/include/turtle_interfaces/turtle_interfaces/msg/detail/turtle_array__struct.hpp
[7.309s] -- Installing: /home/ash/turtle_bot_chaser/install/turtle_interfaces/include/turtle_interfaces/turtle_interfaces/msg/detail/turtle__struct.hpp
[7.309s] -- Installing: /home/ash/turtle_bot_chaser/install/turtle_interfaces/include/turtle_interfaces/turtle_interfaces/msg/detail/turtle_array__type_support.hpp
[7.310s] -- Installing: /home/ash/turtle_bot_chaser/install/turtle_interfaces/include/turtle_interfaces/turtle_interfaces/msg/detail/turtle_array__builder.hpp
[7.310s] -- Installing: /home/ash/turtle_bot_chaser/install/turtle_interfaces/include/turtle_interfaces/turtle_interfaces/msg/detail/turtle__traits.hpp
[7.310s] -- Installing: /home/ash/turtle_bot_chaser/install/turtle_interfaces/include/turtle_interfaces/turtle_interfaces/msg/detail/turtle_array__traits.hpp
[7.310s] -- Installing: /home/ash/turtle_bot_chaser/install/turtle_interfaces/include/turtle_interfaces/turtle_interfaces/msg/detail/turtle__type_support.hpp
[7.310s] -- Installing: /home/ash/turtle_bot_chaser/install/turtle_interfaces/include/turtle_interfaces/turtle_interfaces/msg/rosidl_generator_cpp__visibility_control.hpp
[7.311s] -- Up-to-date: /home/ash/turtle_bot_chaser/install/turtle_interfaces/include/turtle_interfaces/turtle_interfaces/srv
[7.311s] -- Installing: /home/ash/turtle_bot_chaser/install/turtle_interfaces/include/turtle_interfaces/turtle_interfaces/srv/create_chasers.hpp
[7.311s] -- Up-to-date: /home/ash/turtle_bot_chaser/install/turtle_interfaces/include/turtle_interfaces/turtle_interfaces/srv/detail
[7.311s] -- Installing: /home/ash/turtle_bot_chaser/install/turtle_interfaces/include/turtle_interfaces/turtle_interfaces/srv/detail/create_chasers__traits.hpp
[7.311s] -- Installing: /home/ash/turtle_bot_chaser/install/turtle_interfaces/include/turtle_interfaces/turtle_interfaces/srv/detail/create_chasers__struct.hpp
[7.311s] -- Installing: /home/ash/turtle_bot_chaser/install/turtle_interfaces/include/turtle_interfaces/turtle_interfaces/srv/detail/catch_turtle__type_support.hpp
[7.311s] -- Installing: /home/ash/turtle_bot_chaser/install/turtle_interfaces/include/turtle_interfaces/turtle_interfaces/srv/detail/create_chasers__builder.hpp
[7.312s] -- Installing: /home/ash/turtle_bot_chaser/install/turtle_interfaces/include/turtle_interfaces/turtle_interfaces/srv/detail/catch_turtle__builder.hpp
[7.312s] -- Installing: /home/ash/turtle_bot_chaser/install/turtle_interfaces/include/turtle_interfaces/turtle_interfaces/srv/detail/create_chasers__type_support.hpp
[7.317s] -- Installing: /home/ash/turtle_bot_chaser/install/turtle_interfaces/include/turtle_interfaces/turtle_interfaces/srv/detail/catch_turtle__traits.hpp
[7.317s] -- Installing: /home/ash/turtle_bot_chaser/install/turtle_interfaces/include/turtle_interfaces/turtle_interfaces/srv/detail/catch_turtle__struct.hpp
[7.317s] -- Installing: /home/ash/turtle_bot_chaser/install/turtle_interfaces/include/turtle_interfaces/turtle_interfaces/srv/catch_turtle.hpp
[7.317s] -- Up-to-date: /home/ash/turtle_bot_chaser/install/turtle_interfaces/include/turtle_interfaces/turtle_interfaces
[7.317s] -- Up-to-date: /home/ash/turtle_bot_chaser/install/turtle_interfaces/include/turtle_interfaces/turtle_interfaces/msg
[7.318s] -- Installing: /home/ash/turtle_bot_chaser/install/turtle_interfaces/include/turtle_interfaces/turtle_interfaces/msg/rosidl_typesupport_fastrtps_cpp__visibility_control.h
[7.318s] -- Up-to-date: /home/ash/turtle_bot_chaser/install/turtle_interfaces/include/turtle_interfaces/turtle_interfaces/msg/detail
[7.318s] -- Installing: /home/ash/turtle_bot_chaser/install/turtle_interfaces/include/turtle_interfaces/turtle_interfaces/msg/detail/dds_fastrtps
[7.318s] -- Installing: /home/ash/turtle_bot_chaser/install/turtle_interfaces/include/turtle_interfaces/turtle_interfaces/msg/detail/turtle__rosidl_typesupport_fastrtps_cpp.hpp
[7.318s] -- Installing: /home/ash/turtle_bot_chaser/install/turtle_interfaces/include/turtle_interfaces/turtle_interfaces/msg/detail/turtle_array__rosidl_typesupport_fastrtps_cpp.hpp
[7.318s] -- Up-to-date: /home/ash/turtle_bot_chaser/install/turtle_interfaces/include/turtle_interfaces/turtle_interfaces/srv
[7.318s] -- Up-to-date: /home/ash/turtle_bot_chaser/install/turtle_interfaces/include/turtle_interfaces/turtle_interfaces/srv/detail
[7.318s] -- Installing: /home/ash/turtle_bot_chaser/install/turtle_interfaces/include/turtle_interfaces/turtle_interfaces/srv/detail/dds_fastrtps
[7.318s] -- Installing: /home/ash/turtle_bot_chaser/install/turtle_interfaces/include/turtle_interfaces/turtle_interfaces/srv/detail/catch_turtle__rosidl_typesupport_fastrtps_cpp.hpp
[7.318s] -- Installing: /home/ash/turtle_bot_chaser/install/turtle_interfaces/include/turtle_interfaces/turtle_interfaces/srv/detail/create_chasers__rosidl_typesupport_fastrtps_cpp.hpp
[7.318s] -- Installing: /home/ash/turtle_bot_chaser/install/turtle_interfaces/lib/libturtle_interfaces__rosidl_typesupport_fastrtps_cpp.so
[7.318s] -- Set non-toolchain portion of runtime path of "/home/ash/turtle_bot_chaser/install/turtle_interfaces/lib/libturtle_interfaces__rosidl_typesupport_fastrtps_cpp.so" to ""
[7.318s] -- Up-to-date: /home/ash/turtle_bot_chaser/install/turtle_interfaces/include/turtle_interfaces/turtle_interfaces
[7.318s] -- Up-to-date: /home/ash/turtle_bot_chaser/install/turtle_interfaces/include/turtle_interfaces/turtle_interfaces/msg
[7.318s] -- Up-to-date: /home/ash/turtle_bot_chaser/install/turtle_interfaces/include/turtle_interfaces/turtle_interfaces/msg/detail
[7.318s] -- Installing: /home/ash/turtle_bot_chaser/install/turtle_interfaces/include/turtle_interfaces/turtle_interfaces/msg/detail/turtle_array__type_support.cpp
[7.318s] -- Installing: /home/ash/turtle_bot_chaser/install/turtle_interfaces/include/turtle_interfaces/turtle_interfaces/msg/detail/turtle__type_support.cpp
[7.318s] -- Installing: /home/ash/turtle_bot_chaser/install/turtle_interfaces/include/turtle_interfaces/turtle_interfaces/msg/detail/turtle__rosidl_typesupport_introspection_cpp.hpp
[7.318s] -- Installing: /home/ash/turtle_bot_chaser/install/turtle_interfaces/include/turtle_interfaces/turtle_interfaces/msg/detail/turtle_array__rosidl_typesupport_introspection_cpp.hpp
[7.319s] -- Up-to-date: /home/ash/turtle_bot_chaser/install/turtle_interfaces/include/turtle_interfaces/turtle_interfaces/srv
[7.319s] -- Up-to-date: /home/ash/turtle_bot_chaser/install/turtle_interfaces/include/turtle_interfaces/turtle_interfaces/srv/detail
[7.319s] -- Installing: /home/ash/turtle_bot_chaser/install/turtle_interfaces/include/turtle_interfaces/turtle_interfaces/srv/detail/create_chasers__rosidl_typesupport_introspection_cpp.hpp
[7.319s] -- Installing: /home/ash/turtle_bot_chaser/install/turtle_interfaces/include/turtle_interfaces/turtle_interfaces/srv/detail/catch_turtle__rosidl_typesupport_introspection_cpp.hpp
[7.319s] -- Installing: /home/ash/turtle_bot_chaser/install/turtle_interfaces/include/turtle_interfaces/turtle_interfaces/srv/detail/create_chasers__type_support.cpp
[7.319s] -- Installing: /home/ash/turtle_bot_chaser/install/turtle_interfaces/include/turtle_interfaces/turtle_interfaces/srv/detail/catch_turtle__type_support.cpp
[7.319s] -- Installing: /home/ash/turtle_bot_chaser/install/turtle_interfaces/lib/libturtle_interfaces__rosidl_typesupport_introspection_cpp.so
[7.319s] -- Set non-toolchain portion of runtime path of "/home/ash/turtle_bot_chaser/install/turtle_interfaces/lib/libturtle_interfaces__rosidl_typesupport_introspection_cpp.so" to ""
[7.319s] -- Installing: /home/ash/turtle_bot_chaser/install/turtle_interfaces/lib/libturtle_interfaces__rosidl_typesupport_cpp.so
[7.319s] -- Set non-toolchain portion of runtime path of "/home/ash/turtle_bot_chaser/install/turtle_interfaces/lib/libturtle_interfaces__rosidl_typesupport_cpp.so" to ""
[7.320s] -- Installing: /home/ash/turtle_bot_chaser/install/turtle_interfaces/share/turtle_interfaces/environment/pythonpath.sh
[7.320s] -- Installing: /home/ash/turtle_bot_chaser/install/turtle_interfaces/share/turtle_interfaces/environment/pythonpath.dsv
[7.320s] -- Installing: /home/ash/turtle_bot_chaser/install/turtle_interfaces/lib/python3.12/site-packages/turtle_interfaces-0.0.0-py3.12.egg-info
[7.320s] -- Installing: /home/ash/turtle_bot_chaser/install/turtle_interfaces/lib/python3.12/site-packages/turtle_interfaces-0.0.0-py3.12.egg-info/top_level.txt
[7.320s] -- Installing: /home/ash/turtle_bot_chaser/install/turtle_interfaces/lib/python3.12/site-packages/turtle_interfaces-0.0.0-py3.12.egg-info/SOURCES.txt
[7.320s] -- Installing: /home/ash/turtle_bot_chaser/install/turtle_interfaces/lib/python3.12/site-packages/turtle_interfaces-0.0.0-py3.12.egg-info/dependency_links.txt
[7.320s] -- Installing: /home/ash/turtle_bot_chaser/install/turtle_interfaces/lib/python3.12/site-packages/turtle_interfaces-0.0.0-py3.12.egg-info/PKG-INFO
[7.320s] -- Installing: /home/ash/turtle_bot_chaser/install/turtle_interfaces/lib/python3.12/site-packages/turtle_interfaces
[7.320s] -- Installing: /home/ash/turtle_bot_chaser/install/turtle_interfaces/lib/python3.12/site-packages/turtle_interfaces/msg
[7.320s] -- Installing: /home/ash/turtle_bot_chaser/install/turtle_interfaces/lib/python3.12/site-packages/turtle_interfaces/msg/_turtle_s.c
[7.321s] -- Installing: /home/ash/turtle_bot_chaser/install/turtle_interfaces/lib/python3.12/site-packages/turtle_interfaces/msg/_turtle_array_s.c
[7.321s] -- Installing: /home/ash/turtle_bot_chaser/install/turtle_interfaces/lib/python3.12/site-packages/turtle_interfaces/msg/_turtle_array.py
[7.321s] -- Installing: /home/ash/turtle_bot_chaser/install/turtle_interfaces/lib/python3.12/site-packages/turtle_interfaces/msg/_turtle.py
[7.321s] -- Installing: /home/ash/turtle_bot_chaser/install/turtle_interfaces/lib/python3.12/site-packages/turtle_interfaces/msg/__init__.py
[7.321s] -- Installing: /home/ash/turtle_bot_chaser/install/turtle_interfaces/lib/python3.12/site-packages/turtle_interfaces/turtle_interfaces_s__rosidl_typesupport_fastrtps_c.so
[7.322s] -- Installing: /home/ash/turtle_bot_chaser/install/turtle_interfaces/lib/python3.12/site-packages/turtle_interfaces/srv
[7.322s] -- Installing: /home/ash/turtle_bot_chaser/install/turtle_interfaces/lib/python3.12/site-packages/turtle_interfaces/srv/_create_chasers_s.c
[7.322s] -- Installing: /home/ash/turtle_bot_chaser/install/turtle_interfaces/lib/python3.12/site-packages/turtle_interfaces/srv/_catch_turtle.py
[7.322s] -- Installing: /home/ash/turtle_bot_chaser/install/turtle_interfaces/lib/python3.12/site-packages/turtle_interfaces/srv/__init__.py
[7.323s] -- Installing: /home/ash/turtle_bot_chaser/install/turtle_interfaces/lib/python3.12/site-packages/turtle_interfaces/srv/_create_chasers.py
[7.323s] -- Installing: /home/ash/turtle_bot_chaser/install/turtle_interfaces/lib/python3.12/site-packages/turtle_interfaces/srv/_catch_turtle_s.c
[7.323s] -- Installing: /home/ash/turtle_bot_chaser/install/turtle_interfaces/lib/python3.12/site-packages/turtle_interfaces/__init__.py
[7.323s] -- Installing: /home/ash/turtle_bot_chaser/install/turtle_interfaces/lib/python3.12/site-packages/turtle_interfaces/turtle_interfaces_s__rosidl_typesupport_c.so
[7.323s] -- Installing: /home/ash/turtle_bot_chaser/install/turtle_interfaces/lib/python3.12/site-packages/turtle_interfaces/_turtle_interfaces_s.ep.rosidl_typesupport_introspection_c.c
[7.324s] -- Installing: /home/ash/turtle_bot_chaser/install/turtle_interfaces/lib/python3.12/site-packages/turtle_interfaces/_turtle_interfaces_s.ep.rosidl_typesupport_c.c
[7.324s] -- Installing: /home/ash/turtle_bot_chaser/install/turtle_interfaces/lib/python3.12/site-packages/turtle_interfaces/turtle_interfaces_s__rosidl_typesupport_introspection_c.so
[7.324s] -- Installing: /home/ash/turtle_bot_chaser/install/turtle_interfaces/lib/python3.12/site-packages/turtle_interfaces/_turtle_interfaces_s.ep.rosidl_typesupport_fastrtps_c.c
[7.376s] Listing '/home/ash/turtle_bot_chaser/install/turtle_interfaces/lib/python3.12/site-packages/turtle_interfaces'...
[7.376s] Compiling '/home/ash/turtle_bot_chaser/install/turtle_interfaces/lib/python3.12/site-packages/turtle_interfaces/__init__.py'...
[7.376s] Listing '/home/ash/turtle_bot_chaser/install/turtle_interfaces/lib/python3.12/site-packages/turtle_interfaces/msg'...
[7.376s] Compiling '/home/ash/turtle_bot_chaser/install/turtle_interfaces/lib/python3.12/site-packages/turtle_interfaces/msg/__init__.py'...
[7.376s] Compiling '/home/ash/turtle_bot_chaser/install/turtle_interfaces/lib/python3.12/site-packages/turtle_interfaces/msg/_turtle.py'...
[7.376s] Compiling '/home/ash/turtle_bot_chaser/install/turtle_interfaces/lib/python3.12/site-packages/turtle_interfaces/msg/_turtle_array.py'...
[7.376s] Listing '/home/ash/turtle_bot_chaser/install/turtle_interfaces/lib/python3.12/site-packages/turtle_interfaces/srv'...
[7.376s] Compiling '/home/ash/turtle_bot_chaser/install/turtle_interfaces/lib/python3.12/site-packages/turtle_interfaces/srv/__init__.py'...
[7.376s] Compiling '/home/ash/turtle_bot_chaser/install/turtle_interfaces/lib/python3.12/site-packages/turtle_interfaces/srv/_catch_turtle.py'...
[7.376s] Compiling '/home/ash/turtle_bot_chaser/install/turtle_interfaces/lib/python3.12/site-packages/turtle_interfaces/srv/_create_chasers.py'...
[7.383s] -- Installing: /home/ash/turtle_bot_chaser/install/turtle_interfaces/lib/python3.12/site-packages/turtle_interfaces/turtle_interfaces_s__rosidl_typesupport_fastrtps_c.so
[7.384s] -- Set non-toolchain portion of runtime path of "/home/ash/turtle_bot_chaser/install/turtle_interfaces/lib/python3.12/site-packages/turtle_interfaces/turtle_interfaces_s__rosidl_typesupport_fastrtps_c.so" to ""
[7.385s] -- Installing: /home/ash/turtle_bot_chaser/install/turtle_interfaces/lib/python3.12/site-packages/turtle_interfaces/turtle_interfaces_s__rosidl_typesupport_introspection_c.so
[7.385s] -- Set non-toolchain portion of runtime path of "/home/ash/turtle_bot_chaser/install/turtle_interfaces/lib/python3.12/site-packages/turtle_interfaces/turtle_interfaces_s__rosidl_typesupport_introspection_c.so" to ""
[7.385s] -- Installing: /home/ash/turtle_bot_chaser/install/turtle_interfaces/lib/python3.12/site-packages/turtle_interfaces/turtle_interfaces_s__rosidl_typesupport_c.so
[7.385s] -- Set non-toolchain portion of runtime path of "/home/ash/turtle_bot_chaser/install/turtle_interfaces/lib/python3.12/site-packages/turtle_interfaces/turtle_interfaces_s__rosidl_typesupport_c.so" to ""
[7.386s] -- Installing: /home/ash/turtle_bot_chaser/install/turtle_interfaces/lib/libturtle_interfaces__rosidl_generator_py.so
[7.386s] -- Set non-toolchain portion of runtime path of "/home/ash/turtle_bot_chaser/install/turtle_interfaces/lib/libturtle_interfaces__rosidl_generator_py.so" to ""
[7.386s] -- Installing: /home/ash/turtle_bot_chaser/install/turtle_interfaces/share/turtle_interfaces/msg/Turtle.idl
[7.387s] -- Installing: /home/ash/turtle_bot_chaser/install/turtle_interfaces/share/turtle_interfaces/msg/TurtleArray.idl
[7.387s] -- Installing: /home/ash/turtle_bot_chaser/install/turtle_interfaces/share/turtle_interfaces/srv/CatchTurtle.idl
[7.387s] -- Installing: /home/ash/turtle_bot_chaser/install/turtle_interfaces/share/turtle_interfaces/srv/CreateChasers.idl
[7.388s] -- Installing: /home/ash/turtle_bot_chaser/install/turtle_interfaces/share/turtle_interfaces/msg/Turtle.msg
[7.388s] -- Installing: /home/ash/turtle_bot_chaser/install/turtle_interfaces/share/turtle_interfaces/msg/TurtleArray.msg
[7.388s] -- Installing: /home/ash/turtle_bot_chaser/install/turtle_interfaces/share/turtle_interfaces/srv/CatchTurtle.srv
[7.388s] -- Installing: /home/ash/turtle_bot_chaser/install/turtle_interfaces/share/turtle_interfaces/srv/CreateChasers.srv
[7.388s] -- Installing: /home/ash/turtle_bot_chaser/install/turtle_interfaces/share/ament_index/resource_index/package_run_dependencies/turtle_interfaces
[7.389s] -- Installing: /home/ash/turtle_bot_chaser/install/turtle_interfaces/share/ament_index/resource_index/parent_prefix_path/turtle_interfaces
[7.389s] -- Installing: /home/ash/turtle_bot_chaser/install/turtle_interfaces/share/turtle_interfaces/environment/ament_prefix_path.sh
[7.389s] -- Installing: /home/ash/turtle_bot_chaser/install/turtle_interfaces/share/turtle_interfaces/environment/ament_prefix_path.dsv
[7.389s] -- Installing: /home/ash/turtle_bot_chaser/install/turtle_interfaces/share/turtle_interfaces/environment/path.sh
[7.390s] -- Installing: /home/ash/turtle_bot_chaser/install/turtle_interfaces/share/turtle_interfaces/environment/path.dsv
[7.390s] -- Installing: /home/ash/turtle_bot_chaser/install/turtle_interfaces/share/turtle_interfaces/local_setup.bash
[7.391s] -- Installing: /home/ash/turtle_bot_chaser/install/turtle_interfaces/share/turtle_interfaces/local_setup.sh
[7.391s] -- Installing: /home/ash/turtle_bot_chaser/install/turtle_interfaces/share/turtle_interfaces/local_setup.zsh
[7.391s] -- Installing: /home/ash/turtle_bot_chaser/install/turtle_interfaces/share/turtle_interfaces/local_setup.dsv
[7.392s] -- Installing: /home/ash/turtle_bot_chaser/install/turtle_interfaces/share/turtle_interfaces/package.dsv
[7.392s] -- Installing: /home/ash/turtle_bot_chaser/install/turtle_interfaces/share/ament_index/resource_index/packages/turtle_interfaces
[7.392s] -- Installing: /home/ash/turtle_bot_chaser/install/turtle_interfaces/share/turtle_interfaces/cmake/export_turtle_interfaces__rosidl_generator_cExport.cmake
[7.393s] -- Installing: /home/ash/turtle_bot_chaser/install/turtle_interfaces/share/turtle_interfaces/cmake/export_turtle_interfaces__rosidl_generator_cExport-noconfig.cmake
[7.393s] -- Installing: /home/ash/turtle_bot_chaser/install/turtle_interfaces/share/turtle_interfaces/cmake/export_turtle_interfaces__rosidl_typesupport_fastrtps_cExport.cmake
[7.393s] -- Installing: /home/ash/turtle_bot_chaser/install/turtle_interfaces/share/turtle_interfaces/cmake/export_turtle_interfaces__rosidl_typesupport_fastrtps_cExport-noconfig.cmake
[7.393s] -- Installing: /home/ash/turtle_bot_chaser/install/turtle_interfaces/share/turtle_interfaces/cmake/turtle_interfaces__rosidl_typesupport_introspection_cExport.cmake
[7.394s] -- Installing: /home/ash/turtle_bot_chaser/install/turtle_interfaces/share/turtle_interfaces/cmake/turtle_interfaces__rosidl_typesupport_introspection_cExport-noconfig.cmake
[7.394s] -- Installing: /home/ash/turtle_bot_chaser/install/turtle_interfaces/share/turtle_interfaces/cmake/turtle_interfaces__rosidl_typesupport_cExport.cmake
[7.394s] -- Installing: /home/ash/turtle_bot_chaser/install/turtle_interfaces/share/turtle_interfaces/cmake/turtle_interfaces__rosidl_typesupport_cExport-noconfig.cmake
[7.394s] -- Installing: /home/ash/turtle_bot_chaser/install/turtle_interfaces/share/turtle_interfaces/cmake/export_turtle_interfaces__rosidl_generator_cppExport.cmake
[7.395s] -- Installing: /home/ash/turtle_bot_chaser/install/turtle_interfaces/share/turtle_interfaces/cmake/export_turtle_interfaces__rosidl_typesupport_fastrtps_cppExport.cmake
[7.395s] -- Installing: /home/ash/turtle_bot_chaser/install/turtle_interfaces/share/turtle_interfaces/cmake/export_turtle_interfaces__rosidl_typesupport_fastrtps_cppExport-noconfig.cmake
[7.395s] -- Installing: /home/ash/turtle_bot_chaser/install/turtle_interfaces/share/turtle_interfaces/cmake/turtle_interfaces__rosidl_typesupport_introspection_cppExport.cmake
[7.396s] -- Installing: /home/ash/turtle_bot_chaser/install/turtle_interfaces/share/turtle_interfaces/cmake/turtle_interfaces__rosidl_typesupport_introspection_cppExport-noconfig.cmake
[7.396s] -- Installing: /home/ash/turtle_bot_chaser/install/turtle_interfaces/share/turtle_interfaces/cmake/turtle_interfaces__rosidl_typesupport_cppExport.cmake
[7.396s] -- Installing: /home/ash/turtle_bot_chaser/install/turtle_interfaces/share/turtle_interfaces/cmake/turtle_interfaces__rosidl_typesupport_cppExport-noconfig.cmake
[7.396s] -- Installing: /home/ash/turtle_bot_chaser/install/turtle_interfaces/share/turtle_interfaces/cmake/export_turtle_interfaces__rosidl_generator_pyExport.cmake
[7.396s] -- Installing: /home/ash/turtle_bot_chaser/install/turtle_interfaces/share/turtle_interfaces/cmake/export_turtle_interfaces__rosidl_generator_pyExport-noconfig.cmake
[7.397s] -- Installing: /home/ash/turtle_bot_chaser/install/turtle_interfaces/share/turtle_interfaces/cmake/rosidl_cmake-extras.cmake
[7.397s] -- Installing: /home/ash/turtle_bot_chaser/install/turtle_interfaces/share/turtle_interfaces/cmake/ament_cmake_export_dependencies-extras.cmake
[7.397s] -- Installing: /home/ash/turtle_bot_chaser/install/turtle_interfaces/share/turtle_interfaces/cmake/ament_cmake_export_include_directories-extras.cmake
[7.397s] -- Installing: /home/ash/turtle_bot_chaser/install/turtle_interfaces/share/turtle_interfaces/cmake/ament_cmake_export_libraries-extras.cmake
[7.398s] -- Installing: /home/ash/turtle_bot_chaser/install/turtle_interfaces/share/turtle_interfaces/cmake/ament_cmake_export_targets-extras.cmake
[7.398s] -- Installing: /home/ash/turtle_bot_chaser/install/turtle_interfaces/share/turtle_interfaces/cmake/rosidl_cmake_export_typesupport_targets-extras.cmake
[7.398s] -- Installing: /home/ash/turtle_bot_chaser/install/turtle_interfaces/share/turtle_interfaces/cmake/rosidl_cmake_export_typesupport_libraries-extras.cmake
[7.398s] -- Installing: /home/ash/turtle_bot_chaser/install/turtle_interfaces/share/turtle_interfaces/cmake/turtle_interfacesConfig.cmake
[7.398s] -- Installing: /home/ash/turtle_bot_chaser/install/turtle_interfaces/share/turtle_interfaces/cmake/turtle_interfacesConfig-version.cmake
[7.399s] -- Installing: /home/ash/turtle_bot_chaser/install/turtle_interfaces/share/turtle_interfaces/package.xml
[7.403s] Invoked command in '/home/ash/turtle_bot_chaser/build/turtle_interfaces' returned '0': CMAKE_PREFIX_PATH=${CMAKE_PREFIX_PATH}:/home/ash/ros2_ws/install/project:/home/ash/ros2_ws/install/my_py_pkg:/home/ash/ros2_ws/install/activity4:/home/ash/ros2_ws/install/activity2:/opt/ros/jazzy DEBUGINFOD_URLS=https://debuginfod.ubuntu.com /usr/bin/cmake --install /home/ash/turtle_bot_chaser/build/turtle_interfaces
