-- The C compiler identification is GNU 13.3.0
-- The CXX compiler identification is GNU 13.3.0
-- Detecting C compiler ABI info
-- Detecting C compiler ABI info - done
-- Check for working C compiler: /usr/bin/cc - skipped
-- Detecting C compile features
-- Detecting C compile features - done
-- Detecting CXX compiler ABI info
-- Detecting CXX compiler ABI info - done
-- Check for working CXX compiler: /usr/bin/c++ - skipped
-- Detecting CXX compile features
-- Detecting CXX compile features - done
-- Found ament_cmake: 2.5.4 (/opt/ros/jazzy/share/ament_cmake/cmake)
-- Found Python3: /usr/bin/python3 (found version "3.12.3") found components: Interpreter 
-- Found rosidl_default_generators: 1.6.0 (/opt/ros/jazzy/share/rosidl_default_generators/cmake)
-- Using all available rosidl_typesupport_c: rosidl_typesupport_fastrtps_c;rosidl_typesupport_introspection_c
-- Using all available rosidl_typesupport_cpp: rosidl_typesupport_fastrtps_cpp;rosidl_typesupport_introspection_cpp
-- Found rosidl_adapter: 4.6.5 (/opt/ros/jazzy/share/rosidl_adapter/cmake)
-- Found ament_cmake_ros: 0.12.0 (/opt/ros/jazzy/share/ament_cmake_ros/cmake)
-- Using all available rosidl_typesupport_c: rosidl_typesupport_fastrtps_c;rosidl_typesupport_introspection_c
-- Using all available rosidl_typesupport_cpp: rosidl_typesupport_fastrtps_cpp;rosidl_typesupport_introspection_cpp
-- Found python_cmake_module: 0.11.1 (/opt/ros/jazzy/share/python_cmake_module/cmake)
-- Found PythonExtra: /usr/bin/python3  
-- Found Python3: /usr/bin/python3 (found version "3.12.3") found components: Interpreter Development NumPy Development.Module Development.Embed 
-- Found ament_lint_auto: 0.17.2 (/opt/ros/jazzy/share/ament_lint_auto/cmake)
-- Added test 'lint_cmake' to check CMake code style
-- Added test 'xmllint' to check XML markup files
-- Configuring done (4.8s)
-- Generating done (0.1s)
-- Build files have been written to: /home/ash/turtle_bot_chaser/build/interfaces
[  1%] [34m[1mGenerating type hashes for ROS interfaces[0m
[  1%] Built target ament_cmake_python_copy_interfaces
running egg_info
creating interfaces.egg-info
[  1%] Built target interfaces__rosidl_generator_type_description
writing interfaces.egg-info/PKG-INFO
writing dependency_links to interfaces.egg-info/dependency_links.txt
writing top-level names to interfaces.egg-info/top_level.txt
writing manifest file 'interfaces.egg-info/SOURCES.txt'
[  3%] [34m[1mGenerating C code for ROS interfaces[0m
[  4%] [34m[1mGenerating C++ code for ROS interfaces[0m
reading manifest file 'interfaces.egg-info/SOURCES.txt'
writing manifest file 'interfaces.egg-info/SOURCES.txt'
[  4%] Built target ament_cmake_python_build_interfaces_egg
[  4%] Built target interfaces__cpp
[  7%] [32mBuilding C object CMakeFiles/interfaces__rosidl_generator_c.dir/rosidl_generator_c/interfaces/msg/detail/turtle_array__description.c.o[0m
[  7%] [32mBuilding C object CMakeFiles/interfaces__rosidl_generator_c.dir/rosidl_generator_c/interfaces/msg/detail/turtle__description.c.o[0m
[  9%] [32mBuilding C object CMakeFiles/interfaces__rosidl_generator_c.dir/rosidl_generator_c/interfaces/msg/detail/turtle__functions.c.o[0m
[ 10%] [32mBuilding C object CMakeFiles/interfaces__rosidl_generator_c.dir/rosidl_generator_c/interfaces/msg/detail/turtle_array__functions.c.o[0m
[ 12%] [32mBuilding C object CMakeFiles/interfaces__rosidl_generator_c.dir/rosidl_generator_c/interfaces/msg/detail/turtle_array__type_support.c.o[0m
[ 14%] [32mBuilding C object CMakeFiles/interfaces__rosidl_generator_c.dir/rosidl_generator_c/interfaces/msg/detail/turtle__type_support.c.o[0m
[ 15%] [32mBuilding C object CMakeFiles/interfaces__rosidl_generator_c.dir/rosidl_generator_c/interfaces/srv/detail/catch_turtle__description.c.o[0m
[ 17%] [32mBuilding C object CMakeFiles/interfaces__rosidl_generator_c.dir/rosidl_generator_c/interfaces/srv/detail/catch_turtle__functions.c.o[0m
[ 18%] [32mBuilding C object CMakeFiles/interfaces__rosidl_generator_c.dir/rosidl_generator_c/interfaces/srv/detail/catch_turtle__type_support.c.o[0m
[ 20%] [32mBuilding C object CMakeFiles/interfaces__rosidl_generator_c.dir/rosidl_generator_c/interfaces/srv/detail/create_chasers__type_support.c.o[0m
[ 21%] [32mBuilding C object CMakeFiles/interfaces__rosidl_generator_c.dir/rosidl_generator_c/interfaces/srv/detail/create_chasers__functions.c.o[0m
[ 23%] [32mBuilding C object CMakeFiles/interfaces__rosidl_generator_c.dir/rosidl_generator_c/interfaces/srv/detail/create_chasers__description.c.o[0m
[ 25%] [32m[1mLinking C shared library libinterfaces__rosidl_generator_c.so[0m
[ 25%] Built target interfaces__rosidl_generator_c
[ 29%] [34m[1mGenerating C++ introspection for ROS interfaces[0m
[ 29%] [34m[1mGenerating C++ type support dispatch for ROS interfaces[0m
[ 29%] [34m[1mGenerating C++ type support for eProsima Fast-RTPS[0m
[ 31%] [34m[1mGenerating C introspection for ROS interfaces[0m
[ 32%] [34m[1mGenerating C type support for eProsima Fast-RTPS[0m
[ 34%] [34m[1mGenerating C type support dispatch for ROS interfaces[0m
[ 37%] [32mBuilding CXX object CMakeFiles/interfaces__rosidl_typesupport_cpp.dir/rosidl_typesupport_cpp/interfaces/msg/turtle__type_support.cpp.o[0m
[ 37%] [32mBuilding CXX object CMakeFiles/interfaces__rosidl_typesupport_cpp.dir/rosidl_typesupport_cpp/interfaces/msg/turtle_array__type_support.cpp.o[0m
[ 39%] [32mBuilding CXX object CMakeFiles/interfaces__rosidl_typesupport_c.dir/rosidl_typesupport_c/interfaces/msg/turtle__type_support.cpp.o[0m
[ 40%] [32mBuilding CXX object CMakeFiles/interfaces__rosidl_typesupport_c.dir/rosidl_typesupport_c/interfaces/msg/turtle_array__type_support.cpp.o[0m
[ 42%] [32mBuilding C object CMakeFiles/interfaces__rosidl_typesupport_introspection_c.dir/rosidl_typesupport_introspection_c/interfaces/msg/detail/turtle__type_support.c.o[0m
[ 43%] [32mBuilding CXX object CMakeFiles/interfaces__rosidl_typesupport_introspection_cpp.dir/rosidl_typesupport_introspection_cpp/interfaces/msg/detail/turtle__type_support.cpp.o[0m
[ 45%] [32mBuilding CXX object CMakeFiles/interfaces__rosidl_typesupport_c.dir/rosidl_typesupport_c/interfaces/srv/catch_turtle__type_support.cpp.o[0m
[ 46%] [32mBuilding C object CMakeFiles/interfaces__rosidl_typesupport_introspection_c.dir/rosidl_typesupport_introspection_c/interfaces/msg/detail/turtle_array__type_support.c.o[0m
[ 48%] [32mBuilding CXX object CMakeFiles/interfaces__rosidl_typesupport_fastrtps_c.dir/rosidl_typesupport_fastrtps_c/interfaces/msg/detail/turtle__type_support_c.cpp.o[0m
[ 50%] [32mBuilding C object CMakeFiles/interfaces__rosidl_typesupport_introspection_c.dir/rosidl_typesupport_introspection_c/interfaces/srv/detail/catch_turtle__type_support.c.o[0m
[ 51%] [32mBuilding CXX object CMakeFiles/interfaces__rosidl_typesupport_c.dir/rosidl_typesupport_c/interfaces/srv/create_chasers__type_support.cpp.o[0m
[ 53%] [32mBuilding CXX object CMakeFiles/interfaces__rosidl_typesupport_fastrtps_cpp.dir/rosidl_typesupport_fastrtps_cpp/interfaces/msg/detail/dds_fastrtps/turtle__type_support.cpp.o[0m
[ 54%] [32mBuilding C object CMakeFiles/interfaces__rosidl_typesupport_introspection_c.dir/rosidl_typesupport_introspection_c/interfaces/srv/detail/create_chasers__type_support.c.o[0m
[ 56%] [32m[1mLinking CXX shared library libinterfaces__rosidl_typesupport_c.so[0m
[ 57%] [32m[1mLinking C shared library libinterfaces__rosidl_typesupport_introspection_c.so[0m
[ 59%] [32mBuilding CXX object CMakeFiles/interfaces__rosidl_typesupport_cpp.dir/rosidl_typesupport_cpp/interfaces/srv/catch_turtle__type_support.cpp.o[0m
[ 59%] Built target interfaces__rosidl_typesupport_c
[ 60%] [32mBuilding CXX object CMakeFiles/interfaces__rosidl_typesupport_cpp.dir/rosidl_typesupport_cpp/interfaces/srv/create_chasers__type_support.cpp.o[0m
[ 62%] [32mBuilding CXX object CMakeFiles/interfaces__rosidl_typesupport_fastrtps_cpp.dir/rosidl_typesupport_fastrtps_cpp/interfaces/msg/detail/dds_fastrtps/turtle_array__type_support.cpp.o[0m
[ 62%] Built target interfaces__rosidl_typesupport_introspection_c
[ 64%] [32mBuilding CXX object CMakeFiles/interfaces__rosidl_typesupport_introspection_cpp.dir/rosidl_typesupport_introspection_cpp/interfaces/msg/detail/turtle_array__type_support.cpp.o[0m
[ 65%] [32mBuilding CXX object CMakeFiles/interfaces__rosidl_typesupport_fastrtps_c.dir/rosidl_typesupport_fastrtps_c/interfaces/msg/detail/turtle_array__type_support_c.cpp.o[0m
[ 67%] [32mBuilding CXX object CMakeFiles/interfaces__rosidl_typesupport_introspection_cpp.dir/rosidl_typesupport_introspection_cpp/interfaces/srv/detail/catch_turtle__type_support.cpp.o[0m
[ 70%] [32mBuilding CXX object CMakeFiles/interfaces__rosidl_typesupport_introspection_cpp.dir/rosidl_typesupport_introspection_cpp/interfaces/srv/detail/create_chasers__type_support.cpp.o[0m
[ 70%] [32mBuilding CXX object CMakeFiles/interfaces__rosidl_typesupport_fastrtps_cpp.dir/rosidl_typesupport_fastrtps_cpp/interfaces/srv/detail/dds_fastrtps/catch_turtle__type_support.cpp.o[0m
[ 71%] [32m[1mLinking CXX shared library libinterfaces__rosidl_typesupport_cpp.so[0m
[ 73%] [32mBuilding CXX object CMakeFiles/interfaces__rosidl_typesupport_fastrtps_c.dir/rosidl_typesupport_fastrtps_c/interfaces/srv/detail/catch_turtle__type_support_c.cpp.o[0m
[ 75%] [32mBuilding CXX object CMakeFiles/interfaces__rosidl_typesupport_fastrtps_c.dir/rosidl_typesupport_fastrtps_c/interfaces/srv/detail/create_chasers__type_support_c.cpp.o[0m
[ 75%] Built target interfaces__rosidl_typesupport_cpp
[ 76%] [32mBuilding CXX object CMakeFiles/interfaces__rosidl_typesupport_fastrtps_cpp.dir/rosidl_typesupport_fastrtps_cpp/interfaces/srv/detail/dds_fastrtps/create_chasers__type_support.cpp.o[0m
[ 78%] [32m[1mLinking CXX shared library libinterfaces__rosidl_typesupport_introspection_cpp.so[0m
[ 78%] Built target interfaces__rosidl_typesupport_introspection_cpp
[ 79%] [32m[1mLinking CXX shared library libinterfaces__rosidl_typesupport_fastrtps_c.so[0m
[ 79%] Built target interfaces__rosidl_typesupport_fastrtps_c
[ 81%] [32m[1mLinking CXX shared library libinterfaces__rosidl_typesupport_fastrtps_cpp.so[0m
[ 81%] Built target interfaces__rosidl_typesupport_fastrtps_cpp
[ 81%] Built target interfaces
[ 82%] [34m[1mGenerating Python code for ROS interfaces[0m
[ 82%] Built target interfaces__py
[ 89%] [32mBuilding C object CMakeFiles/interfaces__rosidl_generator_py.dir/rosidl_generator_py/interfaces/msg/_turtle_array_s.c.o[0m
[ 89%] [32mBuilding C object CMakeFiles/interfaces__rosidl_generator_py.dir/rosidl_generator_py/interfaces/msg/_turtle_s.c.o[0m
[ 89%] [32mBuilding C object CMakeFiles/interfaces__rosidl_generator_py.dir/rosidl_generator_py/interfaces/srv/_catch_turtle_s.c.o[0m
[ 89%] [32mBuilding C object CMakeFiles/interfaces__rosidl_generator_py.dir/rosidl_generator_py/interfaces/srv/_create_chasers_s.c.o[0m
[ 90%] [32m[1mLinking C shared library libinterfaces__rosidl_generator_py.so[0m
[ 90%] Built target interfaces__rosidl_generator_py
[ 92%] [32mBuilding C object CMakeFiles/interfaces_s__rosidl_typesupport_introspection_c.dir/rosidl_generator_py/interfaces/_interfaces_s.ep.rosidl_typesupport_introspection_c.c.o[0m
[ 95%] [32mBuilding C object CMakeFiles/interfaces_s__rosidl_typesupport_c.dir/rosidl_generator_py/interfaces/_interfaces_s.ep.rosidl_typesupport_c.c.o[0m
[ 95%] [32mBuilding C object CMakeFiles/interfaces_s__rosidl_typesupport_fastrtps_c.dir/rosidl_generator_py/interfaces/_interfaces_s.ep.rosidl_typesupport_fastrtps_c.c.o[0m
[ 96%] [32m[1mLinking C shared module rosidl_generator_py/interfaces/interfaces_s__rosidl_typesupport_c.so[0m
[ 98%] [32m[1mLinking C shared module rosidl_generator_py/interfaces/interfaces_s__rosidl_typesupport_introspection_c.so[0m
[100%] [32m[1mLinking C shared module rosidl_generator_py/interfaces/interfaces_s__rosidl_typesupport_fastrtps_c.so[0m
[100%] Built target interfaces_s__rosidl_typesupport_c
[100%] Built target interfaces_s__rosidl_typesupport_introspection_c
[100%] Built target interfaces_s__rosidl_typesupport_fastrtps_c
-- Install configuration: ""
-- Installing: /home/ash/turtle_bot_chaser/install/interfaces/share/ament_index/resource_index/rosidl_interfaces/interfaces
-- Installing: /home/ash/turtle_bot_chaser/install/interfaces/share/interfaces/msg/Turtle.json
-- Installing: /home/ash/turtle_bot_chaser/install/interfaces/share/interfaces/msg/TurtleArray.json
-- Installing: /home/ash/turtle_bot_chaser/install/interfaces/share/interfaces/srv/CatchTurtle.json
-- Installing: /home/ash/turtle_bot_chaser/install/interfaces/share/interfaces/srv/CreateChasers.json
-- Installing: /home/ash/turtle_bot_chaser/install/interfaces/include/interfaces/interfaces
-- Installing: /home/ash/turtle_bot_chaser/install/interfaces/include/interfaces/interfaces/msg
-- Installing: /home/ash/turtle_bot_chaser/install/interfaces/include/interfaces/interfaces/msg/turtle.h
-- Installing: /home/ash/turtle_bot_chaser/install/interfaces/include/interfaces/interfaces/msg/rosidl_generator_c__visibility_control.h
-- Installing: /home/ash/turtle_bot_chaser/install/interfaces/include/interfaces/interfaces/msg/turtle_array.h
-- Installing: /home/ash/turtle_bot_chaser/install/interfaces/include/interfaces/interfaces/msg/detail
-- Installing: /home/ash/turtle_bot_chaser/install/interfaces/include/interfaces/interfaces/msg/detail/turtle__functions.c
-- Installing: /home/ash/turtle_bot_chaser/install/interfaces/include/interfaces/interfaces/msg/detail/turtle_array__type_support.c
-- Installing: /home/ash/turtle_bot_chaser/install/interfaces/include/interfaces/interfaces/msg/detail/turtle__type_support.c
-- Installing: /home/ash/turtle_bot_chaser/install/interfaces/include/interfaces/interfaces/msg/detail/turtle_array__functions.c
-- Installing: /home/ash/turtle_bot_chaser/install/interfaces/include/interfaces/interfaces/msg/detail/turtle_array__description.c
-- Installing: /home/ash/turtle_bot_chaser/install/interfaces/include/interfaces/interfaces/msg/detail/turtle__functions.h
-- Installing: /home/ash/turtle_bot_chaser/install/interfaces/include/interfaces/interfaces/msg/detail/turtle_array__struct.h
-- Installing: /home/ash/turtle_bot_chaser/install/interfaces/include/interfaces/interfaces/msg/detail/turtle__type_support.h
-- Installing: /home/ash/turtle_bot_chaser/install/interfaces/include/interfaces/interfaces/msg/detail/turtle_array__type_support.h
-- Installing: /home/ash/turtle_bot_chaser/install/interfaces/include/interfaces/interfaces/msg/detail/turtle__struct.h
-- Installing: /home/ash/turtle_bot_chaser/install/interfaces/include/interfaces/interfaces/msg/detail/turtle_array__functions.h
-- Installing: /home/ash/turtle_bot_chaser/install/interfaces/include/interfaces/interfaces/msg/detail/turtle__description.c
-- Installing: /home/ash/turtle_bot_chaser/install/interfaces/include/interfaces/interfaces/srv
-- Installing: /home/ash/turtle_bot_chaser/install/interfaces/include/interfaces/interfaces/srv/catch_turtle.h
-- Installing: /home/ash/turtle_bot_chaser/install/interfaces/include/interfaces/interfaces/srv/create_chasers.h
-- Installing: /home/ash/turtle_bot_chaser/install/interfaces/include/interfaces/interfaces/srv/detail
-- Installing: /home/ash/turtle_bot_chaser/install/interfaces/include/interfaces/interfaces/srv/detail/create_chasers__type_support.h
-- Installing: /home/ash/turtle_bot_chaser/install/interfaces/include/interfaces/interfaces/srv/detail/create_chasers__functions.c
-- Installing: /home/ash/turtle_bot_chaser/install/interfaces/include/interfaces/interfaces/srv/detail/create_chasers__struct.h
-- Installing: /home/ash/turtle_bot_chaser/install/interfaces/include/interfaces/interfaces/srv/detail/create_chasers__functions.h
-- Installing: /home/ash/turtle_bot_chaser/install/interfaces/include/interfaces/interfaces/srv/detail/create_chasers__description.c
-- Installing: /home/ash/turtle_bot_chaser/install/interfaces/include/interfaces/interfaces/srv/detail/catch_turtle__functions.h
-- Installing: /home/ash/turtle_bot_chaser/install/interfaces/include/interfaces/interfaces/srv/detail/create_chasers__type_support.c
-- Installing: /home/ash/turtle_bot_chaser/install/interfaces/include/interfaces/interfaces/srv/detail/catch_turtle__description.c
-- Installing: /home/ash/turtle_bot_chaser/install/interfaces/include/interfaces/interfaces/srv/detail/catch_turtle__functions.c
-- Installing: /home/ash/turtle_bot_chaser/install/interfaces/include/interfaces/interfaces/srv/detail/catch_turtle__struct.h
-- Installing: /home/ash/turtle_bot_chaser/install/interfaces/include/interfaces/interfaces/srv/detail/catch_turtle__type_support.c
-- Installing: /home/ash/turtle_bot_chaser/install/interfaces/include/interfaces/interfaces/srv/detail/catch_turtle__type_support.h
-- Installing: /home/ash/turtle_bot_chaser/install/interfaces/share/interfaces/environment/library_path.sh
-- Installing: /home/ash/turtle_bot_chaser/install/interfaces/share/interfaces/environment/library_path.dsv
-- Installing: /home/ash/turtle_bot_chaser/install/interfaces/lib/libinterfaces__rosidl_generator_c.so
-- Set non-toolchain portion of runtime path of "/home/ash/turtle_bot_chaser/install/interfaces/lib/libinterfaces__rosidl_generator_c.so" to ""
-- Up-to-date: /home/ash/turtle_bot_chaser/install/interfaces/include/interfaces/interfaces
-- Up-to-date: /home/ash/turtle_bot_chaser/install/interfaces/include/interfaces/interfaces/msg
-- Installing: /home/ash/turtle_bot_chaser/install/interfaces/include/interfaces/interfaces/msg/rosidl_typesupport_fastrtps_c__visibility_control.h
-- Up-to-date: /home/ash/turtle_bot_chaser/install/interfaces/include/interfaces/interfaces/msg/detail
-- Installing: /home/ash/turtle_bot_chaser/install/interfaces/include/interfaces/interfaces/msg/detail/turtle_array__rosidl_typesupport_fastrtps_c.h
-- Installing: /home/ash/turtle_bot_chaser/install/interfaces/include/interfaces/interfaces/msg/detail/turtle__rosidl_typesupport_fastrtps_c.h
-- Up-to-date: /home/ash/turtle_bot_chaser/install/interfaces/include/interfaces/interfaces/srv
-- Up-to-date: /home/ash/turtle_bot_chaser/install/interfaces/include/interfaces/interfaces/srv/detail
-- Installing: /home/ash/turtle_bot_chaser/install/interfaces/include/interfaces/interfaces/srv/detail/catch_turtle__rosidl_typesupport_fastrtps_c.h
-- Installing: /home/ash/turtle_bot_chaser/install/interfaces/include/interfaces/interfaces/srv/detail/create_chasers__rosidl_typesupport_fastrtps_c.h
-- Installing: /home/ash/turtle_bot_chaser/install/interfaces/lib/libinterfaces__rosidl_typesupport_fastrtps_c.so
-- Set non-toolchain portion of runtime path of "/home/ash/turtle_bot_chaser/install/interfaces/lib/libinterfaces__rosidl_typesupport_fastrtps_c.so" to ""
-- Up-to-date: /home/ash/turtle_bot_chaser/install/interfaces/include/interfaces/interfaces
-- Up-to-date: /home/ash/turtle_bot_chaser/install/interfaces/include/interfaces/interfaces/msg
-- Installing: /home/ash/turtle_bot_chaser/install/interfaces/include/interfaces/interfaces/msg/rosidl_typesupport_introspection_c__visibility_control.h
-- Up-to-date: /home/ash/turtle_bot_chaser/install/interfaces/include/interfaces/interfaces/msg/detail
-- Installing: /home/ash/turtle_bot_chaser/install/interfaces/include/interfaces/interfaces/msg/detail/turtle_array__type_support.c
-- Installing: /home/ash/turtle_bot_chaser/install/interfaces/include/interfaces/interfaces/msg/detail/turtle__rosidl_typesupport_introspection_c.h
-- Installing: /home/ash/turtle_bot_chaser/install/interfaces/include/interfaces/interfaces/msg/detail/turtle__type_support.c
-- Installing: /home/ash/turtle_bot_chaser/install/interfaces/include/interfaces/interfaces/msg/detail/turtle_array__rosidl_typesupport_introspection_c.h
-- Up-to-date: /home/ash/turtle_bot_chaser/install/interfaces/include/interfaces/interfaces/srv
-- Up-to-date: /home/ash/turtle_bot_chaser/install/interfaces/include/interfaces/interfaces/srv/detail
-- Installing: /home/ash/turtle_bot_chaser/install/interfaces/include/interfaces/interfaces/srv/detail/create_chasers__rosidl_typesupport_introspection_c.h
-- Installing: /home/ash/turtle_bot_chaser/install/interfaces/include/interfaces/interfaces/srv/detail/create_chasers__type_support.c
-- Installing: /home/ash/turtle_bot_chaser/install/interfaces/include/interfaces/interfaces/srv/detail/catch_turtle__type_support.c
-- Installing: /home/ash/turtle_bot_chaser/install/interfaces/include/interfaces/interfaces/srv/detail/catch_turtle__rosidl_typesupport_introspection_c.h
-- Installing: /home/ash/turtle_bot_chaser/install/interfaces/lib/libinterfaces__rosidl_typesupport_introspection_c.so
-- Set non-toolchain portion of runtime path of "/home/ash/turtle_bot_chaser/install/interfaces/lib/libinterfaces__rosidl_typesupport_introspection_c.so" to ""
-- Installing: /home/ash/turtle_bot_chaser/install/interfaces/lib/libinterfaces__rosidl_typesupport_c.so
-- Set non-toolchain portion of runtime path of "/home/ash/turtle_bot_chaser/install/interfaces/lib/libinterfaces__rosidl_typesupport_c.so" to ""
-- Up-to-date: /home/ash/turtle_bot_chaser/install/interfaces/include/interfaces/interfaces
-- Up-to-date: /home/ash/turtle_bot_chaser/install/interfaces/include/interfaces/interfaces/msg
-- Installing: /home/ash/turtle_bot_chaser/install/interfaces/include/interfaces/interfaces/msg/turtle.hpp
-- Installing: /home/ash/turtle_bot_chaser/install/interfaces/include/interfaces/interfaces/msg/turtle_array.hpp
-- Up-to-date: /home/ash/turtle_bot_chaser/install/interfaces/include/interfaces/interfaces/msg/detail
-- Installing: /home/ash/turtle_bot_chaser/install/interfaces/include/interfaces/interfaces/msg/detail/turtle__builder.hpp
-- Installing: /home/ash/turtle_bot_chaser/install/interfaces/include/interfaces/interfaces/msg/detail/turtle_array__struct.hpp
-- Installing: /home/ash/turtle_bot_chaser/install/interfaces/include/interfaces/interfaces/msg/detail/turtle__struct.hpp
-- Installing: /home/ash/turtle_bot_chaser/install/interfaces/include/interfaces/interfaces/msg/detail/turtle_array__type_support.hpp
-- Installing: /home/ash/turtle_bot_chaser/install/interfaces/include/interfaces/interfaces/msg/detail/turtle_array__builder.hpp
-- Installing: /home/ash/turtle_bot_chaser/install/interfaces/include/interfaces/interfaces/msg/detail/turtle__traits.hpp
-- Installing: /home/ash/turtle_bot_chaser/install/interfaces/include/interfaces/interfaces/msg/detail/turtle_array__traits.hpp
-- Installing: /home/ash/turtle_bot_chaser/install/interfaces/include/interfaces/interfaces/msg/detail/turtle__type_support.hpp
-- Installing: /home/ash/turtle_bot_chaser/install/interfaces/include/interfaces/interfaces/msg/rosidl_generator_cpp__visibility_control.hpp
-- Up-to-date: /home/ash/turtle_bot_chaser/install/interfaces/include/interfaces/interfaces/srv
-- Installing: /home/ash/turtle_bot_chaser/install/interfaces/include/interfaces/interfaces/srv/create_chasers.hpp
-- Up-to-date: /home/ash/turtle_bot_chaser/install/interfaces/include/interfaces/interfaces/srv/detail
-- Installing: /home/ash/turtle_bot_chaser/install/interfaces/include/interfaces/interfaces/srv/detail/create_chasers__traits.hpp
-- Installing: /home/ash/turtle_bot_chaser/install/interfaces/include/interfaces/interfaces/srv/detail/create_chasers__struct.hpp
-- Installing: /home/ash/turtle_bot_chaser/install/interfaces/include/interfaces/interfaces/srv/detail/catch_turtle__type_support.hpp
-- Installing: /home/ash/turtle_bot_chaser/install/interfaces/include/interfaces/interfaces/srv/detail/create_chasers__builder.hpp
-- Installing: /home/ash/turtle_bot_chaser/install/interfaces/include/interfaces/interfaces/srv/detail/catch_turtle__builder.hpp
-- Installing: /home/ash/turtle_bot_chaser/install/interfaces/include/interfaces/interfaces/srv/detail/create_chasers__type_support.hpp
-- Installing: /home/ash/turtle_bot_chaser/install/interfaces/include/interfaces/interfaces/srv/detail/catch_turtle__traits.hpp
-- Installing: /home/ash/turtle_bot_chaser/install/interfaces/include/interfaces/interfaces/srv/detail/catch_turtle__struct.hpp
-- Installing: /home/ash/turtle_bot_chaser/install/interfaces/include/interfaces/interfaces/srv/catch_turtle.hpp
-- Up-to-date: /home/ash/turtle_bot_chaser/install/interfaces/include/interfaces/interfaces
-- Up-to-date: /home/ash/turtle_bot_chaser/install/interfaces/include/interfaces/interfaces/msg
-- Installing: /home/ash/turtle_bot_chaser/install/interfaces/include/interfaces/interfaces/msg/rosidl_typesupport_fastrtps_cpp__visibility_control.h
-- Up-to-date: /home/ash/turtle_bot_chaser/install/interfaces/include/interfaces/interfaces/msg/detail
-- Installing: /home/ash/turtle_bot_chaser/install/interfaces/include/interfaces/interfaces/msg/detail/dds_fastrtps
-- Installing: /home/ash/turtle_bot_chaser/install/interfaces/include/interfaces/interfaces/msg/detail/turtle__rosidl_typesupport_fastrtps_cpp.hpp
-- Installing: /home/ash/turtle_bot_chaser/install/interfaces/include/interfaces/interfaces/msg/detail/turtle_array__rosidl_typesupport_fastrtps_cpp.hpp
-- Up-to-date: /home/ash/turtle_bot_chaser/install/interfaces/include/interfaces/interfaces/srv
-- Up-to-date: /home/ash/turtle_bot_chaser/install/interfaces/include/interfaces/interfaces/srv/detail
-- Installing: /home/ash/turtle_bot_chaser/install/interfaces/include/interfaces/interfaces/srv/detail/dds_fastrtps
-- Installing: /home/ash/turtle_bot_chaser/install/interfaces/include/interfaces/interfaces/srv/detail/catch_turtle__rosidl_typesupport_fastrtps_cpp.hpp
-- Installing: /home/ash/turtle_bot_chaser/install/interfaces/include/interfaces/interfaces/srv/detail/create_chasers__rosidl_typesupport_fastrtps_cpp.hpp
-- Installing: /home/ash/turtle_bot_chaser/install/interfaces/lib/libinterfaces__rosidl_typesupport_fastrtps_cpp.so
-- Set non-toolchain portion of runtime path of "/home/ash/turtle_bot_chaser/install/interfaces/lib/libinterfaces__rosidl_typesupport_fastrtps_cpp.so" to ""
-- Up-to-date: /home/ash/turtle_bot_chaser/install/interfaces/include/interfaces/interfaces
-- Up-to-date: /home/ash/turtle_bot_chaser/install/interfaces/include/interfaces/interfaces/msg
-- Up-to-date: /home/ash/turtle_bot_chaser/install/interfaces/include/interfaces/interfaces/msg/detail
-- Installing: /home/ash/turtle_bot_chaser/install/interfaces/include/interfaces/interfaces/msg/detail/turtle_array__type_support.cpp
-- Installing: /home/ash/turtle_bot_chaser/install/interfaces/include/interfaces/interfaces/msg/detail/turtle__type_support.cpp
-- Installing: /home/ash/turtle_bot_chaser/install/interfaces/include/interfaces/interfaces/msg/detail/turtle__rosidl_typesupport_introspection_cpp.hpp
-- Installing: /home/ash/turtle_bot_chaser/install/interfaces/include/interfaces/interfaces/msg/detail/turtle_array__rosidl_typesupport_introspection_cpp.hpp
-- Up-to-date: /home/ash/turtle_bot_chaser/install/interfaces/include/interfaces/interfaces/srv
-- Up-to-date: /home/ash/turtle_bot_chaser/install/interfaces/include/interfaces/interfaces/srv/detail
-- Installing: /home/ash/turtle_bot_chaser/install/interfaces/include/interfaces/interfaces/srv/detail/create_chasers__rosidl_typesupport_introspection_cpp.hpp
-- Installing: /home/ash/turtle_bot_chaser/install/interfaces/include/interfaces/interfaces/srv/detail/catch_turtle__rosidl_typesupport_introspection_cpp.hpp
-- Installing: /home/ash/turtle_bot_chaser/install/interfaces/include/interfaces/interfaces/srv/detail/create_chasers__type_support.cpp
-- Installing: /home/ash/turtle_bot_chaser/install/interfaces/include/interfaces/interfaces/srv/detail/catch_turtle__type_support.cpp
-- Installing: /home/ash/turtle_bot_chaser/install/interfaces/lib/libinterfaces__rosidl_typesupport_introspection_cpp.so
-- Set non-toolchain portion of runtime path of "/home/ash/turtle_bot_chaser/install/interfaces/lib/libinterfaces__rosidl_typesupport_introspection_cpp.so" to ""
-- Installing: /home/ash/turtle_bot_chaser/install/interfaces/lib/libinterfaces__rosidl_typesupport_cpp.so
-- Set non-toolchain portion of runtime path of "/home/ash/turtle_bot_chaser/install/interfaces/lib/libinterfaces__rosidl_typesupport_cpp.so" to ""
-- Installing: /home/ash/turtle_bot_chaser/install/interfaces/share/interfaces/environment/pythonpath.sh
-- Installing: /home/ash/turtle_bot_chaser/install/interfaces/share/interfaces/environment/pythonpath.dsv
-- Installing: /home/ash/turtle_bot_chaser/install/interfaces/lib/python3.12/site-packages/interfaces-0.0.0-py3.12.egg-info
-- Installing: /home/ash/turtle_bot_chaser/install/interfaces/lib/python3.12/site-packages/interfaces-0.0.0-py3.12.egg-info/top_level.txt
-- Installing: /home/ash/turtle_bot_chaser/install/interfaces/lib/python3.12/site-packages/interfaces-0.0.0-py3.12.egg-info/SOURCES.txt
-- Installing: /home/ash/turtle_bot_chaser/install/interfaces/lib/python3.12/site-packages/interfaces-0.0.0-py3.12.egg-info/dependency_links.txt
-- Installing: /home/ash/turtle_bot_chaser/install/interfaces/lib/python3.12/site-packages/interfaces-0.0.0-py3.12.egg-info/PKG-INFO
-- Installing: /home/ash/turtle_bot_chaser/install/interfaces/lib/python3.12/site-packages/interfaces
-- Installing: /home/ash/turtle_bot_chaser/install/interfaces/lib/python3.12/site-packages/interfaces/msg
-- Installing: /home/ash/turtle_bot_chaser/install/interfaces/lib/python3.12/site-packages/interfaces/msg/_turtle_s.c
-- Installing: /home/ash/turtle_bot_chaser/install/interfaces/lib/python3.12/site-packages/interfaces/msg/_turtle_array_s.c
-- Installing: /home/ash/turtle_bot_chaser/install/interfaces/lib/python3.12/site-packages/interfaces/msg/_turtle_array.py
-- Installing: /home/ash/turtle_bot_chaser/install/interfaces/lib/python3.12/site-packages/interfaces/msg/_turtle.py
-- Installing: /home/ash/turtle_bot_chaser/install/interfaces/lib/python3.12/site-packages/interfaces/msg/__init__.py
-- Installing: /home/ash/turtle_bot_chaser/install/interfaces/lib/python3.12/site-packages/interfaces/_interfaces_s.ep.rosidl_typesupport_introspection_c.c
-- Installing: /home/ash/turtle_bot_chaser/install/interfaces/lib/python3.12/site-packages/interfaces/srv
-- Installing: /home/ash/turtle_bot_chaser/install/interfaces/lib/python3.12/site-packages/interfaces/srv/_create_chasers_s.c
-- Installing: /home/ash/turtle_bot_chaser/install/interfaces/lib/python3.12/site-packages/interfaces/srv/_catch_turtle.py
-- Installing: /home/ash/turtle_bot_chaser/install/interfaces/lib/python3.12/site-packages/interfaces/srv/__init__.py
-- Installing: /home/ash/turtle_bot_chaser/install/interfaces/lib/python3.12/site-packages/interfaces/srv/_create_chasers.py
-- Installing: /home/ash/turtle_bot_chaser/install/interfaces/lib/python3.12/site-packages/interfaces/srv/_catch_turtle_s.c
-- Installing: /home/ash/turtle_bot_chaser/install/interfaces/lib/python3.12/site-packages/interfaces/__init__.py
-- Installing: /home/ash/turtle_bot_chaser/install/interfaces/lib/python3.12/site-packages/interfaces/interfaces_s__rosidl_typesupport_c.so
-- Installing: /home/ash/turtle_bot_chaser/install/interfaces/lib/python3.12/site-packages/interfaces/_interfaces_s.ep.rosidl_typesupport_c.c
-- Installing: /home/ash/turtle_bot_chaser/install/interfaces/lib/python3.12/site-packages/interfaces/interfaces_s__rosidl_typesupport_introspection_c.so
-- Installing: /home/ash/turtle_bot_chaser/install/interfaces/lib/python3.12/site-packages/interfaces/interfaces_s__rosidl_typesupport_fastrtps_c.so
-- Installing: /home/ash/turtle_bot_chaser/install/interfaces/lib/python3.12/site-packages/interfaces/_interfaces_s.ep.rosidl_typesupport_fastrtps_c.c
Listing '/home/ash/turtle_bot_chaser/install/interfaces/lib/python3.12/site-packages/interfaces'...
Compiling '/home/ash/turtle_bot_chaser/install/interfaces/lib/python3.12/site-packages/interfaces/__init__.py'...
Listing '/home/ash/turtle_bot_chaser/install/interfaces/lib/python3.12/site-packages/interfaces/msg'...
Compiling '/home/ash/turtle_bot_chaser/install/interfaces/lib/python3.12/site-packages/interfaces/msg/__init__.py'...
Compiling '/home/ash/turtle_bot_chaser/install/interfaces/lib/python3.12/site-packages/interfaces/msg/_turtle.py'...
Compiling '/home/ash/turtle_bot_chaser/install/interfaces/lib/python3.12/site-packages/interfaces/msg/_turtle_array.py'...
Listing '/home/ash/turtle_bot_chaser/install/interfaces/lib/python3.12/site-packages/interfaces/srv'...
Compiling '/home/ash/turtle_bot_chaser/install/interfaces/lib/python3.12/site-packages/interfaces/srv/__init__.py'...
Compiling '/home/ash/turtle_bot_chaser/install/interfaces/lib/python3.12/site-packages/interfaces/srv/_catch_turtle.py'...
Compiling '/home/ash/turtle_bot_chaser/install/interfaces/lib/python3.12/site-packages/interfaces/srv/_create_chasers.py'...
-- Installing: /home/ash/turtle_bot_chaser/install/interfaces/lib/python3.12/site-packages/interfaces/interfaces_s__rosidl_typesupport_fastrtps_c.so
-- Set non-toolchain portion of runtime path of "/home/ash/turtle_bot_chaser/install/interfaces/lib/python3.12/site-packages/interfaces/interfaces_s__rosidl_typesupport_fastrtps_c.so" to ""
-- Installing: /home/ash/turtle_bot_chaser/install/interfaces/lib/python3.12/site-packages/interfaces/interfaces_s__rosidl_typesupport_introspection_c.so
-- Set non-toolchain portion of runtime path of "/home/ash/turtle_bot_chaser/install/interfaces/lib/python3.12/site-packages/interfaces/interfaces_s__rosidl_typesupport_introspection_c.so" to ""
-- Installing: /home/ash/turtle_bot_chaser/install/interfaces/lib/python3.12/site-packages/interfaces/interfaces_s__rosidl_typesupport_c.so
-- Set non-toolchain portion of runtime path of "/home/ash/turtle_bot_chaser/install/interfaces/lib/python3.12/site-packages/interfaces/interfaces_s__rosidl_typesupport_c.so" to ""
-- Installing: /home/ash/turtle_bot_chaser/install/interfaces/lib/libinterfaces__rosidl_generator_py.so
-- Set non-toolchain portion of runtime path of "/home/ash/turtle_bot_chaser/install/interfaces/lib/libinterfaces__rosidl_generator_py.so" to ""
-- Installing: /home/ash/turtle_bot_chaser/install/interfaces/share/interfaces/msg/Turtle.idl
-- Installing: /home/ash/turtle_bot_chaser/install/interfaces/share/interfaces/msg/TurtleArray.idl
-- Installing: /home/ash/turtle_bot_chaser/install/interfaces/share/interfaces/srv/CatchTurtle.idl
-- Installing: /home/ash/turtle_bot_chaser/install/interfaces/share/interfaces/srv/CreateChasers.idl
-- Installing: /home/ash/turtle_bot_chaser/install/interfaces/share/interfaces/msg/Turtle.msg
-- Installing: /home/ash/turtle_bot_chaser/install/interfaces/share/interfaces/msg/TurtleArray.msg
-- Installing: /home/ash/turtle_bot_chaser/install/interfaces/share/interfaces/srv/CatchTurtle.srv
-- Installing: /home/ash/turtle_bot_chaser/install/interfaces/share/interfaces/srv/CreateChasers.srv
-- Installing: /home/ash/turtle_bot_chaser/install/interfaces/share/ament_index/resource_index/package_run_dependencies/interfaces
-- Installing: /home/ash/turtle_bot_chaser/install/interfaces/share/ament_index/resource_index/parent_prefix_path/interfaces
-- Installing: /home/ash/turtle_bot_chaser/install/interfaces/share/interfaces/environment/ament_prefix_path.sh
-- Installing: /home/ash/turtle_bot_chaser/install/interfaces/share/interfaces/environment/ament_prefix_path.dsv
-- Installing: /home/ash/turtle_bot_chaser/install/interfaces/share/interfaces/environment/path.sh
-- Installing: /home/ash/turtle_bot_chaser/install/interfaces/share/interfaces/environment/path.dsv
-- Installing: /home/ash/turtle_bot_chaser/install/interfaces/share/interfaces/local_setup.bash
-- Installing: /home/ash/turtle_bot_chaser/install/interfaces/share/interfaces/local_setup.sh
-- Installing: /home/ash/turtle_bot_chaser/install/interfaces/share/interfaces/local_setup.zsh
-- Installing: /home/ash/turtle_bot_chaser/install/interfaces/share/interfaces/local_setup.dsv
-- Installing: /home/ash/turtle_bot_chaser/install/interfaces/share/interfaces/package.dsv
-- Installing: /home/ash/turtle_bot_chaser/install/interfaces/share/ament_index/resource_index/packages/interfaces
-- Installing: /home/ash/turtle_bot_chaser/install/interfaces/share/interfaces/cmake/export_interfaces__rosidl_generator_cExport.cmake
-- Installing: /home/ash/turtle_bot_chaser/install/interfaces/share/interfaces/cmake/export_interfaces__rosidl_generator_cExport-noconfig.cmake
-- Installing: /home/ash/turtle_bot_chaser/install/interfaces/share/interfaces/cmake/export_interfaces__rosidl_typesupport_fastrtps_cExport.cmake
-- Installing: /home/ash/turtle_bot_chaser/install/interfaces/share/interfaces/cmake/export_interfaces__rosidl_typesupport_fastrtps_cExport-noconfig.cmake
-- Installing: /home/ash/turtle_bot_chaser/install/interfaces/share/interfaces/cmake/interfaces__rosidl_typesupport_introspection_cExport.cmake
-- Installing: /home/ash/turtle_bot_chaser/install/interfaces/share/interfaces/cmake/interfaces__rosidl_typesupport_introspection_cExport-noconfig.cmake
-- Installing: /home/ash/turtle_bot_chaser/install/interfaces/share/interfaces/cmake/interfaces__rosidl_typesupport_cExport.cmake
-- Installing: /home/ash/turtle_bot_chaser/install/interfaces/share/interfaces/cmake/interfaces__rosidl_typesupport_cExport-noconfig.cmake
-- Installing: /home/ash/turtle_bot_chaser/install/interfaces/share/interfaces/cmake/export_interfaces__rosidl_generator_cppExport.cmake
-- Installing: /home/ash/turtle_bot_chaser/install/interfaces/share/interfaces/cmake/export_interfaces__rosidl_typesupport_fastrtps_cppExport.cmake
-- Installing: /home/ash/turtle_bot_chaser/install/interfaces/share/interfaces/cmake/export_interfaces__rosidl_typesupport_fastrtps_cppExport-noconfig.cmake
-- Installing: /home/ash/turtle_bot_chaser/install/interfaces/share/interfaces/cmake/interfaces__rosidl_typesupport_introspection_cppExport.cmake
-- Installing: /home/ash/turtle_bot_chaser/install/interfaces/share/interfaces/cmake/interfaces__rosidl_typesupport_introspection_cppExport-noconfig.cmake
-- Installing: /home/ash/turtle_bot_chaser/install/interfaces/share/interfaces/cmake/interfaces__rosidl_typesupport_cppExport.cmake
-- Installing: /home/ash/turtle_bot_chaser/install/interfaces/share/interfaces/cmake/interfaces__rosidl_typesupport_cppExport-noconfig.cmake
-- Installing: /home/ash/turtle_bot_chaser/install/interfaces/share/interfaces/cmake/export_interfaces__rosidl_generator_pyExport.cmake
-- Installing: /home/ash/turtle_bot_chaser/install/interfaces/share/interfaces/cmake/export_interfaces__rosidl_generator_pyExport-noconfig.cmake
-- Installing: /home/ash/turtle_bot_chaser/install/interfaces/share/interfaces/cmake/rosidl_cmake-extras.cmake
-- Installing: /home/ash/turtle_bot_chaser/install/interfaces/share/interfaces/cmake/ament_cmake_export_dependencies-extras.cmake
-- Installing: /home/ash/turtle_bot_chaser/install/interfaces/share/interfaces/cmake/ament_cmake_export_include_directories-extras.cmake
-- Installing: /home/ash/turtle_bot_chaser/install/interfaces/share/interfaces/cmake/ament_cmake_export_libraries-extras.cmake
-- Installing: /home/ash/turtle_bot_chaser/install/interfaces/share/interfaces/cmake/ament_cmake_export_targets-extras.cmake
-- Installing: /home/ash/turtle_bot_chaser/install/interfaces/share/interfaces/cmake/rosidl_cmake_export_typesupport_targets-extras.cmake
-- Installing: /home/ash/turtle_bot_chaser/install/interfaces/share/interfaces/cmake/rosidl_cmake_export_typesupport_libraries-extras.cmake
-- Installing: /home/ash/turtle_bot_chaser/install/interfaces/share/interfaces/cmake/interfacesConfig.cmake
-- Installing: /home/ash/turtle_bot_chaser/install/interfaces/share/interfaces/cmake/interfacesConfig-version.cmake
-- Installing: /home/ash/turtle_bot_chaser/install/interfaces/share/interfaces/package.xml
