[0.029s] Invoking command in '/home/ash/turtle_bot_chaser/build/interfaces': CMAKE_PREFIX_PATH=${CMAKE_PREFIX_PATH}:/home/ash/ros2_ws/install/project:/home/ash/ros2_ws/install/my_py_pkg:/home/ash/ros2_ws/install/activity4:/home/ash/ros2_ws/install/activity2:/opt/ros/jazzy DEBUGINFOD_URLS=https://debuginfod.ubuntu.com /usr/bin/cmake /home/ash/turtle_bot_chaser/src/interfaces -DCMAKE_INSTALL_PREFIX=/home/ash/turtle_bot_chaser/install/interfaces
[0.388s] -- The C compiler identification is GNU 13.3.0
[0.627s] -- The CXX compiler identification is GNU 13.3.0
[0.675s] -- Detecting C compiler ABI info
[0.861s] -- Detecting C compiler ABI info - done
[0.869s] -- Check for working C compiler: /usr/bin/cc - skipped
[0.870s] -- Detecting C compile features
[0.872s] -- Detecting C compile features - done
[0.900s] -- Detecting CXX compiler ABI info
[1.053s] -- Detecting CXX compiler ABI info - done
[1.061s] -- Check for working CXX compiler: /usr/bin/c++ - skipped
[1.061s] -- Detecting CXX compile features
[1.061s] -- Detecting CXX compile features - done
[1.089s] -- Found ament_cmake: 2.5.4 (/opt/ros/jazzy/share/ament_cmake/cmake)
[1.287s] -- Found Python3: /usr/bin/python3 (found version "3.12.3") found components: Interpreter 
[1.513s] -- Found rosidl_default_generators: 1.6.0 (/opt/ros/jazzy/share/rosidl_default_generators/cmake)
[1.543s] -- Using all available rosidl_typesupport_c: rosidl_typesupport_fastrtps_c;rosidl_typesupport_introspection_c
[1.680s] -- Using all available rosidl_typesupport_cpp: rosidl_typesupport_fastrtps_cpp;rosidl_typesupport_introspection_cpp
[1.810s] -- Found rosidl_adapter: 4.6.5 (/opt/ros/jazzy/share/rosidl_adapter/cmake)
[2.628s] -- Found ament_cmake_ros: 0.12.0 (/opt/ros/jazzy/share/ament_cmake_ros/cmake)
[3.190s] -- Using all available rosidl_typesupport_c: rosidl_typesupport_fastrtps_c;rosidl_typesupport_introspection_c
[3.896s] -- Using all available rosidl_typesupport_cpp: rosidl_typesupport_fastrtps_cpp;rosidl_typesupport_introspection_cpp
[3.904s] -- Found python_cmake_module: 0.11.1 (/opt/ros/jazzy/share/python_cmake_module/cmake)
[4.076s] -- Found PythonExtra: /usr/bin/python3  
[4.783s] -- Found Python3: /usr/bin/python3 (found version "3.12.3") found components: Interpreter Development NumPy Development.Module Development.Embed 
[4.828s] -- Found ament_lint_auto: 0.17.2 (/opt/ros/jazzy/share/ament_lint_auto/cmake)
[4.904s] -- Added test 'lint_cmake' to check CMake code style
[4.908s] -- Added test 'xmllint' to check XML markup files
[4.915s] -- Configuring done (4.8s)
[4.980s] -- Generating done (0.1s)
[5.000s] -- Build files have been written to: /home/ash/turtle_bot_chaser/build/interfaces
[5.018s] Invoked command in '/home/ash/turtle_bot_chaser/build/interfaces' returned '0': CMAKE_PREFIX_PATH=${CMAKE_PREFIX_PATH}:/home/ash/ros2_ws/install/project:/home/ash/ros2_ws/install/my_py_pkg:/home/ash/ros2_ws/install/activity4:/home/ash/ros2_ws/install/activity2:/opt/ros/jazzy DEBUGINFOD_URLS=https://debuginfod.ubuntu.com /usr/bin/cmake /home/ash/turtle_bot_chaser/src/interfaces -DCMAKE_INSTALL_PREFIX=/home/ash/turtle_bot_chaser/install/interfaces
[5.018s] Invoking command in '/home/ash/turtle_bot_chaser/build/interfaces': CMAKE_PREFIX_PATH=${CMAKE_PREFIX_PATH}:/home/ash/ros2_ws/install/project:/home/ash/ros2_ws/install/my_py_pkg:/home/ash/ros2_ws/install/activity4:/home/ash/ros2_ws/install/activity2:/opt/ros/jazzy DEBUGINFOD_URLS=https://debuginfod.ubuntu.com /usr/bin/cmake --build /home/ash/turtle_bot_chaser/build/interfaces -- -j7 -l7
[5.129s] [  1%] [34m[1mGenerating type hashes for ROS interfaces[0m
[5.152s] [  1%] Built target ament_cmake_python_copy_interfaces
[5.347s] running egg_info
[5.354s] creating interfaces.egg-info
[5.360s] [  1%] Built target interfaces__rosidl_generator_type_description
[5.370s] writing interfaces.egg-info/PKG-INFO
[5.371s] writing dependency_links to interfaces.egg-info/dependency_links.txt
[5.371s] writing top-level names to interfaces.egg-info/top_level.txt
[5.371s] writing manifest file 'interfaces.egg-info/SOURCES.txt'
[5.379s] [  3%] [34m[1mGenerating C code for ROS interfaces[0m
[5.401s] [  4%] [34m[1mGenerating C++ code for ROS interfaces[0m
[5.420s] reading manifest file 'interfaces.egg-info/SOURCES.txt'
[5.420s] writing manifest file 'interfaces.egg-info/SOURCES.txt'
[5.464s] [  4%] Built target ament_cmake_python_build_interfaces_egg
[5.834s] [  4%] Built target interfaces__cpp
[5.916s] [  7%] [32mBuilding C object CMakeFiles/interfaces__rosidl_generator_c.dir/rosidl_generator_c/interfaces/msg/detail/turtle_array__description.c.o[0m
[5.916s] [  7%] [32mBuilding C object CMakeFiles/interfaces__rosidl_generator_c.dir/rosidl_generator_c/interfaces/msg/detail/turtle__description.c.o[0m
[5.916s] [  9%] [32mBuilding C object CMakeFiles/interfaces__rosidl_generator_c.dir/rosidl_generator_c/interfaces/msg/detail/turtle__functions.c.o[0m
[5.916s] [ 10%] [32mBuilding C object CMakeFiles/interfaces__rosidl_generator_c.dir/rosidl_generator_c/interfaces/msg/detail/turtle_array__functions.c.o[0m
[5.918s] [ 12%] [32mBuilding C object CMakeFiles/interfaces__rosidl_generator_c.dir/rosidl_generator_c/interfaces/msg/detail/turtle_array__type_support.c.o[0m
[5.919s] [ 14%] [32mBuilding C object CMakeFiles/interfaces__rosidl_generator_c.dir/rosidl_generator_c/interfaces/msg/detail/turtle__type_support.c.o[0m
[5.923s] [ 15%] [32mBuilding C object CMakeFiles/interfaces__rosidl_generator_c.dir/rosidl_generator_c/interfaces/srv/detail/catch_turtle__description.c.o[0m
[5.995s] [ 17%] [32mBuilding C object CMakeFiles/interfaces__rosidl_generator_c.dir/rosidl_generator_c/interfaces/srv/detail/catch_turtle__functions.c.o[0m
[5.995s] [ 18%] [32mBuilding C object CMakeFiles/interfaces__rosidl_generator_c.dir/rosidl_generator_c/interfaces/srv/detail/catch_turtle__type_support.c.o[0m
[6.001s] [ 20%] [32mBuilding C object CMakeFiles/interfaces__rosidl_generator_c.dir/rosidl_generator_c/interfaces/srv/detail/create_chasers__type_support.c.o[0m
[6.002s] [ 21%] [32mBuilding C object CMakeFiles/interfaces__rosidl_generator_c.dir/rosidl_generator_c/interfaces/srv/detail/create_chasers__functions.c.o[0m
[6.010s] [ 23%] [32mBuilding C object CMakeFiles/interfaces__rosidl_generator_c.dir/rosidl_generator_c/interfaces/srv/detail/create_chasers__description.c.o[0m
[6.088s] [ 25%] [32m[1mLinking C shared library libinterfaces__rosidl_generator_c.so[0m
[6.142s] [ 25%] Built target interfaces__rosidl_generator_c
[6.160s] [ 29%] [34m[1mGenerating C++ introspection for ROS interfaces[0m
[6.161s] [ 29%] [34m[1mGenerating C++ type support dispatch for ROS interfaces[0m
[6.161s] [ 29%] [34m[1mGenerating C++ type support for eProsima Fast-RTPS[0m
[6.161s] [ 31%] [34m[1mGenerating C introspection for ROS interfaces[0m
[6.161s] [ 32%] [34m[1mGenerating C type support for eProsima Fast-RTPS[0m
[6.161s] [ 34%] [34m[1mGenerating C type support dispatch for ROS interfaces[0m
[6.539s] [ 37%] [32mBuilding CXX object CMakeFiles/interfaces__rosidl_typesupport_cpp.dir/rosidl_typesupport_cpp/interfaces/msg/turtle__type_support.cpp.o[0m
[6.540s] [ 37%] [32mBuilding CXX object CMakeFiles/interfaces__rosidl_typesupport_cpp.dir/rosidl_typesupport_cpp/interfaces/msg/turtle_array__type_support.cpp.o[0m
[6.554s] [ 39%] [32mBuilding CXX object CMakeFiles/interfaces__rosidl_typesupport_c.dir/rosidl_typesupport_c/interfaces/msg/turtle__type_support.cpp.o[0m
[6.618s] [ 40%] [32mBuilding CXX object CMakeFiles/interfaces__rosidl_typesupport_c.dir/rosidl_typesupport_c/interfaces/msg/turtle_array__type_support.cpp.o[0m
[6.646s] [ 42%] [32mBuilding C object CMakeFiles/interfaces__rosidl_typesupport_introspection_c.dir/rosidl_typesupport_introspection_c/interfaces/msg/detail/turtle__type_support.c.o[0m
[6.660s] [ 43%] [32mBuilding CXX object CMakeFiles/interfaces__rosidl_typesupport_introspection_cpp.dir/rosidl_typesupport_introspection_cpp/interfaces/msg/detail/turtle__type_support.cpp.o[0m
[6.686s] [ 45%] [32mBuilding CXX object CMakeFiles/interfaces__rosidl_typesupport_c.dir/rosidl_typesupport_c/interfaces/srv/catch_turtle__type_support.cpp.o[0m
[6.710s] [ 46%] [32mBuilding C object CMakeFiles/interfaces__rosidl_typesupport_introspection_c.dir/rosidl_typesupport_introspection_c/interfaces/msg/detail/turtle_array__type_support.c.o[0m
[6.765s] [ 48%] [32mBuilding CXX object CMakeFiles/interfaces__rosidl_typesupport_fastrtps_c.dir/rosidl_typesupport_fastrtps_c/interfaces/msg/detail/turtle__type_support_c.cpp.o[0m
[6.767s] [ 50%] [32mBuilding C object CMakeFiles/interfaces__rosidl_typesupport_introspection_c.dir/rosidl_typesupport_introspection_c/interfaces/srv/detail/catch_turtle__type_support.c.o[0m
[6.768s] [ 51%] [32mBuilding CXX object CMakeFiles/interfaces__rosidl_typesupport_c.dir/rosidl_typesupport_c/interfaces/srv/create_chasers__type_support.cpp.o[0m
[6.807s] [ 53%] [32mBuilding CXX object CMakeFiles/interfaces__rosidl_typesupport_fastrtps_cpp.dir/rosidl_typesupport_fastrtps_cpp/interfaces/msg/detail/dds_fastrtps/turtle__type_support.cpp.o[0m
[6.834s] [ 54%] [32mBuilding C object CMakeFiles/interfaces__rosidl_typesupport_introspection_c.dir/rosidl_typesupport_introspection_c/interfaces/srv/detail/create_chasers__type_support.c.o[0m
[6.835s] [ 56%] [32m[1mLinking CXX shared library libinterfaces__rosidl_typesupport_c.so[0m
[6.898s] [ 57%] [32m[1mLinking C shared library libinterfaces__rosidl_typesupport_introspection_c.so[0m
[6.908s] [ 59%] [32mBuilding CXX object CMakeFiles/interfaces__rosidl_typesupport_cpp.dir/rosidl_typesupport_cpp/interfaces/srv/catch_turtle__type_support.cpp.o[0m
[6.912s] [ 59%] Built target interfaces__rosidl_typesupport_c
[6.925s] [ 60%] [32mBuilding CXX object CMakeFiles/interfaces__rosidl_typesupport_cpp.dir/rosidl_typesupport_cpp/interfaces/srv/create_chasers__type_support.cpp.o[0m
[6.927s] [ 62%] [32mBuilding CXX object CMakeFiles/interfaces__rosidl_typesupport_fastrtps_cpp.dir/rosidl_typesupport_fastrtps_cpp/interfaces/msg/detail/dds_fastrtps/turtle_array__type_support.cpp.o[0m
[7.000s] [ 62%] Built target interfaces__rosidl_typesupport_introspection_c
[7.009s] [ 64%] [32mBuilding CXX object CMakeFiles/interfaces__rosidl_typesupport_introspection_cpp.dir/rosidl_typesupport_introspection_cpp/interfaces/msg/detail/turtle_array__type_support.cpp.o[0m
[7.056s] [ 65%] [32mBuilding CXX object CMakeFiles/interfaces__rosidl_typesupport_fastrtps_c.dir/rosidl_typesupport_fastrtps_c/interfaces/msg/detail/turtle_array__type_support_c.cpp.o[0m
[7.405s] [ 67%] [32mBuilding CXX object CMakeFiles/interfaces__rosidl_typesupport_introspection_cpp.dir/rosidl_typesupport_introspection_cpp/interfaces/srv/detail/catch_turtle__type_support.cpp.o[0m
[7.516s] [ 70%] [32mBuilding CXX object CMakeFiles/interfaces__rosidl_typesupport_introspection_cpp.dir/rosidl_typesupport_introspection_cpp/interfaces/srv/detail/create_chasers__type_support.cpp.o[0m
[7.516s] [ 70%] [32mBuilding CXX object CMakeFiles/interfaces__rosidl_typesupport_fastrtps_cpp.dir/rosidl_typesupport_fastrtps_cpp/interfaces/srv/detail/dds_fastrtps/catch_turtle__type_support.cpp.o[0m
[7.606s] [ 71%] [32m[1mLinking CXX shared library libinterfaces__rosidl_typesupport_cpp.so[0m
[7.640s] [ 73%] [32mBuilding CXX object CMakeFiles/interfaces__rosidl_typesupport_fastrtps_c.dir/rosidl_typesupport_fastrtps_c/interfaces/srv/detail/catch_turtle__type_support_c.cpp.o[0m
[7.683s] [ 75%] [32mBuilding CXX object CMakeFiles/interfaces__rosidl_typesupport_fastrtps_c.dir/rosidl_typesupport_fastrtps_c/interfaces/srv/detail/create_chasers__type_support_c.cpp.o[0m
[7.753s] [ 75%] Built target interfaces__rosidl_typesupport_cpp
[7.766s] [ 76%] [32mBuilding CXX object CMakeFiles/interfaces__rosidl_typesupport_fastrtps_cpp.dir/rosidl_typesupport_fastrtps_cpp/interfaces/srv/detail/dds_fastrtps/create_chasers__type_support.cpp.o[0m
[8.014s] [ 78%] [32m[1mLinking CXX shared library libinterfaces__rosidl_typesupport_introspection_cpp.so[0m
[8.126s] [ 78%] Built target interfaces__rosidl_typesupport_introspection_cpp
[8.208s] [ 79%] [32m[1mLinking CXX shared library libinterfaces__rosidl_typesupport_fastrtps_c.so[0m
[8.323s] [ 79%] Built target interfaces__rosidl_typesupport_fastrtps_c
[8.431s] [ 81%] [32m[1mLinking CXX shared library libinterfaces__rosidl_typesupport_fastrtps_cpp.so[0m
[8.534s] [ 81%] Built target interfaces__rosidl_typesupport_fastrtps_cpp
[8.577s] [ 81%] Built target interfaces
[8.614s] [ 82%] [34m[1mGenerating Python code for ROS interfaces[0m
[9.092s] [ 82%] Built target interfaces__py
[9.122s] [ 89%] [32mBuilding C object CMakeFiles/interfaces__rosidl_generator_py.dir/rosidl_generator_py/interfaces/msg/_turtle_array_s.c.o[0m
[9.122s] [ 89%] [32mBuilding C object CMakeFiles/interfaces__rosidl_generator_py.dir/rosidl_generator_py/interfaces/msg/_turtle_s.c.o[0m
[9.122s] [ 89%] [32mBuilding C object CMakeFiles/interfaces__rosidl_generator_py.dir/rosidl_generator_py/interfaces/srv/_catch_turtle_s.c.o[0m
[9.122s] [ 89%] [32mBuilding C object CMakeFiles/interfaces__rosidl_generator_py.dir/rosidl_generator_py/interfaces/srv/_create_chasers_s.c.o[0m
[9.295s] [ 90%] [32m[1mLinking C shared library libinterfaces__rosidl_generator_py.so[0m
[9.363s] [ 90%] Built target interfaces__rosidl_generator_py
[9.397s] [ 92%] [32mBuilding C object CMakeFiles/interfaces_s__rosidl_typesupport_introspection_c.dir/rosidl_generator_py/interfaces/_interfaces_s.ep.rosidl_typesupport_introspection_c.c.o[0m
[9.397s] [ 95%] [32mBuilding C object CMakeFiles/interfaces_s__rosidl_typesupport_c.dir/rosidl_generator_py/interfaces/_interfaces_s.ep.rosidl_typesupport_c.c.o[0m
[9.397s] [ 95%] [32mBuilding C object CMakeFiles/interfaces_s__rosidl_typesupport_fastrtps_c.dir/rosidl_generator_py/interfaces/_interfaces_s.ep.rosidl_typesupport_fastrtps_c.c.o[0m
[9.519s] [ 96%] [32m[1mLinking C shared module rosidl_generator_py/interfaces/interfaces_s__rosidl_typesupport_c.so[0m
[9.523s] [ 98%] [32m[1mLinking C shared module rosidl_generator_py/interfaces/interfaces_s__rosidl_typesupport_introspection_c.so[0m
[9.530s] [100%] [32m[1mLinking C shared module rosidl_generator_py/interfaces/interfaces_s__rosidl_typesupport_fastrtps_c.so[0m
[9.578s] [100%] Built target interfaces_s__rosidl_typesupport_c
[9.579s] [100%] Built target interfaces_s__rosidl_typesupport_introspection_c
[9.591s] [100%] Built target interfaces_s__rosidl_typesupport_fastrtps_c
[9.611s] Invoked command in '/home/ash/turtle_bot_chaser/build/interfaces' returned '0': CMAKE_PREFIX_PATH=${CMAKE_PREFIX_PATH}:/home/ash/ros2_ws/install/project:/home/ash/ros2_ws/install/my_py_pkg:/home/ash/ros2_ws/install/activity4:/home/ash/ros2_ws/install/activity2:/opt/ros/jazzy DEBUGINFOD_URLS=https://debuginfod.ubuntu.com /usr/bin/cmake --build /home/ash/turtle_bot_chaser/build/interfaces -- -j7 -l7
[9.627s] Invoking command in '/home/ash/turtle_bot_chaser/build/interfaces': CMAKE_PREFIX_PATH=${CMAKE_PREFIX_PATH}:/home/ash/ros2_ws/install/project:/home/ash/ros2_ws/install/my_py_pkg:/home/ash/ros2_ws/install/activity4:/home/ash/ros2_ws/install/activity2:/opt/ros/jazzy DEBUGINFOD_URLS=https://debuginfod.ubuntu.com /usr/bin/cmake --install /home/ash/turtle_bot_chaser/build/interfaces
[9.642s] -- Install configuration: ""
[9.642s] -- Installing: /home/ash/turtle_bot_chaser/install/interfaces/share/ament_index/resource_index/rosidl_interfaces/interfaces
[9.643s] -- Installing: /home/ash/turtle_bot_chaser/install/interfaces/share/interfaces/msg/Turtle.json
[9.643s] -- Installing: /home/ash/turtle_bot_chaser/install/interfaces/share/interfaces/msg/TurtleArray.json
[9.643s] -- Installing: /home/ash/turtle_bot_chaser/install/interfaces/share/interfaces/srv/CatchTurtle.json
[9.643s] -- Installing: /home/ash/turtle_bot_chaser/install/interfaces/share/interfaces/srv/CreateChasers.json
[9.643s] -- Installing: /home/ash/turtle_bot_chaser/install/interfaces/include/interfaces/interfaces
[9.644s] -- Installing: /home/ash/turtle_bot_chaser/install/interfaces/include/interfaces/interfaces/msg
[9.644s] -- Installing: /home/ash/turtle_bot_chaser/install/interfaces/include/interfaces/interfaces/msg/turtle.h
[9.644s] -- Installing: /home/ash/turtle_bot_chaser/install/interfaces/include/interfaces/interfaces/msg/rosidl_generator_c__visibility_control.h
[9.645s] -- Installing: /home/ash/turtle_bot_chaser/install/interfaces/include/interfaces/interfaces/msg/turtle_array.h
[9.645s] -- Installing: /home/ash/turtle_bot_chaser/install/interfaces/include/interfaces/interfaces/msg/detail
[9.645s] -- Installing: /home/ash/turtle_bot_chaser/install/interfaces/include/interfaces/interfaces/msg/detail/turtle__functions.c
[9.645s] -- Installing: /home/ash/turtle_bot_chaser/install/interfaces/include/interfaces/interfaces/msg/detail/turtle_array__type_support.c
[9.645s] -- Installing: /home/ash/turtle_bot_chaser/install/interfaces/include/interfaces/interfaces/msg/detail/turtle__type_support.c
[9.645s] -- Installing: /home/ash/turtle_bot_chaser/install/interfaces/include/interfaces/interfaces/msg/detail/turtle_array__functions.c
[9.646s] -- Installing: /home/ash/turtle_bot_chaser/install/interfaces/include/interfaces/interfaces/msg/detail/turtle_array__description.c
[9.646s] -- Installing: /home/ash/turtle_bot_chaser/install/interfaces/include/interfaces/interfaces/msg/detail/turtle__functions.h
[9.646s] -- Installing: /home/ash/turtle_bot_chaser/install/interfaces/include/interfaces/interfaces/msg/detail/turtle_array__struct.h
[9.646s] -- Installing: /home/ash/turtle_bot_chaser/install/interfaces/include/interfaces/interfaces/msg/detail/turtle__type_support.h
[9.646s] -- Installing: /home/ash/turtle_bot_chaser/install/interfaces/include/interfaces/interfaces/msg/detail/turtle_array__type_support.h
[9.647s] -- Installing: /home/ash/turtle_bot_chaser/install/interfaces/include/interfaces/interfaces/msg/detail/turtle__struct.h
[9.647s] -- Installing: /home/ash/turtle_bot_chaser/install/interfaces/include/interfaces/interfaces/msg/detail/turtle_array__functions.h
[9.647s] -- Installing: /home/ash/turtle_bot_chaser/install/interfaces/include/interfaces/interfaces/msg/detail/turtle__description.c
[9.647s] -- Installing: /home/ash/turtle_bot_chaser/install/interfaces/include/interfaces/interfaces/srv
[9.647s] -- Installing: /home/ash/turtle_bot_chaser/install/interfaces/include/interfaces/interfaces/srv/catch_turtle.h
[9.648s] -- Installing: /home/ash/turtle_bot_chaser/install/interfaces/include/interfaces/interfaces/srv/create_chasers.h
[9.648s] -- Installing: /home/ash/turtle_bot_chaser/install/interfaces/include/interfaces/interfaces/srv/detail
[9.648s] -- Installing: /home/ash/turtle_bot_chaser/install/interfaces/include/interfaces/interfaces/srv/detail/create_chasers__type_support.h
[9.648s] -- Installing: /home/ash/turtle_bot_chaser/install/interfaces/include/interfaces/interfaces/srv/detail/create_chasers__functions.c
[9.649s] -- Installing: /home/ash/turtle_bot_chaser/install/interfaces/include/interfaces/interfaces/srv/detail/create_chasers__struct.h
[9.649s] -- Installing: /home/ash/turtle_bot_chaser/install/interfaces/include/interfaces/interfaces/srv/detail/create_chasers__functions.h
[9.649s] -- Installing: /home/ash/turtle_bot_chaser/install/interfaces/include/interfaces/interfaces/srv/detail/create_chasers__description.c
[9.649s] -- Installing: /home/ash/turtle_bot_chaser/install/interfaces/include/interfaces/interfaces/srv/detail/catch_turtle__functions.h
[9.650s] -- Installing: /home/ash/turtle_bot_chaser/install/interfaces/include/interfaces/interfaces/srv/detail/create_chasers__type_support.c
[9.650s] -- Installing: /home/ash/turtle_bot_chaser/install/interfaces/include/interfaces/interfaces/srv/detail/catch_turtle__description.c
[9.650s] -- Installing: /home/ash/turtle_bot_chaser/install/interfaces/include/interfaces/interfaces/srv/detail/catch_turtle__functions.c
[9.650s] -- Installing: /home/ash/turtle_bot_chaser/install/interfaces/include/interfaces/interfaces/srv/detail/catch_turtle__struct.h
[9.651s] -- Installing: /home/ash/turtle_bot_chaser/install/interfaces/include/interfaces/interfaces/srv/detail/catch_turtle__type_support.c
[9.651s] -- Installing: /home/ash/turtle_bot_chaser/install/interfaces/include/interfaces/interfaces/srv/detail/catch_turtle__type_support.h
[9.651s] -- Installing: /home/ash/turtle_bot_chaser/install/interfaces/share/interfaces/environment/library_path.sh
[9.651s] -- Installing: /home/ash/turtle_bot_chaser/install/interfaces/share/interfaces/environment/library_path.dsv
[9.652s] -- Installing: /home/ash/turtle_bot_chaser/install/interfaces/lib/libinterfaces__rosidl_generator_c.so
[9.652s] -- Set non-toolchain portion of runtime path of "/home/ash/turtle_bot_chaser/install/interfaces/lib/libinterfaces__rosidl_generator_c.so" to ""
[9.652s] -- Up-to-date: /home/ash/turtle_bot_chaser/install/interfaces/include/interfaces/interfaces
[9.652s] -- Up-to-date: /home/ash/turtle_bot_chaser/install/interfaces/include/interfaces/interfaces/msg
[9.653s] -- Installing: /home/ash/turtle_bot_chaser/install/interfaces/include/interfaces/interfaces/msg/rosidl_typesupport_fastrtps_c__visibility_control.h
[9.653s] -- Up-to-date: /home/ash/turtle_bot_chaser/install/interfaces/include/interfaces/interfaces/msg/detail
[9.653s] -- Installing: /home/ash/turtle_bot_chaser/install/interfaces/include/interfaces/interfaces/msg/detail/turtle_array__rosidl_typesupport_fastrtps_c.h
[9.653s] -- Installing: /home/ash/turtle_bot_chaser/install/interfaces/include/interfaces/interfaces/msg/detail/turtle__rosidl_typesupport_fastrtps_c.h
[9.653s] -- Up-to-date: /home/ash/turtle_bot_chaser/install/interfaces/include/interfaces/interfaces/srv
[9.654s] -- Up-to-date: /home/ash/turtle_bot_chaser/install/interfaces/include/interfaces/interfaces/srv/detail
[9.654s] -- Installing: /home/ash/turtle_bot_chaser/install/interfaces/include/interfaces/interfaces/srv/detail/catch_turtle__rosidl_typesupport_fastrtps_c.h
[9.654s] -- Installing: /home/ash/turtle_bot_chaser/install/interfaces/include/interfaces/interfaces/srv/detail/create_chasers__rosidl_typesupport_fastrtps_c.h
[9.654s] -- Installing: /home/ash/turtle_bot_chaser/install/interfaces/lib/libinterfaces__rosidl_typesupport_fastrtps_c.so
[9.655s] -- Set non-toolchain portion of runtime path of "/home/ash/turtle_bot_chaser/install/interfaces/lib/libinterfaces__rosidl_typesupport_fastrtps_c.so" to ""
[9.655s] -- Up-to-date: /home/ash/turtle_bot_chaser/install/interfaces/include/interfaces/interfaces
[9.655s] -- Up-to-date: /home/ash/turtle_bot_chaser/install/interfaces/include/interfaces/interfaces/msg
[9.658s] -- Installing: /home/ash/turtle_bot_chaser/install/interfaces/include/interfaces/interfaces/msg/rosidl_typesupport_introspection_c__visibility_control.h
[9.658s] -- Up-to-date: /home/ash/turtle_bot_chaser/install/interfaces/include/interfaces/interfaces/msg/detail
[9.659s] -- Installing: /home/ash/turtle_bot_chaser/install/interfaces/include/interfaces/interfaces/msg/detail/turtle_array__type_support.c
[9.659s] -- Installing: /home/ash/turtle_bot_chaser/install/interfaces/include/interfaces/interfaces/msg/detail/turtle__rosidl_typesupport_introspection_c.h
[9.659s] -- Installing: /home/ash/turtle_bot_chaser/install/interfaces/include/interfaces/interfaces/msg/detail/turtle__type_support.c
[9.659s] -- Installing: /home/ash/turtle_bot_chaser/install/interfaces/include/interfaces/interfaces/msg/detail/turtle_array__rosidl_typesupport_introspection_c.h
[9.659s] -- Up-to-date: /home/ash/turtle_bot_chaser/install/interfaces/include/interfaces/interfaces/srv
[9.659s] -- Up-to-date: /home/ash/turtle_bot_chaser/install/interfaces/include/interfaces/interfaces/srv/detail
[9.659s] -- Installing: /home/ash/turtle_bot_chaser/install/interfaces/include/interfaces/interfaces/srv/detail/create_chasers__rosidl_typesupport_introspection_c.h
[9.659s] -- Installing: /home/ash/turtle_bot_chaser/install/interfaces/include/interfaces/interfaces/srv/detail/create_chasers__type_support.c
[9.659s] -- Installing: /home/ash/turtle_bot_chaser/install/interfaces/include/interfaces/interfaces/srv/detail/catch_turtle__type_support.c
[9.659s] -- Installing: /home/ash/turtle_bot_chaser/install/interfaces/include/interfaces/interfaces/srv/detail/catch_turtle__rosidl_typesupport_introspection_c.h
[9.659s] -- Installing: /home/ash/turtle_bot_chaser/install/interfaces/lib/libinterfaces__rosidl_typesupport_introspection_c.so
[9.659s] -- Set non-toolchain portion of runtime path of "/home/ash/turtle_bot_chaser/install/interfaces/lib/libinterfaces__rosidl_typesupport_introspection_c.so" to ""
[9.659s] -- Installing: /home/ash/turtle_bot_chaser/install/interfaces/lib/libinterfaces__rosidl_typesupport_c.so
[9.663s] -- Set non-toolchain portion of runtime path of "/home/ash/turtle_bot_chaser/install/interfaces/lib/libinterfaces__rosidl_typesupport_c.so" to ""
[9.663s] -- Up-to-date: /home/ash/turtle_bot_chaser/install/interfaces/include/interfaces/interfaces
[9.663s] -- Up-to-date: /home/ash/turtle_bot_chaser/install/interfaces/include/interfaces/interfaces/msg
[9.663s] -- Installing: /home/ash/turtle_bot_chaser/install/interfaces/include/interfaces/interfaces/msg/turtle.hpp
[9.663s] -- Installing: /home/ash/turtle_bot_chaser/install/interfaces/include/interfaces/interfaces/msg/turtle_array.hpp
[9.664s] -- Up-to-date: /home/ash/turtle_bot_chaser/install/interfaces/include/interfaces/interfaces/msg/detail
[9.664s] -- Installing: /home/ash/turtle_bot_chaser/install/interfaces/include/interfaces/interfaces/msg/detail/turtle__builder.hpp
[9.664s] -- Installing: /home/ash/turtle_bot_chaser/install/interfaces/include/interfaces/interfaces/msg/detail/turtle_array__struct.hpp
[9.664s] -- Installing: /home/ash/turtle_bot_chaser/install/interfaces/include/interfaces/interfaces/msg/detail/turtle__struct.hpp
[9.664s] -- Installing: /home/ash/turtle_bot_chaser/install/interfaces/include/interfaces/interfaces/msg/detail/turtle_array__type_support.hpp
[9.664s] -- Installing: /home/ash/turtle_bot_chaser/install/interfaces/include/interfaces/interfaces/msg/detail/turtle_array__builder.hpp
[9.664s] -- Installing: /home/ash/turtle_bot_chaser/install/interfaces/include/interfaces/interfaces/msg/detail/turtle__traits.hpp
[9.664s] -- Installing: /home/ash/turtle_bot_chaser/install/interfaces/include/interfaces/interfaces/msg/detail/turtle_array__traits.hpp
[9.664s] -- Installing: /home/ash/turtle_bot_chaser/install/interfaces/include/interfaces/interfaces/msg/detail/turtle__type_support.hpp
[9.664s] -- Installing: /home/ash/turtle_bot_chaser/install/interfaces/include/interfaces/interfaces/msg/rosidl_generator_cpp__visibility_control.hpp
[9.664s] -- Up-to-date: /home/ash/turtle_bot_chaser/install/interfaces/include/interfaces/interfaces/srv
[9.664s] -- Installing: /home/ash/turtle_bot_chaser/install/interfaces/include/interfaces/interfaces/srv/create_chasers.hpp
[9.664s] -- Up-to-date: /home/ash/turtle_bot_chaser/install/interfaces/include/interfaces/interfaces/srv/detail
[9.664s] -- Installing: /home/ash/turtle_bot_chaser/install/interfaces/include/interfaces/interfaces/srv/detail/create_chasers__traits.hpp
[9.664s] -- Installing: /home/ash/turtle_bot_chaser/install/interfaces/include/interfaces/interfaces/srv/detail/create_chasers__struct.hpp
[9.664s] -- Installing: /home/ash/turtle_bot_chaser/install/interfaces/include/interfaces/interfaces/srv/detail/catch_turtle__type_support.hpp
[9.665s] -- Installing: /home/ash/turtle_bot_chaser/install/interfaces/include/interfaces/interfaces/srv/detail/create_chasers__builder.hpp
[9.665s] -- Installing: /home/ash/turtle_bot_chaser/install/interfaces/include/interfaces/interfaces/srv/detail/catch_turtle__builder.hpp
[9.665s] -- Installing: /home/ash/turtle_bot_chaser/install/interfaces/include/interfaces/interfaces/srv/detail/create_chasers__type_support.hpp
[9.666s] -- Installing: /home/ash/turtle_bot_chaser/install/interfaces/include/interfaces/interfaces/srv/detail/catch_turtle__traits.hpp
[9.666s] -- Installing: /home/ash/turtle_bot_chaser/install/interfaces/include/interfaces/interfaces/srv/detail/catch_turtle__struct.hpp
[9.667s] -- Installing: /home/ash/turtle_bot_chaser/install/interfaces/include/interfaces/interfaces/srv/catch_turtle.hpp
[9.667s] -- Up-to-date: /home/ash/turtle_bot_chaser/install/interfaces/include/interfaces/interfaces
[9.667s] -- Up-to-date: /home/ash/turtle_bot_chaser/install/interfaces/include/interfaces/interfaces/msg
[9.668s] -- Installing: /home/ash/turtle_bot_chaser/install/interfaces/include/interfaces/interfaces/msg/rosidl_typesupport_fastrtps_cpp__visibility_control.h
[9.668s] -- Up-to-date: /home/ash/turtle_bot_chaser/install/interfaces/include/interfaces/interfaces/msg/detail
[9.668s] -- Installing: /home/ash/turtle_bot_chaser/install/interfaces/include/interfaces/interfaces/msg/detail/dds_fastrtps
[9.669s] -- Installing: /home/ash/turtle_bot_chaser/install/interfaces/include/interfaces/interfaces/msg/detail/turtle__rosidl_typesupport_fastrtps_cpp.hpp
[9.669s] -- Installing: /home/ash/turtle_bot_chaser/install/interfaces/include/interfaces/interfaces/msg/detail/turtle_array__rosidl_typesupport_fastrtps_cpp.hpp
[9.669s] -- Up-to-date: /home/ash/turtle_bot_chaser/install/interfaces/include/interfaces/interfaces/srv
[9.669s] -- Up-to-date: /home/ash/turtle_bot_chaser/install/interfaces/include/interfaces/interfaces/srv/detail
[9.669s] -- Installing: /home/ash/turtle_bot_chaser/install/interfaces/include/interfaces/interfaces/srv/detail/dds_fastrtps
[9.669s] -- Installing: /home/ash/turtle_bot_chaser/install/interfaces/include/interfaces/interfaces/srv/detail/catch_turtle__rosidl_typesupport_fastrtps_cpp.hpp
[9.669s] -- Installing: /home/ash/turtle_bot_chaser/install/interfaces/include/interfaces/interfaces/srv/detail/create_chasers__rosidl_typesupport_fastrtps_cpp.hpp
[9.670s] -- Installing: /home/ash/turtle_bot_chaser/install/interfaces/lib/libinterfaces__rosidl_typesupport_fastrtps_cpp.so
[9.671s] -- Set non-toolchain portion of runtime path of "/home/ash/turtle_bot_chaser/install/interfaces/lib/libinterfaces__rosidl_typesupport_fastrtps_cpp.so" to ""
[9.671s] -- Up-to-date: /home/ash/turtle_bot_chaser/install/interfaces/include/interfaces/interfaces
[9.671s] -- Up-to-date: /home/ash/turtle_bot_chaser/install/interfaces/include/interfaces/interfaces/msg
[9.671s] -- Up-to-date: /home/ash/turtle_bot_chaser/install/interfaces/include/interfaces/interfaces/msg/detail
[9.672s] -- Installing: /home/ash/turtle_bot_chaser/install/interfaces/include/interfaces/interfaces/msg/detail/turtle_array__type_support.cpp
[9.672s] -- Installing: /home/ash/turtle_bot_chaser/install/interfaces/include/interfaces/interfaces/msg/detail/turtle__type_support.cpp
[9.672s] -- Installing: /home/ash/turtle_bot_chaser/install/interfaces/include/interfaces/interfaces/msg/detail/turtle__rosidl_typesupport_introspection_cpp.hpp
[9.672s] -- Installing: /home/ash/turtle_bot_chaser/install/interfaces/include/interfaces/interfaces/msg/detail/turtle_array__rosidl_typesupport_introspection_cpp.hpp
[9.673s] -- Up-to-date: /home/ash/turtle_bot_chaser/install/interfaces/include/interfaces/interfaces/srv
[9.673s] -- Up-to-date: /home/ash/turtle_bot_chaser/install/interfaces/include/interfaces/interfaces/srv/detail
[9.673s] -- Installing: /home/ash/turtle_bot_chaser/install/interfaces/include/interfaces/interfaces/srv/detail/create_chasers__rosidl_typesupport_introspection_cpp.hpp
[9.673s] -- Installing: /home/ash/turtle_bot_chaser/install/interfaces/include/interfaces/interfaces/srv/detail/catch_turtle__rosidl_typesupport_introspection_cpp.hpp
[9.673s] -- Installing: /home/ash/turtle_bot_chaser/install/interfaces/include/interfaces/interfaces/srv/detail/create_chasers__type_support.cpp
[9.674s] -- Installing: /home/ash/turtle_bot_chaser/install/interfaces/include/interfaces/interfaces/srv/detail/catch_turtle__type_support.cpp
[9.674s] -- Installing: /home/ash/turtle_bot_chaser/install/interfaces/lib/libinterfaces__rosidl_typesupport_introspection_cpp.so
[9.675s] -- Set non-toolchain portion of runtime path of "/home/ash/turtle_bot_chaser/install/interfaces/lib/libinterfaces__rosidl_typesupport_introspection_cpp.so" to ""
[9.675s] -- Installing: /home/ash/turtle_bot_chaser/install/interfaces/lib/libinterfaces__rosidl_typesupport_cpp.so
[9.676s] -- Set non-toolchain portion of runtime path of "/home/ash/turtle_bot_chaser/install/interfaces/lib/libinterfaces__rosidl_typesupport_cpp.so" to ""
[9.676s] -- Installing: /home/ash/turtle_bot_chaser/install/interfaces/share/interfaces/environment/pythonpath.sh
[9.676s] -- Installing: /home/ash/turtle_bot_chaser/install/interfaces/share/interfaces/environment/pythonpath.dsv
[9.676s] -- Installing: /home/ash/turtle_bot_chaser/install/interfaces/lib/python3.12/site-packages/interfaces-0.0.0-py3.12.egg-info
[9.677s] -- Installing: /home/ash/turtle_bot_chaser/install/interfaces/lib/python3.12/site-packages/interfaces-0.0.0-py3.12.egg-info/top_level.txt
[9.677s] -- Installing: /home/ash/turtle_bot_chaser/install/interfaces/lib/python3.12/site-packages/interfaces-0.0.0-py3.12.egg-info/SOURCES.txt
[9.677s] -- Installing: /home/ash/turtle_bot_chaser/install/interfaces/lib/python3.12/site-packages/interfaces-0.0.0-py3.12.egg-info/dependency_links.txt
[9.677s] -- Installing: /home/ash/turtle_bot_chaser/install/interfaces/lib/python3.12/site-packages/interfaces-0.0.0-py3.12.egg-info/PKG-INFO
[9.678s] -- Installing: /home/ash/turtle_bot_chaser/install/interfaces/lib/python3.12/site-packages/interfaces
[9.678s] -- Installing: /home/ash/turtle_bot_chaser/install/interfaces/lib/python3.12/site-packages/interfaces/msg
[9.678s] -- Installing: /home/ash/turtle_bot_chaser/install/interfaces/lib/python3.12/site-packages/interfaces/msg/_turtle_s.c
[9.678s] -- Installing: /home/ash/turtle_bot_chaser/install/interfaces/lib/python3.12/site-packages/interfaces/msg/_turtle_array_s.c
[9.679s] -- Installing: /home/ash/turtle_bot_chaser/install/interfaces/lib/python3.12/site-packages/interfaces/msg/_turtle_array.py
[9.679s] -- Installing: /home/ash/turtle_bot_chaser/install/interfaces/lib/python3.12/site-packages/interfaces/msg/_turtle.py
[9.679s] -- Installing: /home/ash/turtle_bot_chaser/install/interfaces/lib/python3.12/site-packages/interfaces/msg/__init__.py
[9.679s] -- Installing: /home/ash/turtle_bot_chaser/install/interfaces/lib/python3.12/site-packages/interfaces/_interfaces_s.ep.rosidl_typesupport_introspection_c.c
[9.679s] -- Installing: /home/ash/turtle_bot_chaser/install/interfaces/lib/python3.12/site-packages/interfaces/srv
[9.680s] -- Installing: /home/ash/turtle_bot_chaser/install/interfaces/lib/python3.12/site-packages/interfaces/srv/_create_chasers_s.c
[9.680s] -- Installing: /home/ash/turtle_bot_chaser/install/interfaces/lib/python3.12/site-packages/interfaces/srv/_catch_turtle.py
[9.680s] -- Installing: /home/ash/turtle_bot_chaser/install/interfaces/lib/python3.12/site-packages/interfaces/srv/__init__.py
[9.680s] -- Installing: /home/ash/turtle_bot_chaser/install/interfaces/lib/python3.12/site-packages/interfaces/srv/_create_chasers.py
[9.680s] -- Installing: /home/ash/turtle_bot_chaser/install/interfaces/lib/python3.12/site-packages/interfaces/srv/_catch_turtle_s.c
[9.680s] -- Installing: /home/ash/turtle_bot_chaser/install/interfaces/lib/python3.12/site-packages/interfaces/__init__.py
[9.681s] -- Installing: /home/ash/turtle_bot_chaser/install/interfaces/lib/python3.12/site-packages/interfaces/interfaces_s__rosidl_typesupport_c.so
[9.681s] -- Installing: /home/ash/turtle_bot_chaser/install/interfaces/lib/python3.12/site-packages/interfaces/_interfaces_s.ep.rosidl_typesupport_c.c
[9.681s] -- Installing: /home/ash/turtle_bot_chaser/install/interfaces/lib/python3.12/site-packages/interfaces/interfaces_s__rosidl_typesupport_introspection_c.so
[9.681s] -- Installing: /home/ash/turtle_bot_chaser/install/interfaces/lib/python3.12/site-packages/interfaces/interfaces_s__rosidl_typesupport_fastrtps_c.so
[9.682s] -- Installing: /home/ash/turtle_bot_chaser/install/interfaces/lib/python3.12/site-packages/interfaces/_interfaces_s.ep.rosidl_typesupport_fastrtps_c.c
[9.725s] Listing '/home/ash/turtle_bot_chaser/install/interfaces/lib/python3.12/site-packages/interfaces'...
[9.725s] Compiling '/home/ash/turtle_bot_chaser/install/interfaces/lib/python3.12/site-packages/interfaces/__init__.py'...
[9.725s] Listing '/home/ash/turtle_bot_chaser/install/interfaces/lib/python3.12/site-packages/interfaces/msg'...
[9.725s] Compiling '/home/ash/turtle_bot_chaser/install/interfaces/lib/python3.12/site-packages/interfaces/msg/__init__.py'...
[9.725s] Compiling '/home/ash/turtle_bot_chaser/install/interfaces/lib/python3.12/site-packages/interfaces/msg/_turtle.py'...
[9.725s] Compiling '/home/ash/turtle_bot_chaser/install/interfaces/lib/python3.12/site-packages/interfaces/msg/_turtle_array.py'...
[9.725s] Listing '/home/ash/turtle_bot_chaser/install/interfaces/lib/python3.12/site-packages/interfaces/srv'...
[9.725s] Compiling '/home/ash/turtle_bot_chaser/install/interfaces/lib/python3.12/site-packages/interfaces/srv/__init__.py'...
[9.725s] Compiling '/home/ash/turtle_bot_chaser/install/interfaces/lib/python3.12/site-packages/interfaces/srv/_catch_turtle.py'...
[9.725s] Compiling '/home/ash/turtle_bot_chaser/install/interfaces/lib/python3.12/site-packages/interfaces/srv/_create_chasers.py'...
[9.732s] -- Installing: /home/ash/turtle_bot_chaser/install/interfaces/lib/python3.12/site-packages/interfaces/interfaces_s__rosidl_typesupport_fastrtps_c.so
[9.733s] -- Set non-toolchain portion of runtime path of "/home/ash/turtle_bot_chaser/install/interfaces/lib/python3.12/site-packages/interfaces/interfaces_s__rosidl_typesupport_fastrtps_c.so" to ""
[9.733s] -- Installing: /home/ash/turtle_bot_chaser/install/interfaces/lib/python3.12/site-packages/interfaces/interfaces_s__rosidl_typesupport_introspection_c.so
[9.733s] -- Set non-toolchain portion of runtime path of "/home/ash/turtle_bot_chaser/install/interfaces/lib/python3.12/site-packages/interfaces/interfaces_s__rosidl_typesupport_introspection_c.so" to ""
[9.733s] -- Installing: /home/ash/turtle_bot_chaser/install/interfaces/lib/python3.12/site-packages/interfaces/interfaces_s__rosidl_typesupport_c.so
[9.734s] -- Set non-toolchain portion of runtime path of "/home/ash/turtle_bot_chaser/install/interfaces/lib/python3.12/site-packages/interfaces/interfaces_s__rosidl_typesupport_c.so" to ""
[9.734s] -- Installing: /home/ash/turtle_bot_chaser/install/interfaces/lib/libinterfaces__rosidl_generator_py.so
[9.735s] -- Set non-toolchain portion of runtime path of "/home/ash/turtle_bot_chaser/install/interfaces/lib/libinterfaces__rosidl_generator_py.so" to ""
[9.735s] -- Installing: /home/ash/turtle_bot_chaser/install/interfaces/share/interfaces/msg/Turtle.idl
[9.735s] -- Installing: /home/ash/turtle_bot_chaser/install/interfaces/share/interfaces/msg/TurtleArray.idl
[9.735s] -- Installing: /home/ash/turtle_bot_chaser/install/interfaces/share/interfaces/srv/CatchTurtle.idl
[9.736s] -- Installing: /home/ash/turtle_bot_chaser/install/interfaces/share/interfaces/srv/CreateChasers.idl
[9.736s] -- Installing: /home/ash/turtle_bot_chaser/install/interfaces/share/interfaces/msg/Turtle.msg
[9.736s] -- Installing: /home/ash/turtle_bot_chaser/install/interfaces/share/interfaces/msg/TurtleArray.msg
[9.736s] -- Installing: /home/ash/turtle_bot_chaser/install/interfaces/share/interfaces/srv/CatchTurtle.srv
[9.737s] -- Installing: /home/ash/turtle_bot_chaser/install/interfaces/share/interfaces/srv/CreateChasers.srv
[9.737s] -- Installing: /home/ash/turtle_bot_chaser/install/interfaces/share/ament_index/resource_index/package_run_dependencies/interfaces
[9.738s] -- Installing: /home/ash/turtle_bot_chaser/install/interfaces/share/ament_index/resource_index/parent_prefix_path/interfaces
[9.738s] -- Installing: /home/ash/turtle_bot_chaser/install/interfaces/share/interfaces/environment/ament_prefix_path.sh
[9.739s] -- Installing: /home/ash/turtle_bot_chaser/install/interfaces/share/interfaces/environment/ament_prefix_path.dsv
[9.739s] -- Installing: /home/ash/turtle_bot_chaser/install/interfaces/share/interfaces/environment/path.sh
[9.739s] -- Installing: /home/ash/turtle_bot_chaser/install/interfaces/share/interfaces/environment/path.dsv
[9.739s] -- Installing: /home/ash/turtle_bot_chaser/install/interfaces/share/interfaces/local_setup.bash
[9.739s] -- Installing: /home/ash/turtle_bot_chaser/install/interfaces/share/interfaces/local_setup.sh
[9.740s] -- Installing: /home/ash/turtle_bot_chaser/install/interfaces/share/interfaces/local_setup.zsh
[9.740s] -- Installing: /home/ash/turtle_bot_chaser/install/interfaces/share/interfaces/local_setup.dsv
[9.741s] -- Installing: /home/ash/turtle_bot_chaser/install/interfaces/share/interfaces/package.dsv
[9.741s] -- Installing: /home/ash/turtle_bot_chaser/install/interfaces/share/ament_index/resource_index/packages/interfaces
[9.741s] -- Installing: /home/ash/turtle_bot_chaser/install/interfaces/share/interfaces/cmake/export_interfaces__rosidl_generator_cExport.cmake
[9.742s] -- Installing: /home/ash/turtle_bot_chaser/install/interfaces/share/interfaces/cmake/export_interfaces__rosidl_generator_cExport-noconfig.cmake
[9.742s] -- Installing: /home/ash/turtle_bot_chaser/install/interfaces/share/interfaces/cmake/export_interfaces__rosidl_typesupport_fastrtps_cExport.cmake
[9.742s] -- Installing: /home/ash/turtle_bot_chaser/install/interfaces/share/interfaces/cmake/export_interfaces__rosidl_typesupport_fastrtps_cExport-noconfig.cmake
[9.742s] -- Installing: /home/ash/turtle_bot_chaser/install/interfaces/share/interfaces/cmake/interfaces__rosidl_typesupport_introspection_cExport.cmake
[9.743s] -- Installing: /home/ash/turtle_bot_chaser/install/interfaces/share/interfaces/cmake/interfaces__rosidl_typesupport_introspection_cExport-noconfig.cmake
[9.743s] -- Installing: /home/ash/turtle_bot_chaser/install/interfaces/share/interfaces/cmake/interfaces__rosidl_typesupport_cExport.cmake
[9.743s] -- Installing: /home/ash/turtle_bot_chaser/install/interfaces/share/interfaces/cmake/interfaces__rosidl_typesupport_cExport-noconfig.cmake
[9.743s] -- Installing: /home/ash/turtle_bot_chaser/install/interfaces/share/interfaces/cmake/export_interfaces__rosidl_generator_cppExport.cmake
[9.744s] -- Installing: /home/ash/turtle_bot_chaser/install/interfaces/share/interfaces/cmake/export_interfaces__rosidl_typesupport_fastrtps_cppExport.cmake
[9.744s] -- Installing: /home/ash/turtle_bot_chaser/install/interfaces/share/interfaces/cmake/export_interfaces__rosidl_typesupport_fastrtps_cppExport-noconfig.cmake
[9.744s] -- Installing: /home/ash/turtle_bot_chaser/install/interfaces/share/interfaces/cmake/interfaces__rosidl_typesupport_introspection_cppExport.cmake
[9.745s] -- Installing: /home/ash/turtle_bot_chaser/install/interfaces/share/interfaces/cmake/interfaces__rosidl_typesupport_introspection_cppExport-noconfig.cmake
[9.745s] -- Installing: /home/ash/turtle_bot_chaser/install/interfaces/share/interfaces/cmake/interfaces__rosidl_typesupport_cppExport.cmake
[9.745s] -- Installing: /home/ash/turtle_bot_chaser/install/interfaces/share/interfaces/cmake/interfaces__rosidl_typesupport_cppExport-noconfig.cmake
[9.746s] -- Installing: /home/ash/turtle_bot_chaser/install/interfaces/share/interfaces/cmake/export_interfaces__rosidl_generator_pyExport.cmake
[9.746s] -- Installing: /home/ash/turtle_bot_chaser/install/interfaces/share/interfaces/cmake/export_interfaces__rosidl_generator_pyExport-noconfig.cmake
[9.746s] -- Installing: /home/ash/turtle_bot_chaser/install/interfaces/share/interfaces/cmake/rosidl_cmake-extras.cmake
[9.746s] -- Installing: /home/ash/turtle_bot_chaser/install/interfaces/share/interfaces/cmake/ament_cmake_export_dependencies-extras.cmake
[9.747s] -- Installing: /home/ash/turtle_bot_chaser/install/interfaces/share/interfaces/cmake/ament_cmake_export_include_directories-extras.cmake
[9.747s] -- Installing: /home/ash/turtle_bot_chaser/install/interfaces/share/interfaces/cmake/ament_cmake_export_libraries-extras.cmake
[9.747s] -- Installing: /home/ash/turtle_bot_chaser/install/interfaces/share/interfaces/cmake/ament_cmake_export_targets-extras.cmake
[9.747s] -- Installing: /home/ash/turtle_bot_chaser/install/interfaces/share/interfaces/cmake/rosidl_cmake_export_typesupport_targets-extras.cmake
[9.748s] -- Installing: /home/ash/turtle_bot_chaser/install/interfaces/share/interfaces/cmake/rosidl_cmake_export_typesupport_libraries-extras.cmake
[9.748s] -- Installing: /home/ash/turtle_bot_chaser/install/interfaces/share/interfaces/cmake/interfacesConfig.cmake
[9.748s] -- Installing: /home/ash/turtle_bot_chaser/install/interfaces/share/interfaces/cmake/interfacesConfig-version.cmake
[9.748s] -- Installing: /home/ash/turtle_bot_chaser/install/interfaces/share/interfaces/package.xml
[9.753s] Invoked command in '/home/ash/turtle_bot_chaser/build/interfaces' returned '0': CMAKE_PREFIX_PATH=${CMAKE_PREFIX_PATH}:/home/ash/ros2_ws/install/project:/home/ash/ros2_ws/install/my_py_pkg:/home/ash/ros2_ws/install/activity4:/home/ash/ros2_ws/install/activity2:/opt/ros/jazzy DEBUGINFOD_URLS=https://debuginfod.ubuntu.com /usr/bin/cmake --install /home/ash/turtle_bot_chaser/build/interfaces
