[1.430s] Invoking command in '/home/ash/turtle_bot_chaser/src/turtle_catch_em_all': CMAKE_PREFIX_PATH=/home/ash/turtle_bot_chaser/install/turtle_interfaces:/home/ash/turtle_bot_chaser/install/turtle_bringup:/home/ash/turtle_bot_chaser/install/interfaces:/home/ash/ros2_ws/install/my_robot_bringup:/home/ash/ros2_ws/install/my_robot_interfaces:/opt/ros/jazzy/opt/gz_math_vendor:/opt/ros/jazzy/opt/gz_utils_vendor:/opt/ros/jazzy/opt/gz_cmake_vendor DEBUGINFOD_URLS=https://debuginfod.ubuntu.com PYTHONPATH=/home/ash/turtle_bot_chaser/build/turtle_catch_em_all/prefix_override:/usr/lib/python3/dist-packages/colcon_core/task/python/colcon_distutils_commands:/home/ash/turtle_bot_chaser/install/turtle_catch_em_all/lib/python3.12/site-packages:/home/ash/turtle_bot_chaser/install/turtle_interfaces/lib/python3.12/site-packages:/home/ash/turtle_bot_chaser/install/turtle_catch_em_all/lib/python3.12/site-packages:/home/ash/turtle_bot_chaser/install/interfaces/lib/python3.12/site-packages:/home/ash/ros2_ws/install/project/lib/python3.12/site-packages:/home/ash/ros2_ws/install/my_py_pkg/lib/python3.12/site-packages:/home/ash/ros2_ws/install/activity4/lib/python3.12/site-packages:/home/ash/ros2_ws/install/activity2/lib/python3.12/site-packages:/home/ash/ros2_ws/install/my_robot_interfaces/lib/python3.12/site-packages:/opt/ros/jazzy/lib/python3.12/site-packages /usr/bin/python3 -W ignore:setup.py install is deprecated -W ignore:easy_install command is deprecated setup.py egg_info --egg-base ../../build/turtle_catch_em_all build --build-base /home/ash/turtle_bot_chaser/build/turtle_catch_em_all/build install --record /home/ash/turtle_bot_chaser/build/turtle_catch_em_all/install.log --single-version-externally-managed install_data
[1.620s] running egg_info
[1.637s] writing ../../build/turtle_catch_em_all/turtle_catch_em_all.egg-info/PKG-INFO
[1.638s] writing dependency_links to ../../build/turtle_catch_em_all/turtle_catch_em_all.egg-info/dependency_links.txt
[1.638s] writing entry points to ../../build/turtle_catch_em_all/turtle_catch_em_all.egg-info/entry_points.txt
[1.638s] writing requirements to ../../build/turtle_catch_em_all/turtle_catch_em_all.egg-info/requires.txt
[1.638s] writing top-level names to ../../build/turtle_catch_em_all/turtle_catch_em_all.egg-info/top_level.txt
[1.670s] reading manifest file '../../build/turtle_catch_em_all/turtle_catch_em_all.egg-info/SOURCES.txt'
[1.672s] writing manifest file '../../build/turtle_catch_em_all/turtle_catch_em_all.egg-info/SOURCES.txt'
[1.672s] running build
[1.672s] running build_py
[1.673s] running install
[1.677s] running install_lib
[1.692s] running install_data
[1.692s] running install_egg_info
[1.704s] removing '/home/ash/turtle_bot_chaser/install/turtle_catch_em_all/lib/python3.12/site-packages/turtle_catch_em_all-0.0.0-py3.12.egg-info' (and everything under it)
[1.705s] Copying ../../build/turtle_catch_em_all/turtle_catch_em_all.egg-info to /home/ash/turtle_bot_chaser/install/turtle_catch_em_all/lib/python3.12/site-packages/turtle_catch_em_all-0.0.0-py3.12.egg-info
[1.710s] running install_scripts
[1.809s] Installing turtle_controller script to /home/ash/turtle_bot_chaser/install/turtle_catch_em_all/lib/turtle_catch_em_all
[1.810s] Installing turtle_monitor script to /home/ash/turtle_bot_chaser/install/turtle_catch_em_all/lib/turtle_catch_em_all
[1.810s] Installing turtle_spawner script to /home/ash/turtle_bot_chaser/install/turtle_catch_em_all/lib/turtle_catch_em_all
[1.811s] writing list of installed files to '/home/ash/turtle_bot_chaser/build/turtle_catch_em_all/install.log'
[1.850s] Invoked command in '/home/ash/turtle_bot_chaser/src/turtle_catch_em_all' returned '0': CMAKE_PREFIX_PATH=/home/ash/turtle_bot_chaser/install/turtle_interfaces:/home/ash/turtle_bot_chaser/install/turtle_bringup:/home/ash/turtle_bot_chaser/install/interfaces:/home/ash/ros2_ws/install/my_robot_bringup:/home/ash/ros2_ws/install/my_robot_interfaces:/opt/ros/jazzy/opt/gz_math_vendor:/opt/ros/jazzy/opt/gz_utils_vendor:/opt/ros/jazzy/opt/gz_cmake_vendor DEBUGINFOD_URLS=https://debuginfod.ubuntu.com PYTHONPATH=/home/ash/turtle_bot_chaser/build/turtle_catch_em_all/prefix_override:/usr/lib/python3/dist-packages/colcon_core/task/python/colcon_distutils_commands:/home/ash/turtle_bot_chaser/install/turtle_catch_em_all/lib/python3.12/site-packages:/home/ash/turtle_bot_chaser/install/turtle_interfaces/lib/python3.12/site-packages:/home/ash/turtle_bot_chaser/install/turtle_catch_em_all/lib/python3.12/site-packages:/home/ash/turtle_bot_chaser/install/interfaces/lib/python3.12/site-packages:/home/ash/ros2_ws/install/project/lib/python3.12/site-packages:/home/ash/ros2_ws/install/my_py_pkg/lib/python3.12/site-packages:/home/ash/ros2_ws/install/activity4/lib/python3.12/site-packages:/home/ash/ros2_ws/install/activity2/lib/python3.12/site-packages:/home/ash/ros2_ws/install/my_robot_interfaces/lib/python3.12/site-packages:/opt/ros/jazzy/lib/python3.12/site-packages /usr/bin/python3 -W ignore:setup.py install is deprecated -W ignore:easy_install command is deprecated setup.py egg_info --egg-base ../../build/turtle_catch_em_all build --build-base /home/ash/turtle_bot_chaser/build/turtle_catch_em_all/build install --record /home/ash/turtle_bot_chaser/build/turtle_catch_em_all/install.log --single-version-externally-managed install_data
