/home/ash/turtle_bot_chaser/install/turtle_catch_em_all/lib/python3.12/site-packages/turtle_catch_em_all/turtle_controller.py
/home/ash/turtle_bot_chaser/install/turtle_catch_em_all/lib/python3.12/site-packages/turtle_catch_em_all/turtle_spawner.py
/home/ash/turtle_bot_chaser/install/turtle_catch_em_all/lib/python3.12/site-packages/turtle_catch_em_all/__init__.py
/home/ash/turtle_bot_chaser/install/turtle_catch_em_all/lib/python3.12/site-packages/turtle_catch_em_all/turtle_monitor.py
/home/ash/turtle_bot_chaser/install/turtle_catch_em_all/lib/python3.12/site-packages/turtle_catch_em_all/__pycache__/turtle_controller.cpython-312.pyc
/home/ash/turtle_bot_chaser/install/turtle_catch_em_all/lib/python3.12/site-packages/turtle_catch_em_all/__pycache__/turtle_spawner.cpython-312.pyc
/home/ash/turtle_bot_chaser/install/turtle_catch_em_all/lib/python3.12/site-packages/turtle_catch_em_all/__pycache__/__init__.cpython-312.pyc
/home/ash/turtle_bot_chaser/install/turtle_catch_em_all/lib/python3.12/site-packages/turtle_catch_em_all/__pycache__/turtle_monitor.cpython-312.pyc
/home/ash/turtle_bot_chaser/install/turtle_catch_em_all/share/ament_index/resource_index/packages/turtle_catch_em_all
/home/ash/turtle_bot_chaser/install/turtle_catch_em_all/share/turtle_catch_em_all/package.xml
/home/ash/turtle_bot_chaser/install/turtle_catch_em_all/lib/python3.12/site-packages/turtle_catch_em_all-0.0.0-py3.12.egg-info/requires.txt
/home/ash/turtle_bot_chaser/install/turtle_catch_em_all/lib/python3.12/site-packages/turtle_catch_em_all-0.0.0-py3.12.egg-info/entry_points.txt
/home/ash/turtle_bot_chaser/install/turtle_catch_em_all/lib/python3.12/site-packages/turtle_catch_em_all-0.0.0-py3.12.egg-info/top_level.txt
/home/ash/turtle_bot_chaser/install/turtle_catch_em_all/lib/python3.12/site-packages/turtle_catch_em_all-0.0.0-py3.12.egg-info/SOURCES.txt
/home/ash/turtle_bot_chaser/install/turtle_catch_em_all/lib/python3.12/site-packages/turtle_catch_em_all-0.0.0-py3.12.egg-info/dependency_links.txt
/home/ash/turtle_bot_chaser/install/turtle_catch_em_all/lib/python3.12/site-packages/turtle_catch_em_all-0.0.0-py3.12.egg-info/PKG-INFO
/home/ash/turtle_bot_chaser/install/turtle_catch_em_all/lib/python3.12/site-packages/turtle_catch_em_all-0.0.0-py3.12.egg-info/zip-safe
/home/ash/turtle_bot_chaser/install/turtle_catch_em_all/lib/turtle_catch_em_all/turtle_controller
/home/ash/turtle_bot_chaser/install/turtle_catch_em_all/lib/turtle_catch_em_all/turtle_monitor
/home/ash/turtle_bot_chaser/install/turtle_catch_em_all/lib/turtle_catch_em_all/turtle_spawner
