[0.085s] DEBUG:colcon:Command line arguments: ['/usr/bin/colcon', 'build', '--packages-select', 'turtle_interfaces']
[0.085s] DEBUG:colcon:Parsed command line arguments: Namespace(log_base=None, log_level=None, verb_name='build', build_base='build', install_base='install', merge_install=False, symlink_install=False, test_result_base=None, continue_on_error=False, executor='parallel', parallel_workers=7, event_handlers=None, ignore_user_meta=False, metas=['./colcon.meta'], base_paths=['.'], packages_ignore=None, packages_ignore_regex=None, paths=None, packages_up_to=None, packages_up_to_regex=None, packages_above=None, packages_above_and_dependencies=None, packages_above_depth=None, packages_select_by_dep=None, packages_skip_by_dep=None, packages_skip_up_to=None, packages_select_build_failed=False, packages_skip_build_finished=False, packages_select_test_failures=False, packages_skip_test_passed=False, packages_select=['turtle_interfaces'], packages_skip=None, packages_select_regex=None, packages_skip_regex=None, packages_start=None, packages_end=None, allow_overriding=[], cmake_args=None, cmake_target=None, cmake_target_skip_unavailable=False, cmake_clean_cache=False, cmake_clean_first=False, cmake_force_configure=False, ament_cmake_args=None, catkin_cmake_args=None, catkin_skip_building_tests=False, mixin_files=None, mixin=None, verb_parser=<colcon_mixin.mixin.mixin_argument.MixinArgumentDecorator object at 0x7e6ac21a4c50>, verb_extension=<colcon_core.verb.build.BuildVerb object at 0x7e6ac22c89e0>, main=<bound method BuildVerb.main of <colcon_core.verb.build.BuildVerb object at 0x7e6ac22c89e0>>, mixin_verb=('build',))
[0.117s] Level 1:colcon.colcon_core.package_discovery:discover_packages(colcon_meta) check parameters
[0.117s] Level 1:colcon.colcon_core.package_discovery:discover_packages(recursive) check parameters
[0.117s] Level 1:colcon.colcon_core.package_discovery:discover_packages(ignore) check parameters
[0.117s] Level 1:colcon.colcon_core.package_discovery:discover_packages(path) check parameters
[0.117s] Level 1:colcon.colcon_core.package_discovery:discover_packages(colcon_meta) discover
[0.117s] Level 1:colcon.colcon_core.package_discovery:discover_packages(recursive) discover
[0.117s] INFO:colcon.colcon_core.package_discovery:Crawling recursively for packages in '/home/ash/turtle_bot_chaser'
[0.117s] Level 1:colcon.colcon_core.package_identification:_identify(.) by extensions ['ignore', 'ignore_ament_install']
[0.117s] Level 1:colcon.colcon_core.package_identification:_identify(.) by extension 'ignore'
[0.117s] Level 1:colcon.colcon_core.package_identification:_identify(.) by extension 'ignore_ament_install'
[0.117s] Level 1:colcon.colcon_core.package_identification:_identify(.) by extensions ['colcon_pkg']
[0.117s] Level 1:colcon.colcon_core.package_identification:_identify(.) by extension 'colcon_pkg'
[0.117s] Level 1:colcon.colcon_core.package_identification:_identify(.) by extensions ['colcon_meta']
[0.117s] Level 1:colcon.colcon_core.package_identification:_identify(.) by extension 'colcon_meta'
[0.117s] Level 1:colcon.colcon_core.package_identification:_identify(.) by extensions ['ros']
[0.118s] Level 1:colcon.colcon_core.package_identification:_identify(.) by extension 'ros'
[0.139s] Level 1:colcon.colcon_core.package_identification:_identify(.) by extensions ['cmake', 'python']
[0.139s] Level 1:colcon.colcon_core.package_identification:_identify(.) by extension 'cmake'
[0.139s] Level 1:colcon.colcon_core.package_identification:_identify(.) by extension 'python'
[0.139s] Level 1:colcon.colcon_core.package_identification:_identify(.) by extensions ['python_setup_py']
[0.139s] Level 1:colcon.colcon_core.package_identification:_identify(.) by extension 'python_setup_py'
[0.139s] Level 1:colcon.colcon_core.package_identification:_identify(build) by extensions ['ignore', 'ignore_ament_install']
[0.139s] Level 1:colcon.colcon_core.package_identification:_identify(build) by extension 'ignore'
[0.139s] Level 1:colcon.colcon_core.package_identification:_identify(build) ignored
[0.139s] Level 1:colcon.colcon_core.package_identification:_identify(install) by extensions ['ignore', 'ignore_ament_install']
[0.139s] Level 1:colcon.colcon_core.package_identification:_identify(install) by extension 'ignore'
[0.139s] Level 1:colcon.colcon_core.package_identification:_identify(install) ignored
[0.140s] Level 1:colcon.colcon_core.package_identification:_identify(log) by extensions ['ignore', 'ignore_ament_install']
[0.140s] Level 1:colcon.colcon_core.package_identification:_identify(log) by extension 'ignore'
[0.140s] Level 1:colcon.colcon_core.package_identification:_identify(log) ignored
[0.140s] Level 1:colcon.colcon_core.package_identification:_identify(src) by extensions ['ignore', 'ignore_ament_install']
[0.140s] Level 1:colcon.colcon_core.package_identification:_identify(src) by extension 'ignore'
[0.140s] Level 1:colcon.colcon_core.package_identification:_identify(src) by extension 'ignore_ament_install'
[0.140s] Level 1:colcon.colcon_core.package_identification:_identify(src) by extensions ['colcon_pkg']
[0.140s] Level 1:colcon.colcon_core.package_identification:_identify(src) by extension 'colcon_pkg'
[0.140s] Level 1:colcon.colcon_core.package_identification:_identify(src) by extensions ['colcon_meta']
[0.140s] Level 1:colcon.colcon_core.package_identification:_identify(src) by extension 'colcon_meta'
[0.140s] Level 1:colcon.colcon_core.package_identification:_identify(src) by extensions ['ros']
[0.140s] Level 1:colcon.colcon_core.package_identification:_identify(src) by extension 'ros'
[0.140s] Level 1:colcon.colcon_core.package_identification:_identify(src) by extensions ['cmake', 'python']
[0.140s] Level 1:colcon.colcon_core.package_identification:_identify(src) by extension 'cmake'
[0.140s] Level 1:colcon.colcon_core.package_identification:_identify(src) by extension 'python'
[0.140s] Level 1:colcon.colcon_core.package_identification:_identify(src) by extensions ['python_setup_py']
[0.140s] Level 1:colcon.colcon_core.package_identification:_identify(src) by extension 'python_setup_py'
[0.140s] Level 1:colcon.colcon_core.package_identification:_identify(src/turtle_bringup) by extensions ['ignore', 'ignore_ament_install']
[0.140s] Level 1:colcon.colcon_core.package_identification:_identify(src/turtle_bringup) by extension 'ignore'
[0.140s] Level 1:colcon.colcon_core.package_identification:_identify(src/turtle_bringup) by extension 'ignore_ament_install'
[0.140s] Level 1:colcon.colcon_core.package_identification:_identify(src/turtle_bringup) by extensions ['colcon_pkg']
[0.140s] Level 1:colcon.colcon_core.package_identification:_identify(src/turtle_bringup) by extension 'colcon_pkg'
[0.140s] Level 1:colcon.colcon_core.package_identification:_identify(src/turtle_bringup) by extensions ['colcon_meta']
[0.140s] Level 1:colcon.colcon_core.package_identification:_identify(src/turtle_bringup) by extension 'colcon_meta'
[0.140s] Level 1:colcon.colcon_core.package_identification:_identify(src/turtle_bringup) by extensions ['ros']
[0.140s] Level 1:colcon.colcon_core.package_identification:_identify(src/turtle_bringup) by extension 'ros'
[0.142s] DEBUG:colcon.colcon_core.package_identification:Package 'src/turtle_bringup' with type 'ros.ament_cmake' and name 'turtle_bringup'
[0.142s] Level 1:colcon.colcon_core.package_identification:_identify(src/turtle_catch_em_all) by extensions ['ignore', 'ignore_ament_install']
[0.142s] Level 1:colcon.colcon_core.package_identification:_identify(src/turtle_catch_em_all) by extension 'ignore'
[0.142s] Level 1:colcon.colcon_core.package_identification:_identify(src/turtle_catch_em_all) by extension 'ignore_ament_install'
[0.142s] Level 1:colcon.colcon_core.package_identification:_identify(src/turtle_catch_em_all) by extensions ['colcon_pkg']
[0.142s] Level 1:colcon.colcon_core.package_identification:_identify(src/turtle_catch_em_all) by extension 'colcon_pkg'
[0.142s] Level 1:colcon.colcon_core.package_identification:_identify(src/turtle_catch_em_all) by extensions ['colcon_meta']
[0.142s] Level 1:colcon.colcon_core.package_identification:_identify(src/turtle_catch_em_all) by extension 'colcon_meta'
[0.142s] Level 1:colcon.colcon_core.package_identification:_identify(src/turtle_catch_em_all) by extensions ['ros']
[0.142s] Level 1:colcon.colcon_core.package_identification:_identify(src/turtle_catch_em_all) by extension 'ros'
[0.143s] DEBUG:colcon.colcon_core.package_identification:Package 'src/turtle_catch_em_all' with type 'ros.ament_python' and name 'turtle_catch_em_all'
[0.143s] Level 1:colcon.colcon_core.package_identification:_identify(src/turtle_interfaces) by extensions ['ignore', 'ignore_ament_install']
[0.143s] Level 1:colcon.colcon_core.package_identification:_identify(src/turtle_interfaces) by extension 'ignore'
[0.143s] Level 1:colcon.colcon_core.package_identification:_identify(src/turtle_interfaces) by extension 'ignore_ament_install'
[0.143s] Level 1:colcon.colcon_core.package_identification:_identify(src/turtle_interfaces) by extensions ['colcon_pkg']
[0.143s] Level 1:colcon.colcon_core.package_identification:_identify(src/turtle_interfaces) by extension 'colcon_pkg'
[0.143s] Level 1:colcon.colcon_core.package_identification:_identify(src/turtle_interfaces) by extensions ['colcon_meta']
[0.143s] Level 1:colcon.colcon_core.package_identification:_identify(src/turtle_interfaces) by extension 'colcon_meta'
[0.143s] Level 1:colcon.colcon_core.package_identification:_identify(src/turtle_interfaces) by extensions ['ros']
[0.143s] Level 1:colcon.colcon_core.package_identification:_identify(src/turtle_interfaces) by extension 'ros'
[0.143s] DEBUG:colcon.colcon_core.package_identification:Package 'src/turtle_interfaces' with type 'ros.ament_cmake' and name 'turtle_interfaces'
[0.143s] Level 1:colcon.colcon_core.package_discovery:discover_packages(recursive) using defaults
[0.143s] Level 1:colcon.colcon_core.package_discovery:discover_packages(ignore) discover
[0.143s] Level 1:colcon.colcon_core.package_discovery:discover_packages(ignore) using defaults
[0.143s] Level 1:colcon.colcon_core.package_discovery:discover_packages(path) discover
[0.143s] Level 1:colcon.colcon_core.package_discovery:discover_packages(path) using defaults
[0.155s] INFO:colcon.colcon_core.package_selection:Skipping not selected package 'turtle_catch_em_all' in 'src/turtle_catch_em_all'
[0.155s] INFO:colcon.colcon_core.package_selection:Skipping not selected package 'turtle_bringup' in 'src/turtle_bringup'
[0.156s] Level 1:colcon.colcon_core.package_discovery:discover_packages(prefix_path) check parameters
[0.156s] Level 1:colcon.colcon_core.package_discovery:discover_packages(prefix_path) discover
[0.158s] DEBUG:colcon.colcon_installed_package_information.package_discovery:Found 6 installed packages in /home/ash/ros2_ws/install
[0.159s] DEBUG:colcon.colcon_installed_package_information.package_discovery:Found 285 installed packages in /opt/ros/jazzy
[0.159s] Level 1:colcon.colcon_core.package_discovery:discover_packages(prefix_path) using defaults
[0.189s] Level 5:colcon.colcon_core.verb:set package 'turtle_interfaces' build argument 'cmake_args' from command line to 'None'
[0.189s] Level 5:colcon.colcon_core.verb:set package 'turtle_interfaces' build argument 'cmake_target' from command line to 'None'
[0.189s] Level 5:colcon.colcon_core.verb:set package 'turtle_interfaces' build argument 'cmake_target_skip_unavailable' from command line to 'False'
[0.189s] Level 5:colcon.colcon_core.verb:set package 'turtle_interfaces' build argument 'cmake_clean_cache' from command line to 'False'
[0.189s] Level 5:colcon.colcon_core.verb:set package 'turtle_interfaces' build argument 'cmake_clean_first' from command line to 'False'
[0.189s] Level 5:colcon.colcon_core.verb:set package 'turtle_interfaces' build argument 'cmake_force_configure' from command line to 'False'
[0.189s] Level 5:colcon.colcon_core.verb:set package 'turtle_interfaces' build argument 'ament_cmake_args' from command line to 'None'
[0.189s] Level 5:colcon.colcon_core.verb:set package 'turtle_interfaces' build argument 'catkin_cmake_args' from command line to 'None'
[0.189s] Level 5:colcon.colcon_core.verb:set package 'turtle_interfaces' build argument 'catkin_skip_building_tests' from command line to 'False'
[0.189s] DEBUG:colcon.colcon_core.verb:Building package 'turtle_interfaces' with the following arguments: {'ament_cmake_args': None, 'build_base': '/home/ash/turtle_bot_chaser/build/turtle_interfaces', 'catkin_cmake_args': None, 'catkin_skip_building_tests': False, 'cmake_args': None, 'cmake_clean_cache': False, 'cmake_clean_first': False, 'cmake_force_configure': False, 'cmake_target': None, 'cmake_target_skip_unavailable': False, 'install_base': '/home/ash/turtle_bot_chaser/install/turtle_interfaces', 'merge_install': False, 'path': '/home/ash/turtle_bot_chaser/src/turtle_interfaces', 'symlink_install': False, 'test_result_base': None}
[0.189s] INFO:colcon.colcon_core.executor:Executing jobs using 'parallel' executor
[0.191s] DEBUG:colcon.colcon_parallel_executor.executor.parallel:run_until_complete
[0.192s] INFO:colcon.colcon_ros.task.ament_cmake.build:Building ROS package in '/home/ash/turtle_bot_chaser/src/turtle_interfaces' with build type 'ament_cmake'
[0.192s] INFO:colcon.colcon_cmake.task.cmake.build:Building CMake package in '/home/ash/turtle_bot_chaser/src/turtle_interfaces'
[0.196s] INFO:colcon.colcon_core.plugin_system:Skipping extension 'colcon_core.shell.bat': Not used on non-Windows systems
[0.196s] INFO:colcon.colcon_core.shell:Skip shell extension 'powershell' for command environment: Not usable outside of PowerShell
[0.196s] DEBUG:colcon.colcon_core.shell:Skip shell extension 'dsv' for command environment
[0.208s] DEBUG:colcon.colcon_core.event_handler.log_command:Invoking command in '/home/ash/turtle_bot_chaser/build/turtle_interfaces': CMAKE_PREFIX_PATH=${CMAKE_PREFIX_PATH}:/home/ash/ros2_ws/install/project:/home/ash/ros2_ws/install/my_py_pkg:/home/ash/ros2_ws/install/activity4:/home/ash/ros2_ws/install/activity2:/opt/ros/jazzy DEBUGINFOD_URLS=https://debuginfod.ubuntu.com /usr/bin/cmake --build /home/ash/turtle_bot_chaser/build/turtle_interfaces -- -j7 -l7
[0.680s] DEBUG:colcon.colcon_core.event_handler.log_command:Invoked command in '/home/ash/turtle_bot_chaser/build/turtle_interfaces' returned '0': CMAKE_PREFIX_PATH=${CMAKE_PREFIX_PATH}:/home/ash/ros2_ws/install/project:/home/ash/ros2_ws/install/my_py_pkg:/home/ash/ros2_ws/install/activity4:/home/ash/ros2_ws/install/activity2:/opt/ros/jazzy DEBUGINFOD_URLS=https://debuginfod.ubuntu.com /usr/bin/cmake --build /home/ash/turtle_bot_chaser/build/turtle_interfaces -- -j7 -l7
[0.694s] DEBUG:colcon.colcon_core.event_handler.log_command:Invoking command in '/home/ash/turtle_bot_chaser/build/turtle_interfaces': CMAKE_PREFIX_PATH=${CMAKE_PREFIX_PATH}:/home/ash/ros2_ws/install/project:/home/ash/ros2_ws/install/my_py_pkg:/home/ash/ros2_ws/install/activity4:/home/ash/ros2_ws/install/activity2:/opt/ros/jazzy DEBUGINFOD_URLS=https://debuginfod.ubuntu.com /usr/bin/cmake --install /home/ash/turtle_bot_chaser/build/turtle_interfaces
[0.775s] Level 1:colcon.colcon_core.environment:create_environment_scripts_only(turtle_interfaces)
[0.776s] DEBUG:colcon.colcon_core.event_handler.log_command:Invoked command in '/home/ash/turtle_bot_chaser/build/turtle_interfaces' returned '0': CMAKE_PREFIX_PATH=${CMAKE_PREFIX_PATH}:/home/ash/ros2_ws/install/project:/home/ash/ros2_ws/install/my_py_pkg:/home/ash/ros2_ws/install/activity4:/home/ash/ros2_ws/install/activity2:/opt/ros/jazzy DEBUGINFOD_URLS=https://debuginfod.ubuntu.com /usr/bin/cmake --install /home/ash/turtle_bot_chaser/build/turtle_interfaces
[0.778s] Level 1:colcon.colcon_core.environment:checking '/home/ash/turtle_bot_chaser/install/turtle_interfaces' for CMake module files
[0.779s] Level 1:colcon.colcon_core.environment:checking '/home/ash/turtle_bot_chaser/install/turtle_interfaces' for CMake config files
[0.779s] Level 1:colcon.colcon_core.shell:create_environment_hook('turtle_interfaces', 'cmake_prefix_path')
[0.779s] INFO:colcon.colcon_core.shell:Creating environment hook '/home/ash/turtle_bot_chaser/install/turtle_interfaces/share/turtle_interfaces/hook/cmake_prefix_path.ps1'
[0.780s] INFO:colcon.colcon_core.shell:Creating environment descriptor '/home/ash/turtle_bot_chaser/install/turtle_interfaces/share/turtle_interfaces/hook/cmake_prefix_path.dsv'
[0.780s] INFO:colcon.colcon_core.shell:Creating environment hook '/home/ash/turtle_bot_chaser/install/turtle_interfaces/share/turtle_interfaces/hook/cmake_prefix_path.sh'
[0.781s] Level 1:colcon.colcon_core.environment:checking '/home/ash/turtle_bot_chaser/install/turtle_interfaces/lib'
[0.781s] Level 1:colcon.colcon_core.shell:create_environment_hook('turtle_interfaces', 'ld_library_path_lib')
[0.781s] INFO:colcon.colcon_core.shell:Creating environment hook '/home/ash/turtle_bot_chaser/install/turtle_interfaces/share/turtle_interfaces/hook/ld_library_path_lib.ps1'
[0.782s] INFO:colcon.colcon_core.shell:Creating environment descriptor '/home/ash/turtle_bot_chaser/install/turtle_interfaces/share/turtle_interfaces/hook/ld_library_path_lib.dsv'
[0.782s] INFO:colcon.colcon_core.shell:Creating environment hook '/home/ash/turtle_bot_chaser/install/turtle_interfaces/share/turtle_interfaces/hook/ld_library_path_lib.sh'
[0.783s] Level 1:colcon.colcon_core.environment:checking '/home/ash/turtle_bot_chaser/install/turtle_interfaces/bin'
[0.783s] Level 1:colcon.colcon_core.environment:checking '/home/ash/turtle_bot_chaser/install/turtle_interfaces/lib/pkgconfig/turtle_interfaces.pc'
[0.783s] Level 1:colcon.colcon_core.environment:checking '/home/ash/turtle_bot_chaser/install/turtle_interfaces/lib/python3.12/site-packages'
[0.783s] Level 1:colcon.colcon_core.shell:create_environment_hook('turtle_interfaces', 'pythonpath')
[0.783s] INFO:colcon.colcon_core.shell:Creating environment hook '/home/ash/turtle_bot_chaser/install/turtle_interfaces/share/turtle_interfaces/hook/pythonpath.ps1'
[0.783s] INFO:colcon.colcon_core.shell:Creating environment descriptor '/home/ash/turtle_bot_chaser/install/turtle_interfaces/share/turtle_interfaces/hook/pythonpath.dsv'
[0.784s] INFO:colcon.colcon_core.shell:Creating environment hook '/home/ash/turtle_bot_chaser/install/turtle_interfaces/share/turtle_interfaces/hook/pythonpath.sh'
[0.785s] Level 1:colcon.colcon_core.environment:checking '/home/ash/turtle_bot_chaser/install/turtle_interfaces/bin'
[0.785s] INFO:colcon.colcon_core.shell:Creating package script '/home/ash/turtle_bot_chaser/install/turtle_interfaces/share/turtle_interfaces/package.ps1'
[0.785s] INFO:colcon.colcon_core.shell:Creating package descriptor '/home/ash/turtle_bot_chaser/install/turtle_interfaces/share/turtle_interfaces/package.dsv'
[0.786s] INFO:colcon.colcon_core.shell:Creating package script '/home/ash/turtle_bot_chaser/install/turtle_interfaces/share/turtle_interfaces/package.sh'
[0.787s] INFO:colcon.colcon_core.shell:Creating package script '/home/ash/turtle_bot_chaser/install/turtle_interfaces/share/turtle_interfaces/package.bash'
[0.788s] INFO:colcon.colcon_core.shell:Creating package script '/home/ash/turtle_bot_chaser/install/turtle_interfaces/share/turtle_interfaces/package.zsh'
[0.788s] Level 1:colcon.colcon_core.environment:create_file_with_runtime_dependencies(/home/ash/turtle_bot_chaser/install/turtle_interfaces/share/colcon-core/packages/turtle_interfaces)
[0.789s] Level 1:colcon.colcon_core.environment:create_environment_scripts_only(turtle_interfaces)
[0.789s] Level 1:colcon.colcon_core.environment:checking '/home/ash/turtle_bot_chaser/install/turtle_interfaces' for CMake module files
[0.789s] Level 1:colcon.colcon_core.environment:checking '/home/ash/turtle_bot_chaser/install/turtle_interfaces' for CMake config files
[0.789s] Level 1:colcon.colcon_core.shell:create_environment_hook('turtle_interfaces', 'cmake_prefix_path')
[0.789s] INFO:colcon.colcon_core.shell:Creating environment hook '/home/ash/turtle_bot_chaser/install/turtle_interfaces/share/turtle_interfaces/hook/cmake_prefix_path.ps1'
[0.790s] INFO:colcon.colcon_core.shell:Creating environment descriptor '/home/ash/turtle_bot_chaser/install/turtle_interfaces/share/turtle_interfaces/hook/cmake_prefix_path.dsv'
[0.790s] INFO:colcon.colcon_core.shell:Creating environment hook '/home/ash/turtle_bot_chaser/install/turtle_interfaces/share/turtle_interfaces/hook/cmake_prefix_path.sh'
[0.791s] Level 1:colcon.colcon_core.environment:checking '/home/ash/turtle_bot_chaser/install/turtle_interfaces/lib'
[0.791s] Level 1:colcon.colcon_core.shell:create_environment_hook('turtle_interfaces', 'ld_library_path_lib')
[0.791s] INFO:colcon.colcon_core.shell:Creating environment hook '/home/ash/turtle_bot_chaser/install/turtle_interfaces/share/turtle_interfaces/hook/ld_library_path_lib.ps1'
[0.791s] INFO:colcon.colcon_core.shell:Creating environment descriptor '/home/ash/turtle_bot_chaser/install/turtle_interfaces/share/turtle_interfaces/hook/ld_library_path_lib.dsv'
[0.791s] INFO:colcon.colcon_core.shell:Creating environment hook '/home/ash/turtle_bot_chaser/install/turtle_interfaces/share/turtle_interfaces/hook/ld_library_path_lib.sh'
[0.792s] Level 1:colcon.colcon_core.environment:checking '/home/ash/turtle_bot_chaser/install/turtle_interfaces/bin'
[0.792s] Level 1:colcon.colcon_core.environment:checking '/home/ash/turtle_bot_chaser/install/turtle_interfaces/lib/pkgconfig/turtle_interfaces.pc'
[0.792s] Level 1:colcon.colcon_core.environment:checking '/home/ash/turtle_bot_chaser/install/turtle_interfaces/lib/python3.12/site-packages'
[0.792s] Level 1:colcon.colcon_core.shell:create_environment_hook('turtle_interfaces', 'pythonpath')
[0.792s] INFO:colcon.colcon_core.shell:Creating environment hook '/home/ash/turtle_bot_chaser/install/turtle_interfaces/share/turtle_interfaces/hook/pythonpath.ps1'
[0.793s] INFO:colcon.colcon_core.shell:Creating environment descriptor '/home/ash/turtle_bot_chaser/install/turtle_interfaces/share/turtle_interfaces/hook/pythonpath.dsv'
[0.793s] INFO:colcon.colcon_core.shell:Creating environment hook '/home/ash/turtle_bot_chaser/install/turtle_interfaces/share/turtle_interfaces/hook/pythonpath.sh'
[0.793s] Level 1:colcon.colcon_core.environment:checking '/home/ash/turtle_bot_chaser/install/turtle_interfaces/bin'
[0.794s] INFO:colcon.colcon_core.shell:Creating package script '/home/ash/turtle_bot_chaser/install/turtle_interfaces/share/turtle_interfaces/package.ps1'
[0.794s] INFO:colcon.colcon_core.shell:Creating package descriptor '/home/ash/turtle_bot_chaser/install/turtle_interfaces/share/turtle_interfaces/package.dsv'
[0.794s] INFO:colcon.colcon_core.shell:Creating package script '/home/ash/turtle_bot_chaser/install/turtle_interfaces/share/turtle_interfaces/package.sh'
[0.795s] INFO:colcon.colcon_core.shell:Creating package script '/home/ash/turtle_bot_chaser/install/turtle_interfaces/share/turtle_interfaces/package.bash'
[0.795s] INFO:colcon.colcon_core.shell:Creating package script '/home/ash/turtle_bot_chaser/install/turtle_interfaces/share/turtle_interfaces/package.zsh'
[0.796s] Level 1:colcon.colcon_core.environment:create_file_with_runtime_dependencies(/home/ash/turtle_bot_chaser/install/turtle_interfaces/share/colcon-core/packages/turtle_interfaces)
[0.796s] DEBUG:colcon.colcon_parallel_executor.executor.parallel:closing loop
[0.797s] DEBUG:colcon.colcon_parallel_executor.executor.parallel:loop closed
[0.797s] DEBUG:colcon.colcon_parallel_executor.executor.parallel:run_until_complete finished with '0'
[0.797s] DEBUG:colcon.colcon_core.event_reactor:joining thread
[0.809s] INFO:colcon.colcon_core.plugin_system:Skipping extension 'colcon_notification.desktop_notification.terminal_notifier': Not used on non-Darwin systems
[0.809s] INFO:colcon.colcon_core.plugin_system:Skipping extension 'colcon_notification.desktop_notification.win32': Not used on non-Windows systems
[0.810s] INFO:colcon.colcon_notification.desktop_notification:Sending desktop notification using 'notify2'
[0.845s] DEBUG:colcon.colcon_core.event_reactor:joined thread
[0.845s] INFO:colcon.colcon_core.shell:Creating prefix script '/home/ash/turtle_bot_chaser/install/local_setup.ps1'
[0.846s] INFO:colcon.colcon_core.shell:Creating prefix util module '/home/ash/turtle_bot_chaser/install/_local_setup_util_ps1.py'
[0.848s] INFO:colcon.colcon_core.shell:Creating prefix chain script '/home/ash/turtle_bot_chaser/install/setup.ps1'
[0.849s] INFO:colcon.colcon_core.shell:Creating prefix script '/home/ash/turtle_bot_chaser/install/local_setup.sh'
[0.850s] INFO:colcon.colcon_core.shell:Creating prefix util module '/home/ash/turtle_bot_chaser/install/_local_setup_util_sh.py'
[0.850s] INFO:colcon.colcon_core.shell:Creating prefix chain script '/home/ash/turtle_bot_chaser/install/setup.sh'
[0.851s] INFO:colcon.colcon_core.shell:Creating prefix script '/home/ash/turtle_bot_chaser/install/local_setup.bash'
[0.852s] INFO:colcon.colcon_core.shell:Creating prefix chain script '/home/ash/turtle_bot_chaser/install/setup.bash'
[0.853s] INFO:colcon.colcon_core.shell:Creating prefix script '/home/ash/turtle_bot_chaser/install/local_setup.zsh'
[0.854s] INFO:colcon.colcon_core.shell:Creating prefix chain script '/home/ash/turtle_bot_chaser/install/setup.zsh'
