[0.637s] Invoking command in '/home/ash/turtle_bot_chaser/src/turtle_catch_em_all': DEBUGINFOD_URLS=https://debuginfod.ubuntu.com PYTHONPATH=/home/ash/turtle_bot_chaser/build/turtle_catch_em_all/prefix_override:/usr/lib/python3/dist-packages/colcon_core/task/python/colcon_distutils_commands:/home/ash/turtle_bot_chaser/install/turtle_catch_em_all/lib/python3.12/site-packages:${PYTHONPATH} /usr/bin/python3 -W ignore:setup.py install is deprecated -W ignore:easy_install command is deprecated setup.py egg_info --egg-base ../../build/turtle_catch_em_all build --build-base /home/ash/turtle_bot_chaser/build/turtle_catch_em_all/build install --record /home/ash/turtle_bot_chaser/build/turtle_catch_em_all/install.log --single-version-externally-managed install_data
[0.838s] running egg_info
[0.853s] writing ../../build/turtle_catch_em_all/turtle_catch_em_all.egg-info/PKG-INFO
[0.855s] writing dependency_links to ../../build/turtle_catch_em_all/turtle_catch_em_all.egg-info/dependency_links.txt
[0.855s] writing entry points to ../../build/turtle_catch_em_all/turtle_catch_em_all.egg-info/entry_points.txt
[0.855s] writing requirements to ../../build/turtle_catch_em_all/turtle_catch_em_all.egg-info/requires.txt
[0.855s] writing top-level names to ../../build/turtle_catch_em_all/turtle_catch_em_all.egg-info/top_level.txt
[0.879s] reading manifest file '../../build/turtle_catch_em_all/turtle_catch_em_all.egg-info/SOURCES.txt'
[0.880s] writing manifest file '../../build/turtle_catch_em_all/turtle_catch_em_all.egg-info/SOURCES.txt'
[0.881s] running build
[0.881s] running build_py
[0.881s] copying turtle_catch_em_all/turtle_controller.py -> /home/ash/turtle_bot_chaser/build/turtle_catch_em_all/build/lib/turtle_catch_em_all
[0.881s] copying turtle_catch_em_all/turtle_spawner.py -> /home/ash/turtle_bot_chaser/build/turtle_catch_em_all/build/lib/turtle_catch_em_all
[0.881s] copying turtle_catch_em_all/turtle_monitor.py -> /home/ash/turtle_bot_chaser/build/turtle_catch_em_all/build/lib/turtle_catch_em_all
[0.882s] running install
[0.886s] running install_lib
[0.898s] copying /home/ash/turtle_bot_chaser/build/turtle_catch_em_all/build/lib/turtle_catch_em_all/turtle_controller.py -> /home/ash/turtle_bot_chaser/install/turtle_catch_em_all/lib/python3.12/site-packages/turtle_catch_em_all
[0.898s] copying /home/ash/turtle_bot_chaser/build/turtle_catch_em_all/build/lib/turtle_catch_em_all/turtle_spawner.py -> /home/ash/turtle_bot_chaser/install/turtle_catch_em_all/lib/python3.12/site-packages/turtle_catch_em_all
[0.898s] copying /home/ash/turtle_bot_chaser/build/turtle_catch_em_all/build/lib/turtle_catch_em_all/turtle_monitor.py -> /home/ash/turtle_bot_chaser/install/turtle_catch_em_all/lib/python3.12/site-packages/turtle_catch_em_all
[0.899s] byte-compiling /home/ash/turtle_bot_chaser/install/turtle_catch_em_all/lib/python3.12/site-packages/turtle_catch_em_all/turtle_controller.py to turtle_controller.cpython-312.pyc
[0.901s] byte-compiling /home/ash/turtle_bot_chaser/install/turtle_catch_em_all/lib/python3.12/site-packages/turtle_catch_em_all/turtle_spawner.py to turtle_spawner.cpython-312.pyc
[0.903s] byte-compiling /home/ash/turtle_bot_chaser/install/turtle_catch_em_all/lib/python3.12/site-packages/turtle_catch_em_all/turtle_monitor.py to turtle_monitor.cpython-312.pyc
[0.904s] running install_data
[0.904s] running install_egg_info
[0.917s] removing '/home/ash/turtle_bot_chaser/install/turtle_catch_em_all/lib/python3.12/site-packages/turtle_catch_em_all-0.0.0-py3.12.egg-info' (and everything under it)
[0.917s] Copying ../../build/turtle_catch_em_all/turtle_catch_em_all.egg-info to /home/ash/turtle_bot_chaser/install/turtle_catch_em_all/lib/python3.12/site-packages/turtle_catch_em_all-0.0.0-py3.12.egg-info
[0.919s] running install_scripts
[1.018s] Installing turtle_controller script to /home/ash/turtle_bot_chaser/install/turtle_catch_em_all/lib/turtle_catch_em_all
[1.019s] Installing turtle_monitor script to /home/ash/turtle_bot_chaser/install/turtle_catch_em_all/lib/turtle_catch_em_all
[1.019s] Installing turtle_spawner script to /home/ash/turtle_bot_chaser/install/turtle_catch_em_all/lib/turtle_catch_em_all
[1.019s] writing list of installed files to '/home/ash/turtle_bot_chaser/build/turtle_catch_em_all/install.log'
[1.052s] Invoked command in '/home/ash/turtle_bot_chaser/src/turtle_catch_em_all' returned '0': DEBUGINFOD_URLS=https://debuginfod.ubuntu.com PYTHONPATH=/home/ash/turtle_bot_chaser/build/turtle_catch_em_all/prefix_override:/usr/lib/python3/dist-packages/colcon_core/task/python/colcon_distutils_commands:/home/ash/turtle_bot_chaser/install/turtle_catch_em_all/lib/python3.12/site-packages:${PYTHONPATH} /usr/bin/python3 -W ignore:setup.py install is deprecated -W ignore:easy_install command is deprecated setup.py egg_info --egg-base ../../build/turtle_catch_em_all build --build-base /home/ash/turtle_bot_chaser/build/turtle_catch_em_all/build install --record /home/ash/turtle_bot_chaser/build/turtle_catch_em_all/install.log --single-version-externally-managed install_data
