[0.177s] DEBUG:colcon:Command line arguments: ['/usr/bin/colcon', 'list', '-p', '--base-paths', '/home/ash/turtle_bot_chaser']
[0.177s] DEBUG:colcon:Parsed command line arguments: Namespace(log_base=None, log_level=None, verb_name='list', build_base='build', ignore_user_meta=False, metas=['./colcon.meta'], base_paths=['/home/ash/turtle_bot_chaser'], packages_ignore=None, packages_ignore_regex=None, paths=None, packages_up_to=None, packages_up_to_regex=None, packages_above=None, packages_above_and_dependencies=None, packages_above_depth=None, packages_select_by_dep=None, packages_skip_by_dep=None, packages_skip_up_to=None, packages_select_build_failed=False, packages_skip_build_finished=False, packages_select_test_failures=False, packages_skip_test_passed=False, packages_select=None, packages_skip=None, packages_select_regex=None, packages_skip_regex=None, packages_start=None, packages_end=None, allow_overriding=[], topological_order=False, names_only=False, paths_only=True, topological_graph=False, topological_graph_dot=False, topological_graph_density=False, topological_graph_legend=False, topological_graph_dot_cluster=False, topological_graph_dot_include_skipped=False, mixin_files=None, mixin=None, verb_parser=<colcon_mixin.mixin.mixin_argument.MixinArgumentDecorator object at 0x79e0913a2060>, verb_extension=<colcon_package_information.verb.list.ListVerb object at 0x79e0913a0e90>, main=<bound method ListVerb.main of <colcon_package_information.verb.list.ListVerb object at 0x79e0913a0e90>>, mixin_verb=('list',))
[0.266s] Level 1:colcon.colcon_core.package_discovery:discover_packages(colcon_meta) check parameters
[0.266s] Level 1:colcon.colcon_core.package_discovery:discover_packages(recursive) check parameters
[0.266s] Level 1:colcon.colcon_core.package_discovery:discover_packages(ignore) check parameters
[0.267s] Level 1:colcon.colcon_core.package_discovery:discover_packages(path) check parameters
[0.267s] Level 1:colcon.colcon_core.package_discovery:discover_packages(recursive) discover
[0.267s] INFO:colcon.colcon_core.package_discovery:Crawling recursively for packages in '/home/ash/turtle_bot_chaser'
[0.267s] Level 1:colcon.colcon_core.package_identification:_identify(/home/ash/turtle_bot_chaser) by extensions ['ignore', 'ignore_ament_install']
[0.267s] Level 1:colcon.colcon_core.package_identification:_identify(/home/ash/turtle_bot_chaser) by extension 'ignore'
[0.267s] Level 1:colcon.colcon_core.package_identification:_identify(/home/ash/turtle_bot_chaser) by extension 'ignore_ament_install'
[0.267s] Level 1:colcon.colcon_core.package_identification:_identify(/home/ash/turtle_bot_chaser) by extensions ['colcon_pkg']
[0.267s] Level 1:colcon.colcon_core.package_identification:_identify(/home/ash/turtle_bot_chaser) by extension 'colcon_pkg'
[0.267s] Level 1:colcon.colcon_core.package_identification:_identify(/home/ash/turtle_bot_chaser) by extensions ['colcon_meta']
[0.267s] Level 1:colcon.colcon_core.package_identification:_identify(/home/ash/turtle_bot_chaser) by extension 'colcon_meta'
[0.267s] Level 1:colcon.colcon_core.package_identification:_identify(/home/ash/turtle_bot_chaser) by extensions ['ros']
[0.267s] Level 1:colcon.colcon_core.package_identification:_identify(/home/ash/turtle_bot_chaser) by extension 'ros'
[0.316s] Level 1:colcon.colcon_core.package_identification:_identify(/home/ash/turtle_bot_chaser) by extensions ['cmake', 'python']
[0.316s] Level 1:colcon.colcon_core.package_identification:_identify(/home/ash/turtle_bot_chaser) by extension 'cmake'
[0.316s] Level 1:colcon.colcon_core.package_identification:_identify(/home/ash/turtle_bot_chaser) by extension 'python'
[0.316s] Level 1:colcon.colcon_core.package_identification:_identify(/home/ash/turtle_bot_chaser) by extensions ['python_setup_py']
[0.316s] Level 1:colcon.colcon_core.package_identification:_identify(/home/ash/turtle_bot_chaser) by extension 'python_setup_py'
[0.316s] Level 1:colcon.colcon_core.package_identification:_identify(/home/ash/turtle_bot_chaser/build) by extensions ['ignore', 'ignore_ament_install']
[0.316s] Level 1:colcon.colcon_core.package_identification:_identify(/home/ash/turtle_bot_chaser/build) by extension 'ignore'
[0.317s] Level 1:colcon.colcon_core.package_identification:_identify(/home/ash/turtle_bot_chaser/build) by extension 'ignore_ament_install'
[0.317s] Level 1:colcon.colcon_core.package_identification:_identify(/home/ash/turtle_bot_chaser/build) by extensions ['colcon_pkg']
[0.317s] Level 1:colcon.colcon_core.package_identification:_identify(/home/ash/turtle_bot_chaser/build) by extension 'colcon_pkg'
[0.317s] Level 1:colcon.colcon_core.package_identification:_identify(/home/ash/turtle_bot_chaser/build) by extensions ['colcon_meta']
[0.317s] Level 1:colcon.colcon_core.package_identification:_identify(/home/ash/turtle_bot_chaser/build) by extension 'colcon_meta'
[0.317s] Level 1:colcon.colcon_core.package_identification:_identify(/home/ash/turtle_bot_chaser/build) by extensions ['ros']
[0.317s] Level 1:colcon.colcon_core.package_identification:_identify(/home/ash/turtle_bot_chaser/build) by extension 'ros'
[0.317s] Level 1:colcon.colcon_core.package_identification:_identify(/home/ash/turtle_bot_chaser/build) by extensions ['cmake', 'python']
[0.317s] Level 1:colcon.colcon_core.package_identification:_identify(/home/ash/turtle_bot_chaser/build) by extension 'cmake'
[0.317s] Level 1:colcon.colcon_core.package_identification:_identify(/home/ash/turtle_bot_chaser/build) by extension 'python'
[0.317s] Level 1:colcon.colcon_core.package_identification:_identify(/home/ash/turtle_bot_chaser/build) by extensions ['python_setup_py']
[0.317s] Level 1:colcon.colcon_core.package_identification:_identify(/home/ash/turtle_bot_chaser/build) by extension 'python_setup_py'
[0.317s] Level 1:colcon.colcon_core.package_identification:_identify(/home/ash/turtle_bot_chaser/install) by extensions ['ignore', 'ignore_ament_install']
[0.317s] Level 1:colcon.colcon_core.package_identification:_identify(/home/ash/turtle_bot_chaser/install) by extension 'ignore'
[0.317s] Level 1:colcon.colcon_core.package_identification:_identify(/home/ash/turtle_bot_chaser/install) by extension 'ignore_ament_install'
[0.317s] Level 1:colcon.colcon_core.package_identification:_identify(/home/ash/turtle_bot_chaser/install) by extensions ['colcon_pkg']
[0.317s] Level 1:colcon.colcon_core.package_identification:_identify(/home/ash/turtle_bot_chaser/install) by extension 'colcon_pkg'
[0.317s] Level 1:colcon.colcon_core.package_identification:_identify(/home/ash/turtle_bot_chaser/install) by extensions ['colcon_meta']
[0.317s] Level 1:colcon.colcon_core.package_identification:_identify(/home/ash/turtle_bot_chaser/install) by extension 'colcon_meta'
[0.317s] Level 1:colcon.colcon_core.package_identification:_identify(/home/ash/turtle_bot_chaser/install) by extensions ['ros']
[0.317s] Level 1:colcon.colcon_core.package_identification:_identify(/home/ash/turtle_bot_chaser/install) by extension 'ros'
[0.317s] Level 1:colcon.colcon_core.package_identification:_identify(/home/ash/turtle_bot_chaser/install) by extensions ['cmake', 'python']
[0.317s] Level 1:colcon.colcon_core.package_identification:_identify(/home/ash/turtle_bot_chaser/install) by extension 'cmake'
[0.318s] Level 1:colcon.colcon_core.package_identification:_identify(/home/ash/turtle_bot_chaser/install) by extension 'python'
[0.318s] Level 1:colcon.colcon_core.package_identification:_identify(/home/ash/turtle_bot_chaser/install) by extensions ['python_setup_py']
[0.318s] Level 1:colcon.colcon_core.package_identification:_identify(/home/ash/turtle_bot_chaser/install) by extension 'python_setup_py'
[0.318s] Level 1:colcon.colcon_core.package_identification:_identify(/home/ash/turtle_bot_chaser/log) by extensions ['ignore', 'ignore_ament_install']
[0.318s] Level 1:colcon.colcon_core.package_identification:_identify(/home/ash/turtle_bot_chaser/log) by extension 'ignore'
[0.318s] Level 1:colcon.colcon_core.package_identification:_identify(/home/ash/turtle_bot_chaser/log) ignored
[0.318s] Level 1:colcon.colcon_core.package_identification:_identify(/home/ash/turtle_bot_chaser/src) by extensions ['ignore', 'ignore_ament_install']
[0.318s] Level 1:colcon.colcon_core.package_identification:_identify(/home/ash/turtle_bot_chaser/src) by extension 'ignore'
[0.318s] Level 1:colcon.colcon_core.package_identification:_identify(/home/ash/turtle_bot_chaser/src) by extension 'ignore_ament_install'
[0.318s] Level 1:colcon.colcon_core.package_identification:_identify(/home/ash/turtle_bot_chaser/src) by extensions ['colcon_pkg']
[0.318s] Level 1:colcon.colcon_core.package_identification:_identify(/home/ash/turtle_bot_chaser/src) by extension 'colcon_pkg'
[0.318s] Level 1:colcon.colcon_core.package_identification:_identify(/home/ash/turtle_bot_chaser/src) by extensions ['colcon_meta']
[0.318s] Level 1:colcon.colcon_core.package_identification:_identify(/home/ash/turtle_bot_chaser/src) by extension 'colcon_meta'
[0.318s] Level 1:colcon.colcon_core.package_identification:_identify(/home/ash/turtle_bot_chaser/src) by extensions ['ros']
[0.318s] Level 1:colcon.colcon_core.package_identification:_identify(/home/ash/turtle_bot_chaser/src) by extension 'ros'
[0.318s] Level 1:colcon.colcon_core.package_identification:_identify(/home/ash/turtle_bot_chaser/src) by extensions ['cmake', 'python']
[0.319s] Level 1:colcon.colcon_core.package_identification:_identify(/home/ash/turtle_bot_chaser/src) by extension 'cmake'
[0.319s] Level 1:colcon.colcon_core.package_identification:_identify(/home/ash/turtle_bot_chaser/src) by extension 'python'
[0.319s] Level 1:colcon.colcon_core.package_identification:_identify(/home/ash/turtle_bot_chaser/src) by extensions ['python_setup_py']
[0.319s] Level 1:colcon.colcon_core.package_identification:_identify(/home/ash/turtle_bot_chaser/src) by extension 'python_setup_py'
[0.319s] Level 1:colcon.colcon_core.package_identification:_identify(/home/ash/turtle_bot_chaser/src/interfaces) by extensions ['ignore', 'ignore_ament_install']
[0.319s] Level 1:colcon.colcon_core.package_identification:_identify(/home/ash/turtle_bot_chaser/src/interfaces) by extension 'ignore'
[0.319s] Level 1:colcon.colcon_core.package_identification:_identify(/home/ash/turtle_bot_chaser/src/interfaces) by extension 'ignore_ament_install'
[0.319s] Level 1:colcon.colcon_core.package_identification:_identify(/home/ash/turtle_bot_chaser/src/interfaces) by extensions ['colcon_pkg']
[0.319s] Level 1:colcon.colcon_core.package_identification:_identify(/home/ash/turtle_bot_chaser/src/interfaces) by extension 'colcon_pkg'
[0.319s] Level 1:colcon.colcon_core.package_identification:_identify(/home/ash/turtle_bot_chaser/src/interfaces) by extensions ['colcon_meta']
[0.319s] Level 1:colcon.colcon_core.package_identification:_identify(/home/ash/turtle_bot_chaser/src/interfaces) by extension 'colcon_meta'
[0.320s] Level 1:colcon.colcon_core.package_identification:_identify(/home/ash/turtle_bot_chaser/src/interfaces) by extensions ['ros']
[0.320s] Level 1:colcon.colcon_core.package_identification:_identify(/home/ash/turtle_bot_chaser/src/interfaces) by extension 'ros'
[0.324s] DEBUG:colcon.colcon_core.package_identification:Package '/home/ash/turtle_bot_chaser/src/interfaces' with type 'ros.ament_cmake' and name 'interfaces'
[0.324s] Level 1:colcon.colcon_core.package_identification:_identify(/home/ash/turtle_bot_chaser/src/turtle_bringup) by extensions ['ignore', 'ignore_ament_install']
[0.325s] Level 1:colcon.colcon_core.package_identification:_identify(/home/ash/turtle_bot_chaser/src/turtle_bringup) by extension 'ignore'
[0.325s] Level 1:colcon.colcon_core.package_identification:_identify(/home/ash/turtle_bot_chaser/src/turtle_bringup) by extension 'ignore_ament_install'
[0.325s] Level 1:colcon.colcon_core.package_identification:_identify(/home/ash/turtle_bot_chaser/src/turtle_bringup) by extensions ['colcon_pkg']
[0.325s] Level 1:colcon.colcon_core.package_identification:_identify(/home/ash/turtle_bot_chaser/src/turtle_bringup) by extension 'colcon_pkg'
[0.325s] Level 1:colcon.colcon_core.package_identification:_identify(/home/ash/turtle_bot_chaser/src/turtle_bringup) by extensions ['colcon_meta']
[0.325s] Level 1:colcon.colcon_core.package_identification:_identify(/home/ash/turtle_bot_chaser/src/turtle_bringup) by extension 'colcon_meta'
[0.325s] Level 1:colcon.colcon_core.package_identification:_identify(/home/ash/turtle_bot_chaser/src/turtle_bringup) by extensions ['ros']
[0.325s] Level 1:colcon.colcon_core.package_identification:_identify(/home/ash/turtle_bot_chaser/src/turtle_bringup) by extension 'ros'
[0.326s] DEBUG:colcon.colcon_core.package_identification:Package '/home/ash/turtle_bot_chaser/src/turtle_bringup' with type 'ros.ament_cmake' and name 'turtle_bringup'
[0.326s] Level 1:colcon.colcon_core.package_identification:_identify(/home/ash/turtle_bot_chaser/src/turtle_catch_em_all) by extensions ['ignore', 'ignore_ament_install']
[0.326s] Level 1:colcon.colcon_core.package_identification:_identify(/home/ash/turtle_bot_chaser/src/turtle_catch_em_all) by extension 'ignore'
[0.326s] Level 1:colcon.colcon_core.package_identification:_identify(/home/ash/turtle_bot_chaser/src/turtle_catch_em_all) by extension 'ignore_ament_install'
[0.326s] Level 1:colcon.colcon_core.package_identification:_identify(/home/ash/turtle_bot_chaser/src/turtle_catch_em_all) by extensions ['colcon_pkg']
[0.326s] Level 1:colcon.colcon_core.package_identification:_identify(/home/ash/turtle_bot_chaser/src/turtle_catch_em_all) by extension 'colcon_pkg'
[0.326s] Level 1:colcon.colcon_core.package_identification:_identify(/home/ash/turtle_bot_chaser/src/turtle_catch_em_all) by extensions ['colcon_meta']
[0.326s] Level 1:colcon.colcon_core.package_identification:_identify(/home/ash/turtle_bot_chaser/src/turtle_catch_em_all) by extension 'colcon_meta'
[0.326s] Level 1:colcon.colcon_core.package_identification:_identify(/home/ash/turtle_bot_chaser/src/turtle_catch_em_all) by extensions ['ros']
[0.326s] Level 1:colcon.colcon_core.package_identification:_identify(/home/ash/turtle_bot_chaser/src/turtle_catch_em_all) by extension 'ros'
[0.327s] DEBUG:colcon.colcon_core.package_identification:Package '/home/ash/turtle_bot_chaser/src/turtle_catch_em_all' with type 'ros.ament_python' and name 'turtle_catch_em_all'
[0.327s] Level 1:colcon.colcon_core.package_discovery:discover_packages(recursive) using defaults
