[0.017s] Invoking command in '/home/ash/turtle_bot_chaser/build/turtle_interfaces': CMAKE_PREFIX_PATH=${CMAKE_PREFIX_PATH}:/home/ash/turtle_bot_chaser/install/turtle_catch_em_all:/home/ash/ros2_ws/install/project:/home/ash/ros2_ws/install/my_py_pkg:/home/ash/ros2_ws/install/activity4:/home/ash/ros2_ws/install/activity2:/opt/ros/jazzy DEBUGINFOD_URLS=https://debuginfod.ubuntu.com /usr/bin/cmake --build /home/ash/turtle_bot_chaser/build/turtle_interfaces -- -j7 -l7
[0.107s] [  1%] Built target turtle_interfaces__rosidl_generator_type_description
[0.126s] [  1%] Built target ament_cmake_python_copy_turtle_interfaces
[0.145s] [  3%] Built target turtle_interfaces__cpp
[0.149s] [ 25%] Built target turtle_interfaces__rosidl_generator_c
[0.185s] [ 60%] Built target turtle_interfaces__rosidl_typesupport_fastrtps_c
[0.185s] [ 51%] Built target turtle_interfaces__rosidl_typesupport_cpp
[0.185s] [ 51%] Built target turtle_interfaces__rosidl_typesupport_c
[0.185s] [ 62%] Built target turtle_interfaces__rosidl_typesupport_introspection_c
[0.186s] [ 71%] Built target turtle_interfaces__rosidl_typesupport_introspection_cpp
[0.187s] [ 81%] Built target turtle_interfaces__rosidl_typesupport_fastrtps_cpp
[0.216s] [ 81%] Built target turtle_interfaces
[0.248s] [ 82%] Built target turtle_interfaces__py
[0.281s] [ 90%] Built target turtle_interfaces__rosidl_generator_py
[0.311s] [ 98%] Built target turtle_interfaces_s__rosidl_typesupport_c
[0.311s] [100%] Built target turtle_interfaces_s__rosidl_typesupport_fastrtps_c
[0.311s] [100%] Built target turtle_interfaces_s__rosidl_typesupport_introspection_c
[0.349s] running egg_info
[0.368s] writing turtle_interfaces.egg-info/PKG-INFO
[0.369s] writing dependency_links to turtle_interfaces.egg-info/dependency_links.txt
[0.369s] writing top-level names to turtle_interfaces.egg-info/top_level.txt
[0.408s] reading manifest file 'turtle_interfaces.egg-info/SOURCES.txt'
[0.409s] writing manifest file 'turtle_interfaces.egg-info/SOURCES.txt'
[0.445s] [100%] Built target ament_cmake_python_build_turtle_interfaces_egg
[0.472s] Invoked command in '/home/ash/turtle_bot_chaser/build/turtle_interfaces' returned '0': CMAKE_PREFIX_PATH=${CMAKE_PREFIX_PATH}:/home/ash/turtle_bot_chaser/install/turtle_catch_em_all:/home/ash/ros2_ws/install/project:/home/ash/ros2_ws/install/my_py_pkg:/home/ash/ros2_ws/install/activity4:/home/ash/ros2_ws/install/activity2:/opt/ros/jazzy DEBUGINFOD_URLS=https://debuginfod.ubuntu.com /usr/bin/cmake --build /home/ash/turtle_bot_chaser/build/turtle_interfaces -- -j7 -l7
[0.496s] Invoking command in '/home/ash/turtle_bot_chaser/build/turtle_interfaces': CMAKE_PREFIX_PATH=${CMAKE_PREFIX_PATH}:/home/ash/turtle_bot_chaser/install/turtle_catch_em_all:/home/ash/ros2_ws/install/project:/home/ash/ros2_ws/install/my_py_pkg:/home/ash/ros2_ws/install/activity4:/home/ash/ros2_ws/install/activity2:/opt/ros/jazzy DEBUGINFOD_URLS=https://debuginfod.ubuntu.com /usr/bin/cmake --install /home/ash/turtle_bot_chaser/build/turtle_interfaces
[0.510s] -- Install configuration: ""
[0.510s] -- Up-to-date: /home/ash/turtle_bot_chaser/install/turtle_interfaces/share/ament_index/resource_index/rosidl_interfaces/turtle_interfaces
[0.511s] -- Up-to-date: /home/ash/turtle_bot_chaser/install/turtle_interfaces/share/turtle_interfaces/msg/Turtle.json
[0.511s] -- Up-to-date: /home/ash/turtle_bot_chaser/install/turtle_interfaces/share/turtle_interfaces/msg/TurtleArray.json
[0.511s] -- Up-to-date: /home/ash/turtle_bot_chaser/install/turtle_interfaces/share/turtle_interfaces/srv/CatchTurtle.json
[0.511s] -- Up-to-date: /home/ash/turtle_bot_chaser/install/turtle_interfaces/share/turtle_interfaces/srv/CreateChasers.json
[0.511s] -- Up-to-date: /home/ash/turtle_bot_chaser/install/turtle_interfaces/include/turtle_interfaces/turtle_interfaces
[0.511s] -- Up-to-date: /home/ash/turtle_bot_chaser/install/turtle_interfaces/include/turtle_interfaces/turtle_interfaces/msg
[0.511s] -- Up-to-date: /home/ash/turtle_bot_chaser/install/turtle_interfaces/include/turtle_interfaces/turtle_interfaces/msg/turtle.h
[0.511s] -- Up-to-date: /home/ash/turtle_bot_chaser/install/turtle_interfaces/include/turtle_interfaces/turtle_interfaces/msg/rosidl_generator_c__visibility_control.h
[0.512s] -- Up-to-date: /home/ash/turtle_bot_chaser/install/turtle_interfaces/include/turtle_interfaces/turtle_interfaces/msg/turtle_array.h
[0.512s] -- Up-to-date: /home/ash/turtle_bot_chaser/install/turtle_interfaces/include/turtle_interfaces/turtle_interfaces/msg/detail
[0.512s] -- Up-to-date: /home/ash/turtle_bot_chaser/install/turtle_interfaces/include/turtle_interfaces/turtle_interfaces/msg/detail/turtle__functions.c
[0.512s] -- Up-to-date: /home/ash/turtle_bot_chaser/install/turtle_interfaces/include/turtle_interfaces/turtle_interfaces/msg/detail/turtle_array__type_support.c
[0.512s] -- Up-to-date: /home/ash/turtle_bot_chaser/install/turtle_interfaces/include/turtle_interfaces/turtle_interfaces/msg/detail/turtle__type_support.c
[0.512s] -- Up-to-date: /home/ash/turtle_bot_chaser/install/turtle_interfaces/include/turtle_interfaces/turtle_interfaces/msg/detail/turtle_array__functions.c
[0.512s] -- Up-to-date: /home/ash/turtle_bot_chaser/install/turtle_interfaces/include/turtle_interfaces/turtle_interfaces/msg/detail/turtle_array__description.c
[0.512s] -- Up-to-date: /home/ash/turtle_bot_chaser/install/turtle_interfaces/include/turtle_interfaces/turtle_interfaces/msg/detail/turtle__functions.h
[0.513s] -- Up-to-date: /home/ash/turtle_bot_chaser/install/turtle_interfaces/include/turtle_interfaces/turtle_interfaces/msg/detail/turtle_array__struct.h
[0.513s] -- Up-to-date: /home/ash/turtle_bot_chaser/install/turtle_interfaces/include/turtle_interfaces/turtle_interfaces/msg/detail/turtle__type_support.h
[0.513s] -- Up-to-date: /home/ash/turtle_bot_chaser/install/turtle_interfaces/include/turtle_interfaces/turtle_interfaces/msg/detail/turtle_array__type_support.h
[0.513s] -- Up-to-date: /home/ash/turtle_bot_chaser/install/turtle_interfaces/include/turtle_interfaces/turtle_interfaces/msg/detail/turtle__struct.h
[0.514s] -- Up-to-date: /home/ash/turtle_bot_chaser/install/turtle_interfaces/include/turtle_interfaces/turtle_interfaces/msg/detail/turtle_array__functions.h
[0.514s] -- Up-to-date: /home/ash/turtle_bot_chaser/install/turtle_interfaces/include/turtle_interfaces/turtle_interfaces/msg/detail/turtle__description.c
[0.514s] -- Up-to-date: /home/ash/turtle_bot_chaser/install/turtle_interfaces/include/turtle_interfaces/turtle_interfaces/srv
[0.514s] -- Up-to-date: /home/ash/turtle_bot_chaser/install/turtle_interfaces/include/turtle_interfaces/turtle_interfaces/srv/catch_turtle.h
[0.514s] -- Up-to-date: /home/ash/turtle_bot_chaser/install/turtle_interfaces/include/turtle_interfaces/turtle_interfaces/srv/create_chasers.h
[0.514s] -- Up-to-date: /home/ash/turtle_bot_chaser/install/turtle_interfaces/include/turtle_interfaces/turtle_interfaces/srv/detail
[0.514s] -- Up-to-date: /home/ash/turtle_bot_chaser/install/turtle_interfaces/include/turtle_interfaces/turtle_interfaces/srv/detail/create_chasers__type_support.h
[0.514s] -- Up-to-date: /home/ash/turtle_bot_chaser/install/turtle_interfaces/include/turtle_interfaces/turtle_interfaces/srv/detail/create_chasers__functions.c
[0.514s] -- Up-to-date: /home/ash/turtle_bot_chaser/install/turtle_interfaces/include/turtle_interfaces/turtle_interfaces/srv/detail/create_chasers__struct.h
[0.514s] -- Up-to-date: /home/ash/turtle_bot_chaser/install/turtle_interfaces/include/turtle_interfaces/turtle_interfaces/srv/detail/create_chasers__functions.h
[0.514s] -- Up-to-date: /home/ash/turtle_bot_chaser/install/turtle_interfaces/include/turtle_interfaces/turtle_interfaces/srv/detail/create_chasers__description.c
[0.514s] -- Up-to-date: /home/ash/turtle_bot_chaser/install/turtle_interfaces/include/turtle_interfaces/turtle_interfaces/srv/detail/catch_turtle__functions.h
[0.515s] -- Up-to-date: /home/ash/turtle_bot_chaser/install/turtle_interfaces/include/turtle_interfaces/turtle_interfaces/srv/detail/create_chasers__type_support.c
[0.515s] -- Up-to-date: /home/ash/turtle_bot_chaser/install/turtle_interfaces/include/turtle_interfaces/turtle_interfaces/srv/detail/catch_turtle__description.c
[0.515s] -- Up-to-date: /home/ash/turtle_bot_chaser/install/turtle_interfaces/include/turtle_interfaces/turtle_interfaces/srv/detail/catch_turtle__functions.c
[0.515s] -- Up-to-date: /home/ash/turtle_bot_chaser/install/turtle_interfaces/include/turtle_interfaces/turtle_interfaces/srv/detail/catch_turtle__struct.h
[0.515s] -- Up-to-date: /home/ash/turtle_bot_chaser/install/turtle_interfaces/include/turtle_interfaces/turtle_interfaces/srv/detail/catch_turtle__type_support.c
[0.515s] -- Up-to-date: /home/ash/turtle_bot_chaser/install/turtle_interfaces/include/turtle_interfaces/turtle_interfaces/srv/detail/catch_turtle__type_support.h
[0.515s] -- Up-to-date: /home/ash/turtle_bot_chaser/install/turtle_interfaces/share/turtle_interfaces/environment/library_path.sh
[0.515s] -- Up-to-date: /home/ash/turtle_bot_chaser/install/turtle_interfaces/share/turtle_interfaces/environment/library_path.dsv
[0.515s] -- Up-to-date: /home/ash/turtle_bot_chaser/install/turtle_interfaces/lib/libturtle_interfaces__rosidl_generator_c.so
[0.516s] -- Up-to-date: /home/ash/turtle_bot_chaser/install/turtle_interfaces/include/turtle_interfaces/turtle_interfaces
[0.516s] -- Up-to-date: /home/ash/turtle_bot_chaser/install/turtle_interfaces/include/turtle_interfaces/turtle_interfaces/msg
[0.516s] -- Up-to-date: /home/ash/turtle_bot_chaser/install/turtle_interfaces/include/turtle_interfaces/turtle_interfaces/msg/rosidl_typesupport_fastrtps_c__visibility_control.h
[0.516s] -- Up-to-date: /home/ash/turtle_bot_chaser/install/turtle_interfaces/include/turtle_interfaces/turtle_interfaces/msg/detail
[0.516s] -- Up-to-date: /home/ash/turtle_bot_chaser/install/turtle_interfaces/include/turtle_interfaces/turtle_interfaces/msg/detail/turtle_array__rosidl_typesupport_fastrtps_c.h
[0.516s] -- Up-to-date: /home/ash/turtle_bot_chaser/install/turtle_interfaces/include/turtle_interfaces/turtle_interfaces/msg/detail/turtle__rosidl_typesupport_fastrtps_c.h
[0.516s] -- Up-to-date: /home/ash/turtle_bot_chaser/install/turtle_interfaces/include/turtle_interfaces/turtle_interfaces/srv
[0.516s] -- Up-to-date: /home/ash/turtle_bot_chaser/install/turtle_interfaces/include/turtle_interfaces/turtle_interfaces/srv/detail
[0.516s] -- Up-to-date: /home/ash/turtle_bot_chaser/install/turtle_interfaces/include/turtle_interfaces/turtle_interfaces/srv/detail/catch_turtle__rosidl_typesupport_fastrtps_c.h
[0.516s] -- Up-to-date: /home/ash/turtle_bot_chaser/install/turtle_interfaces/include/turtle_interfaces/turtle_interfaces/srv/detail/create_chasers__rosidl_typesupport_fastrtps_c.h
[0.517s] -- Up-to-date: /home/ash/turtle_bot_chaser/install/turtle_interfaces/lib/libturtle_interfaces__rosidl_typesupport_fastrtps_c.so
[0.517s] -- Up-to-date: /home/ash/turtle_bot_chaser/install/turtle_interfaces/include/turtle_interfaces/turtle_interfaces
[0.517s] -- Up-to-date: /home/ash/turtle_bot_chaser/install/turtle_interfaces/include/turtle_interfaces/turtle_interfaces/msg
[0.517s] -- Up-to-date: /home/ash/turtle_bot_chaser/install/turtle_interfaces/include/turtle_interfaces/turtle_interfaces/msg/rosidl_typesupport_introspection_c__visibility_control.h
[0.517s] -- Up-to-date: /home/ash/turtle_bot_chaser/install/turtle_interfaces/include/turtle_interfaces/turtle_interfaces/msg/detail
[0.518s] -- Up-to-date: /home/ash/turtle_bot_chaser/install/turtle_interfaces/include/turtle_interfaces/turtle_interfaces/msg/detail/turtle_array__type_support.c
[0.518s] -- Up-to-date: /home/ash/turtle_bot_chaser/install/turtle_interfaces/include/turtle_interfaces/turtle_interfaces/msg/detail/turtle__rosidl_typesupport_introspection_c.h
[0.518s] -- Up-to-date: /home/ash/turtle_bot_chaser/install/turtle_interfaces/include/turtle_interfaces/turtle_interfaces/msg/detail/turtle__type_support.c
[0.518s] -- Up-to-date: /home/ash/turtle_bot_chaser/install/turtle_interfaces/include/turtle_interfaces/turtle_interfaces/msg/detail/turtle_array__rosidl_typesupport_introspection_c.h
[0.518s] -- Up-to-date: /home/ash/turtle_bot_chaser/install/turtle_interfaces/include/turtle_interfaces/turtle_interfaces/srv
[0.518s] -- Up-to-date: /home/ash/turtle_bot_chaser/install/turtle_interfaces/include/turtle_interfaces/turtle_interfaces/srv/detail
[0.518s] -- Up-to-date: /home/ash/turtle_bot_chaser/install/turtle_interfaces/include/turtle_interfaces/turtle_interfaces/srv/detail/create_chasers__rosidl_typesupport_introspection_c.h
[0.518s] -- Up-to-date: /home/ash/turtle_bot_chaser/install/turtle_interfaces/include/turtle_interfaces/turtle_interfaces/srv/detail/create_chasers__type_support.c
[0.518s] -- Up-to-date: /home/ash/turtle_bot_chaser/install/turtle_interfaces/include/turtle_interfaces/turtle_interfaces/srv/detail/catch_turtle__type_support.c
[0.518s] -- Up-to-date: /home/ash/turtle_bot_chaser/install/turtle_interfaces/include/turtle_interfaces/turtle_interfaces/srv/detail/catch_turtle__rosidl_typesupport_introspection_c.h
[0.518s] -- Up-to-date: /home/ash/turtle_bot_chaser/install/turtle_interfaces/lib/libturtle_interfaces__rosidl_typesupport_introspection_c.so
[0.518s] -- Up-to-date: /home/ash/turtle_bot_chaser/install/turtle_interfaces/lib/libturtle_interfaces__rosidl_typesupport_c.so
[0.518s] -- Up-to-date: /home/ash/turtle_bot_chaser/install/turtle_interfaces/include/turtle_interfaces/turtle_interfaces
[0.518s] -- Up-to-date: /home/ash/turtle_bot_chaser/install/turtle_interfaces/include/turtle_interfaces/turtle_interfaces/msg
[0.518s] -- Up-to-date: /home/ash/turtle_bot_chaser/install/turtle_interfaces/include/turtle_interfaces/turtle_interfaces/msg/turtle.hpp
[0.518s] -- Up-to-date: /home/ash/turtle_bot_chaser/install/turtle_interfaces/include/turtle_interfaces/turtle_interfaces/msg/turtle_array.hpp
[0.519s] -- Up-to-date: /home/ash/turtle_bot_chaser/install/turtle_interfaces/include/turtle_interfaces/turtle_interfaces/msg/detail
[0.519s] -- Up-to-date: /home/ash/turtle_bot_chaser/install/turtle_interfaces/include/turtle_interfaces/turtle_interfaces/msg/detail/turtle__builder.hpp
[0.519s] -- Up-to-date: /home/ash/turtle_bot_chaser/install/turtle_interfaces/include/turtle_interfaces/turtle_interfaces/msg/detail/turtle_array__struct.hpp
[0.519s] -- Up-to-date: /home/ash/turtle_bot_chaser/install/turtle_interfaces/include/turtle_interfaces/turtle_interfaces/msg/detail/turtle__struct.hpp
[0.519s] -- Up-to-date: /home/ash/turtle_bot_chaser/install/turtle_interfaces/include/turtle_interfaces/turtle_interfaces/msg/detail/turtle_array__type_support.hpp
[0.519s] -- Up-to-date: /home/ash/turtle_bot_chaser/install/turtle_interfaces/include/turtle_interfaces/turtle_interfaces/msg/detail/turtle_array__builder.hpp
[0.519s] -- Up-to-date: /home/ash/turtle_bot_chaser/install/turtle_interfaces/include/turtle_interfaces/turtle_interfaces/msg/detail/turtle__traits.hpp
[0.520s] -- Up-to-date: /home/ash/turtle_bot_chaser/install/turtle_interfaces/include/turtle_interfaces/turtle_interfaces/msg/detail/turtle_array__traits.hpp
[0.520s] -- Up-to-date: /home/ash/turtle_bot_chaser/install/turtle_interfaces/include/turtle_interfaces/turtle_interfaces/msg/detail/turtle__type_support.hpp
[0.520s] -- Up-to-date: /home/ash/turtle_bot_chaser/install/turtle_interfaces/include/turtle_interfaces/turtle_interfaces/msg/rosidl_generator_cpp__visibility_control.hpp
[0.520s] -- Up-to-date: /home/ash/turtle_bot_chaser/install/turtle_interfaces/include/turtle_interfaces/turtle_interfaces/srv
[0.520s] -- Up-to-date: /home/ash/turtle_bot_chaser/install/turtle_interfaces/include/turtle_interfaces/turtle_interfaces/srv/create_chasers.hpp
[0.520s] -- Up-to-date: /home/ash/turtle_bot_chaser/install/turtle_interfaces/include/turtle_interfaces/turtle_interfaces/srv/detail
[0.520s] -- Up-to-date: /home/ash/turtle_bot_chaser/install/turtle_interfaces/include/turtle_interfaces/turtle_interfaces/srv/detail/create_chasers__traits.hpp
[0.520s] -- Up-to-date: /home/ash/turtle_bot_chaser/install/turtle_interfaces/include/turtle_interfaces/turtle_interfaces/srv/detail/create_chasers__struct.hpp
[0.520s] -- Up-to-date: /home/ash/turtle_bot_chaser/install/turtle_interfaces/include/turtle_interfaces/turtle_interfaces/srv/detail/catch_turtle__type_support.hpp
[0.521s] -- Up-to-date: /home/ash/turtle_bot_chaser/install/turtle_interfaces/include/turtle_interfaces/turtle_interfaces/srv/detail/create_chasers__builder.hpp
[0.521s] -- Up-to-date: /home/ash/turtle_bot_chaser/install/turtle_interfaces/include/turtle_interfaces/turtle_interfaces/srv/detail/catch_turtle__builder.hpp
[0.521s] -- Up-to-date: /home/ash/turtle_bot_chaser/install/turtle_interfaces/include/turtle_interfaces/turtle_interfaces/srv/detail/create_chasers__type_support.hpp
[0.521s] -- Up-to-date: /home/ash/turtle_bot_chaser/install/turtle_interfaces/include/turtle_interfaces/turtle_interfaces/srv/detail/catch_turtle__traits.hpp
[0.521s] -- Up-to-date: /home/ash/turtle_bot_chaser/install/turtle_interfaces/include/turtle_interfaces/turtle_interfaces/srv/detail/catch_turtle__struct.hpp
[0.521s] -- Up-to-date: /home/ash/turtle_bot_chaser/install/turtle_interfaces/include/turtle_interfaces/turtle_interfaces/srv/catch_turtle.hpp
[0.521s] -- Up-to-date: /home/ash/turtle_bot_chaser/install/turtle_interfaces/include/turtle_interfaces/turtle_interfaces
[0.521s] -- Up-to-date: /home/ash/turtle_bot_chaser/install/turtle_interfaces/include/turtle_interfaces/turtle_interfaces/msg
[0.521s] -- Up-to-date: /home/ash/turtle_bot_chaser/install/turtle_interfaces/include/turtle_interfaces/turtle_interfaces/msg/rosidl_typesupport_fastrtps_cpp__visibility_control.h
[0.521s] -- Up-to-date: /home/ash/turtle_bot_chaser/install/turtle_interfaces/include/turtle_interfaces/turtle_interfaces/msg/detail
[0.521s] -- Up-to-date: /home/ash/turtle_bot_chaser/install/turtle_interfaces/include/turtle_interfaces/turtle_interfaces/msg/detail/dds_fastrtps
[0.521s] -- Up-to-date: /home/ash/turtle_bot_chaser/install/turtle_interfaces/include/turtle_interfaces/turtle_interfaces/msg/detail/turtle__rosidl_typesupport_fastrtps_cpp.hpp
[0.521s] -- Up-to-date: /home/ash/turtle_bot_chaser/install/turtle_interfaces/include/turtle_interfaces/turtle_interfaces/msg/detail/turtle_array__rosidl_typesupport_fastrtps_cpp.hpp
[0.522s] -- Up-to-date: /home/ash/turtle_bot_chaser/install/turtle_interfaces/include/turtle_interfaces/turtle_interfaces/srv
[0.522s] -- Up-to-date: /home/ash/turtle_bot_chaser/install/turtle_interfaces/include/turtle_interfaces/turtle_interfaces/srv/detail
[0.522s] -- Up-to-date: /home/ash/turtle_bot_chaser/install/turtle_interfaces/include/turtle_interfaces/turtle_interfaces/srv/detail/dds_fastrtps
[0.522s] -- Up-to-date: /home/ash/turtle_bot_chaser/install/turtle_interfaces/include/turtle_interfaces/turtle_interfaces/srv/detail/catch_turtle__rosidl_typesupport_fastrtps_cpp.hpp
[0.522s] -- Up-to-date: /home/ash/turtle_bot_chaser/install/turtle_interfaces/include/turtle_interfaces/turtle_interfaces/srv/detail/create_chasers__rosidl_typesupport_fastrtps_cpp.hpp
[0.522s] -- Up-to-date: /home/ash/turtle_bot_chaser/install/turtle_interfaces/lib/libturtle_interfaces__rosidl_typesupport_fastrtps_cpp.so
[0.522s] -- Up-to-date: /home/ash/turtle_bot_chaser/install/turtle_interfaces/include/turtle_interfaces/turtle_interfaces
[0.523s] -- Up-to-date: /home/ash/turtle_bot_chaser/install/turtle_interfaces/include/turtle_interfaces/turtle_interfaces/msg
[0.523s] -- Up-to-date: /home/ash/turtle_bot_chaser/install/turtle_interfaces/include/turtle_interfaces/turtle_interfaces/msg/detail
[0.523s] -- Up-to-date: /home/ash/turtle_bot_chaser/install/turtle_interfaces/include/turtle_interfaces/turtle_interfaces/msg/detail/turtle_array__type_support.cpp
[0.523s] -- Up-to-date: /home/ash/turtle_bot_chaser/install/turtle_interfaces/include/turtle_interfaces/turtle_interfaces/msg/detail/turtle__type_support.cpp
[0.523s] -- Up-to-date: /home/ash/turtle_bot_chaser/install/turtle_interfaces/include/turtle_interfaces/turtle_interfaces/msg/detail/turtle__rosidl_typesupport_introspection_cpp.hpp
[0.523s] -- Up-to-date: /home/ash/turtle_bot_chaser/install/turtle_interfaces/include/turtle_interfaces/turtle_interfaces/msg/detail/turtle_array__rosidl_typesupport_introspection_cpp.hpp
[0.523s] -- Up-to-date: /home/ash/turtle_bot_chaser/install/turtle_interfaces/include/turtle_interfaces/turtle_interfaces/srv
[0.524s] -- Up-to-date: /home/ash/turtle_bot_chaser/install/turtle_interfaces/include/turtle_interfaces/turtle_interfaces/srv/detail
[0.524s] -- Up-to-date: /home/ash/turtle_bot_chaser/install/turtle_interfaces/include/turtle_interfaces/turtle_interfaces/srv/detail/create_chasers__rosidl_typesupport_introspection_cpp.hpp
[0.524s] -- Up-to-date: /home/ash/turtle_bot_chaser/install/turtle_interfaces/include/turtle_interfaces/turtle_interfaces/srv/detail/catch_turtle__rosidl_typesupport_introspection_cpp.hpp
[0.524s] -- Up-to-date: /home/ash/turtle_bot_chaser/install/turtle_interfaces/include/turtle_interfaces/turtle_interfaces/srv/detail/create_chasers__type_support.cpp
[0.524s] -- Up-to-date: /home/ash/turtle_bot_chaser/install/turtle_interfaces/include/turtle_interfaces/turtle_interfaces/srv/detail/catch_turtle__type_support.cpp
[0.524s] -- Up-to-date: /home/ash/turtle_bot_chaser/install/turtle_interfaces/lib/libturtle_interfaces__rosidl_typesupport_introspection_cpp.so
[0.525s] -- Up-to-date: /home/ash/turtle_bot_chaser/install/turtle_interfaces/lib/libturtle_interfaces__rosidl_typesupport_cpp.so
[0.525s] -- Up-to-date: /home/ash/turtle_bot_chaser/install/turtle_interfaces/share/turtle_interfaces/environment/pythonpath.sh
[0.525s] -- Up-to-date: /home/ash/turtle_bot_chaser/install/turtle_interfaces/share/turtle_interfaces/environment/pythonpath.dsv
[0.525s] -- Up-to-date: /home/ash/turtle_bot_chaser/install/turtle_interfaces/lib/python3.12/site-packages/turtle_interfaces-0.0.0-py3.12.egg-info
[0.525s] -- Installing: /home/ash/turtle_bot_chaser/install/turtle_interfaces/lib/python3.12/site-packages/turtle_interfaces-0.0.0-py3.12.egg-info/top_level.txt
[0.526s] -- Installing: /home/ash/turtle_bot_chaser/install/turtle_interfaces/lib/python3.12/site-packages/turtle_interfaces-0.0.0-py3.12.egg-info/SOURCES.txt
[0.526s] -- Installing: /home/ash/turtle_bot_chaser/install/turtle_interfaces/lib/python3.12/site-packages/turtle_interfaces-0.0.0-py3.12.egg-info/dependency_links.txt
[0.526s] -- Installing: /home/ash/turtle_bot_chaser/install/turtle_interfaces/lib/python3.12/site-packages/turtle_interfaces-0.0.0-py3.12.egg-info/PKG-INFO
[0.527s] -- Up-to-date: /home/ash/turtle_bot_chaser/install/turtle_interfaces/lib/python3.12/site-packages/turtle_interfaces
[0.527s] -- Up-to-date: /home/ash/turtle_bot_chaser/install/turtle_interfaces/lib/python3.12/site-packages/turtle_interfaces/msg
[0.527s] -- Up-to-date: /home/ash/turtle_bot_chaser/install/turtle_interfaces/lib/python3.12/site-packages/turtle_interfaces/msg/_turtle_s.c
[0.527s] -- Up-to-date: /home/ash/turtle_bot_chaser/install/turtle_interfaces/lib/python3.12/site-packages/turtle_interfaces/msg/_turtle_array_s.c
[0.527s] -- Up-to-date: /home/ash/turtle_bot_chaser/install/turtle_interfaces/lib/python3.12/site-packages/turtle_interfaces/msg/_turtle_array.py
[0.527s] -- Up-to-date: /home/ash/turtle_bot_chaser/install/turtle_interfaces/lib/python3.12/site-packages/turtle_interfaces/msg/_turtle.py
[0.527s] -- Up-to-date: /home/ash/turtle_bot_chaser/install/turtle_interfaces/lib/python3.12/site-packages/turtle_interfaces/msg/__init__.py
[0.527s] -- Up-to-date: /home/ash/turtle_bot_chaser/install/turtle_interfaces/lib/python3.12/site-packages/turtle_interfaces/turtle_interfaces_s__rosidl_typesupport_fastrtps_c.so
[0.527s] -- Up-to-date: /home/ash/turtle_bot_chaser/install/turtle_interfaces/lib/python3.12/site-packages/turtle_interfaces/srv
[0.527s] -- Up-to-date: /home/ash/turtle_bot_chaser/install/turtle_interfaces/lib/python3.12/site-packages/turtle_interfaces/srv/_create_chasers_s.c
[0.527s] -- Up-to-date: /home/ash/turtle_bot_chaser/install/turtle_interfaces/lib/python3.12/site-packages/turtle_interfaces/srv/_catch_turtle.py
[0.527s] -- Up-to-date: /home/ash/turtle_bot_chaser/install/turtle_interfaces/lib/python3.12/site-packages/turtle_interfaces/srv/__init__.py
[0.527s] -- Up-to-date: /home/ash/turtle_bot_chaser/install/turtle_interfaces/lib/python3.12/site-packages/turtle_interfaces/srv/_create_chasers.py
[0.527s] -- Up-to-date: /home/ash/turtle_bot_chaser/install/turtle_interfaces/lib/python3.12/site-packages/turtle_interfaces/srv/_catch_turtle_s.c
[0.528s] -- Up-to-date: /home/ash/turtle_bot_chaser/install/turtle_interfaces/lib/python3.12/site-packages/turtle_interfaces/__init__.py
[0.528s] -- Up-to-date: /home/ash/turtle_bot_chaser/install/turtle_interfaces/lib/python3.12/site-packages/turtle_interfaces/turtle_interfaces_s__rosidl_typesupport_c.so
[0.528s] -- Up-to-date: /home/ash/turtle_bot_chaser/install/turtle_interfaces/lib/python3.12/site-packages/turtle_interfaces/_turtle_interfaces_s.ep.rosidl_typesupport_introspection_c.c
[0.528s] -- Up-to-date: /home/ash/turtle_bot_chaser/install/turtle_interfaces/lib/python3.12/site-packages/turtle_interfaces/_turtle_interfaces_s.ep.rosidl_typesupport_c.c
[0.528s] -- Up-to-date: /home/ash/turtle_bot_chaser/install/turtle_interfaces/lib/python3.12/site-packages/turtle_interfaces/turtle_interfaces_s__rosidl_typesupport_introspection_c.so
[0.528s] -- Up-to-date: /home/ash/turtle_bot_chaser/install/turtle_interfaces/lib/python3.12/site-packages/turtle_interfaces/_turtle_interfaces_s.ep.rosidl_typesupport_fastrtps_c.c
[0.575s] Listing '/home/ash/turtle_bot_chaser/install/turtle_interfaces/lib/python3.12/site-packages/turtle_interfaces'...
[0.575s] Listing '/home/ash/turtle_bot_chaser/install/turtle_interfaces/lib/python3.12/site-packages/turtle_interfaces/msg'...
[0.575s] Listing '/home/ash/turtle_bot_chaser/install/turtle_interfaces/lib/python3.12/site-packages/turtle_interfaces/srv'...
[0.581s] -- Up-to-date: /home/ash/turtle_bot_chaser/install/turtle_interfaces/lib/python3.12/site-packages/turtle_interfaces/turtle_interfaces_s__rosidl_typesupport_fastrtps_c.so
[0.581s] -- Up-to-date: /home/ash/turtle_bot_chaser/install/turtle_interfaces/lib/python3.12/site-packages/turtle_interfaces/turtle_interfaces_s__rosidl_typesupport_introspection_c.so
[0.582s] -- Up-to-date: /home/ash/turtle_bot_chaser/install/turtle_interfaces/lib/python3.12/site-packages/turtle_interfaces/turtle_interfaces_s__rosidl_typesupport_c.so
[0.582s] -- Up-to-date: /home/ash/turtle_bot_chaser/install/turtle_interfaces/lib/libturtle_interfaces__rosidl_generator_py.so
[0.582s] -- Up-to-date: /home/ash/turtle_bot_chaser/install/turtle_interfaces/share/turtle_interfaces/msg/Turtle.idl
[0.582s] -- Up-to-date: /home/ash/turtle_bot_chaser/install/turtle_interfaces/share/turtle_interfaces/msg/TurtleArray.idl
[0.582s] -- Up-to-date: /home/ash/turtle_bot_chaser/install/turtle_interfaces/share/turtle_interfaces/srv/CatchTurtle.idl
[0.583s] -- Up-to-date: /home/ash/turtle_bot_chaser/install/turtle_interfaces/share/turtle_interfaces/srv/CreateChasers.idl
[0.583s] -- Up-to-date: /home/ash/turtle_bot_chaser/install/turtle_interfaces/share/turtle_interfaces/msg/Turtle.msg
[0.583s] -- Up-to-date: /home/ash/turtle_bot_chaser/install/turtle_interfaces/share/turtle_interfaces/msg/TurtleArray.msg
[0.583s] -- Up-to-date: /home/ash/turtle_bot_chaser/install/turtle_interfaces/share/turtle_interfaces/srv/CatchTurtle.srv
[0.583s] -- Up-to-date: /home/ash/turtle_bot_chaser/install/turtle_interfaces/share/turtle_interfaces/srv/CreateChasers.srv
[0.583s] -- Up-to-date: /home/ash/turtle_bot_chaser/install/turtle_interfaces/share/ament_index/resource_index/package_run_dependencies/turtle_interfaces
[0.583s] -- Up-to-date: /home/ash/turtle_bot_chaser/install/turtle_interfaces/share/ament_index/resource_index/parent_prefix_path/turtle_interfaces
[0.583s] -- Up-to-date: /home/ash/turtle_bot_chaser/install/turtle_interfaces/share/turtle_interfaces/environment/ament_prefix_path.sh
[0.583s] -- Up-to-date: /home/ash/turtle_bot_chaser/install/turtle_interfaces/share/turtle_interfaces/environment/ament_prefix_path.dsv
[0.583s] -- Up-to-date: /home/ash/turtle_bot_chaser/install/turtle_interfaces/share/turtle_interfaces/environment/path.sh
[0.584s] -- Up-to-date: /home/ash/turtle_bot_chaser/install/turtle_interfaces/share/turtle_interfaces/environment/path.dsv
[0.584s] -- Up-to-date: /home/ash/turtle_bot_chaser/install/turtle_interfaces/share/turtle_interfaces/local_setup.bash
[0.584s] -- Up-to-date: /home/ash/turtle_bot_chaser/install/turtle_interfaces/share/turtle_interfaces/local_setup.sh
[0.584s] -- Up-to-date: /home/ash/turtle_bot_chaser/install/turtle_interfaces/share/turtle_interfaces/local_setup.zsh
[0.584s] -- Up-to-date: /home/ash/turtle_bot_chaser/install/turtle_interfaces/share/turtle_interfaces/local_setup.dsv
[0.584s] -- Installing: /home/ash/turtle_bot_chaser/install/turtle_interfaces/share/turtle_interfaces/package.dsv
[0.584s] -- Up-to-date: /home/ash/turtle_bot_chaser/install/turtle_interfaces/share/ament_index/resource_index/packages/turtle_interfaces
[0.585s] -- Up-to-date: /home/ash/turtle_bot_chaser/install/turtle_interfaces/share/turtle_interfaces/cmake/export_turtle_interfaces__rosidl_generator_cExport.cmake
[0.585s] -- Up-to-date: /home/ash/turtle_bot_chaser/install/turtle_interfaces/share/turtle_interfaces/cmake/export_turtle_interfaces__rosidl_generator_cExport-noconfig.cmake
[0.585s] -- Up-to-date: /home/ash/turtle_bot_chaser/install/turtle_interfaces/share/turtle_interfaces/cmake/export_turtle_interfaces__rosidl_typesupport_fastrtps_cExport.cmake
[0.585s] -- Up-to-date: /home/ash/turtle_bot_chaser/install/turtle_interfaces/share/turtle_interfaces/cmake/export_turtle_interfaces__rosidl_typesupport_fastrtps_cExport-noconfig.cmake
[0.586s] -- Up-to-date: /home/ash/turtle_bot_chaser/install/turtle_interfaces/share/turtle_interfaces/cmake/turtle_interfaces__rosidl_typesupport_introspection_cExport.cmake
[0.586s] -- Up-to-date: /home/ash/turtle_bot_chaser/install/turtle_interfaces/share/turtle_interfaces/cmake/turtle_interfaces__rosidl_typesupport_introspection_cExport-noconfig.cmake
[0.586s] -- Up-to-date: /home/ash/turtle_bot_chaser/install/turtle_interfaces/share/turtle_interfaces/cmake/turtle_interfaces__rosidl_typesupport_cExport.cmake
[0.586s] -- Up-to-date: /home/ash/turtle_bot_chaser/install/turtle_interfaces/share/turtle_interfaces/cmake/turtle_interfaces__rosidl_typesupport_cExport-noconfig.cmake
[0.586s] -- Up-to-date: /home/ash/turtle_bot_chaser/install/turtle_interfaces/share/turtle_interfaces/cmake/export_turtle_interfaces__rosidl_generator_cppExport.cmake
[0.587s] -- Up-to-date: /home/ash/turtle_bot_chaser/install/turtle_interfaces/share/turtle_interfaces/cmake/export_turtle_interfaces__rosidl_typesupport_fastrtps_cppExport.cmake
[0.587s] -- Up-to-date: /home/ash/turtle_bot_chaser/install/turtle_interfaces/share/turtle_interfaces/cmake/export_turtle_interfaces__rosidl_typesupport_fastrtps_cppExport-noconfig.cmake
[0.587s] -- Up-to-date: /home/ash/turtle_bot_chaser/install/turtle_interfaces/share/turtle_interfaces/cmake/turtle_interfaces__rosidl_typesupport_introspection_cppExport.cmake
[0.587s] -- Up-to-date: /home/ash/turtle_bot_chaser/install/turtle_interfaces/share/turtle_interfaces/cmake/turtle_interfaces__rosidl_typesupport_introspection_cppExport-noconfig.cmake
[0.587s] -- Up-to-date: /home/ash/turtle_bot_chaser/install/turtle_interfaces/share/turtle_interfaces/cmake/turtle_interfaces__rosidl_typesupport_cppExport.cmake
[0.587s] -- Up-to-date: /home/ash/turtle_bot_chaser/install/turtle_interfaces/share/turtle_interfaces/cmake/turtle_interfaces__rosidl_typesupport_cppExport-noconfig.cmake
[0.587s] -- Up-to-date: /home/ash/turtle_bot_chaser/install/turtle_interfaces/share/turtle_interfaces/cmake/export_turtle_interfaces__rosidl_generator_pyExport.cmake
[0.588s] -- Up-to-date: /home/ash/turtle_bot_chaser/install/turtle_interfaces/share/turtle_interfaces/cmake/export_turtle_interfaces__rosidl_generator_pyExport-noconfig.cmake
[0.588s] -- Up-to-date: /home/ash/turtle_bot_chaser/install/turtle_interfaces/share/turtle_interfaces/cmake/rosidl_cmake-extras.cmake
[0.588s] -- Up-to-date: /home/ash/turtle_bot_chaser/install/turtle_interfaces/share/turtle_interfaces/cmake/ament_cmake_export_dependencies-extras.cmake
[0.588s] -- Up-to-date: /home/ash/turtle_bot_chaser/install/turtle_interfaces/share/turtle_interfaces/cmake/ament_cmake_export_include_directories-extras.cmake
[0.588s] -- Up-to-date: /home/ash/turtle_bot_chaser/install/turtle_interfaces/share/turtle_interfaces/cmake/ament_cmake_export_libraries-extras.cmake
[0.588s] -- Up-to-date: /home/ash/turtle_bot_chaser/install/turtle_interfaces/share/turtle_interfaces/cmake/ament_cmake_export_targets-extras.cmake
[0.589s] -- Up-to-date: /home/ash/turtle_bot_chaser/install/turtle_interfaces/share/turtle_interfaces/cmake/rosidl_cmake_export_typesupport_targets-extras.cmake
[0.589s] -- Up-to-date: /home/ash/turtle_bot_chaser/install/turtle_interfaces/share/turtle_interfaces/cmake/rosidl_cmake_export_typesupport_libraries-extras.cmake
[0.589s] -- Up-to-date: /home/ash/turtle_bot_chaser/install/turtle_interfaces/share/turtle_interfaces/cmake/turtle_interfacesConfig.cmake
[0.590s] -- Up-to-date: /home/ash/turtle_bot_chaser/install/turtle_interfaces/share/turtle_interfaces/cmake/turtle_interfacesConfig-version.cmake
[0.590s] -- Up-to-date: /home/ash/turtle_bot_chaser/install/turtle_interfaces/share/turtle_interfaces/package.xml
[0.594s] Invoked command in '/home/ash/turtle_bot_chaser/build/turtle_interfaces' returned '0': CMAKE_PREFIX_PATH=${CMAKE_PREFIX_PATH}:/home/ash/turtle_bot_chaser/install/turtle_catch_em_all:/home/ash/ros2_ws/install/project:/home/ash/ros2_ws/install/my_py_pkg:/home/ash/ros2_ws/install/activity4:/home/ash/ros2_ws/install/activity2:/opt/ros/jazzy DEBUGINFOD_URLS=https://debuginfod.ubuntu.com /usr/bin/cmake --install /home/ash/turtle_bot_chaser/build/turtle_interfaces
