running egg_info
creating ../../build/turtle_catch_em_all/turtle_catch_em_all.egg-info
writing ../../build/turtle_catch_em_all/turtle_catch_em_all.egg-info/PKG-INFO
writing dependency_links to ../../build/turtle_catch_em_all/turtle_catch_em_all.egg-info/dependency_links.txt
writing entry points to ../../build/turtle_catch_em_all/turtle_catch_em_all.egg-info/entry_points.txt
writing requirements to ../../build/turtle_catch_em_all/turtle_catch_em_all.egg-info/requires.txt
writing top-level names to ../../build/turtle_catch_em_all/turtle_catch_em_all.egg-info/top_level.txt
writing manifest file '../../build/turtle_catch_em_all/turtle_catch_em_all.egg-info/SOURCES.txt'
reading manifest file '../../build/turtle_catch_em_all/turtle_catch_em_all.egg-info/SOURCES.txt'
writing manifest file '../../build/turtle_catch_em_all/turtle_catch_em_all.egg-info/SOURCES.txt'
running build
running build_py
creating /home/ash/turtle_bot_chaser/build/turtle_catch_em_all/build
creating /home/ash/turtle_bot_chaser/build/turtle_catch_em_all/build/lib
creating /home/ash/turtle_bot_chaser/build/turtle_catch_em_all/build/lib/turtle_catch_em_all
copying turtle_catch_em_all/turtle_controller.py -> /home/ash/turtle_bot_chaser/build/turtle_catch_em_all/build/lib/turtle_catch_em_all
copying turtle_catch_em_all/turtle_spawner.py -> /home/ash/turtle_bot_chaser/build/turtle_catch_em_all/build/lib/turtle_catch_em_all
copying turtle_catch_em_all/__init__.py -> /home/ash/turtle_bot_chaser/build/turtle_catch_em_all/build/lib/turtle_catch_em_all
copying turtle_catch_em_all/turtle_monitor.py -> /home/ash/turtle_bot_chaser/build/turtle_catch_em_all/build/lib/turtle_catch_em_all
running install
running install_lib
creating /home/ash/turtle_bot_chaser/install/turtle_catch_em_all/lib/python3.12/site-packages/turtle_catch_em_all
copying /home/ash/turtle_bot_chaser/build/turtle_catch_em_all/build/lib/turtle_catch_em_all/turtle_controller.py -> /home/ash/turtle_bot_chaser/install/turtle_catch_em_all/lib/python3.12/site-packages/turtle_catch_em_all
copying /home/ash/turtle_bot_chaser/build/turtle_catch_em_all/build/lib/turtle_catch_em_all/turtle_spawner.py -> /home/ash/turtle_bot_chaser/install/turtle_catch_em_all/lib/python3.12/site-packages/turtle_catch_em_all
copying /home/ash/turtle_bot_chaser/build/turtle_catch_em_all/build/lib/turtle_catch_em_all/__init__.py -> /home/ash/turtle_bot_chaser/install/turtle_catch_em_all/lib/python3.12/site-packages/turtle_catch_em_all
copying /home/ash/turtle_bot_chaser/build/turtle_catch_em_all/build/lib/turtle_catch_em_all/turtle_monitor.py -> /home/ash/turtle_bot_chaser/install/turtle_catch_em_all/lib/python3.12/site-packages/turtle_catch_em_all
byte-compiling /home/ash/turtle_bot_chaser/install/turtle_catch_em_all/lib/python3.12/site-packages/turtle_catch_em_all/turtle_controller.py to turtle_controller.cpython-312.pyc
byte-compiling /home/ash/turtle_bot_chaser/install/turtle_catch_em_all/lib/python3.12/site-packages/turtle_catch_em_all/turtle_spawner.py to turtle_spawner.cpython-312.pyc
byte-compiling /home/ash/turtle_bot_chaser/install/turtle_catch_em_all/lib/python3.12/site-packages/turtle_catch_em_all/__init__.py to __init__.cpython-312.pyc
byte-compiling /home/ash/turtle_bot_chaser/install/turtle_catch_em_all/lib/python3.12/site-packages/turtle_catch_em_all/turtle_monitor.py to turtle_monitor.cpython-312.pyc
running install_data
creating /home/ash/turtle_bot_chaser/install/turtle_catch_em_all/share/ament_index
creating /home/ash/turtle_bot_chaser/install/turtle_catch_em_all/share/ament_index/resource_index
creating /home/ash/turtle_bot_chaser/install/turtle_catch_em_all/share/ament_index/resource_index/packages
copying resource/turtle_catch_em_all -> /home/ash/turtle_bot_chaser/install/turtle_catch_em_all/share/ament_index/resource_index/packages
copying package.xml -> /home/ash/turtle_bot_chaser/install/turtle_catch_em_all/share/turtle_catch_em_all
running install_egg_info
Copying ../../build/turtle_catch_em_all/turtle_catch_em_all.egg-info to /home/ash/turtle_bot_chaser/install/turtle_catch_em_all/lib/python3.12/site-packages/turtle_catch_em_all-0.0.0-py3.12.egg-info
running install_scripts
Installing turtle_controller script to /home/ash/turtle_bot_chaser/install/turtle_catch_em_all/lib/turtle_catch_em_all
Installing turtle_monitor script to /home/ash/turtle_bot_chaser/install/turtle_catch_em_all/lib/turtle_catch_em_all
Installing turtle_spawner script to /home/ash/turtle_bot_chaser/install/turtle_catch_em_all/lib/turtle_catch_em_all
writing list of installed files to '/home/ash/turtle_bot_chaser/build/turtle_catch_em_all/install.log'
