[0.082s] DEBUG:colcon:Command line arguments: ['/usr/bin/colcon', 'build', '--packages-select', 'turtle_catch_em_all']
[0.082s] DEBUG:colcon:Parsed command line arguments: Namespace(log_base=None, log_level=None, verb_name='build', build_base='build', install_base='install', merge_install=False, symlink_install=False, test_result_base=None, continue_on_error=False, executor='parallel', parallel_workers=7, event_handlers=None, ignore_user_meta=False, metas=['./colcon.meta'], base_paths=['.'], packages_ignore=None, packages_ignore_regex=None, paths=None, packages_up_to=None, packages_up_to_regex=None, packages_above=None, packages_above_and_dependencies=None, packages_above_depth=None, packages_select_by_dep=None, packages_skip_by_dep=None, packages_skip_up_to=None, packages_select_build_failed=False, packages_skip_build_finished=False, packages_select_test_failures=False, packages_skip_test_passed=False, packages_select=['turtle_catch_em_all'], packages_skip=None, packages_select_regex=None, packages_skip_regex=None, packages_start=None, packages_end=None, allow_overriding=[], cmake_args=None, cmake_target=None, cmake_target_skip_unavailable=False, cmake_clean_cache=False, cmake_clean_first=False, cmake_force_configure=False, ament_cmake_args=None, catkin_cmake_args=None, catkin_skip_building_tests=False, mixin_files=None, mixin=None, verb_parser=<colcon_mixin.mixin.mixin_argument.MixinArgumentDecorator object at 0x706b2c480bf0>, verb_extension=<colcon_core.verb.build.BuildVerb object at 0x706b2c5ab350>, main=<bound method BuildVerb.main of <colcon_core.verb.build.BuildVerb object at 0x706b2c5ab350>>, mixin_verb=('build',))
[0.114s] Level 1:colcon.colcon_core.package_discovery:discover_packages(colcon_meta) check parameters
[0.114s] Level 1:colcon.colcon_core.package_discovery:discover_packages(recursive) check parameters
[0.114s] Level 1:colcon.colcon_core.package_discovery:discover_packages(ignore) check parameters
[0.114s] Level 1:colcon.colcon_core.package_discovery:discover_packages(path) check parameters
[0.114s] Level 1:colcon.colcon_core.package_discovery:discover_packages(colcon_meta) discover
[0.114s] Level 1:colcon.colcon_core.package_discovery:discover_packages(recursive) discover
[0.114s] INFO:colcon.colcon_core.package_discovery:Crawling recursively for packages in '/home/ash/turtle_bot_chaser'
[0.114s] Level 1:colcon.colcon_core.package_identification:_identify(.) by extensions ['ignore', 'ignore_ament_install']
[0.114s] Level 1:colcon.colcon_core.package_identification:_identify(.) by extension 'ignore'
[0.115s] Level 1:colcon.colcon_core.package_identification:_identify(.) by extension 'ignore_ament_install'
[0.115s] Level 1:colcon.colcon_core.package_identification:_identify(.) by extensions ['colcon_pkg']
[0.115s] Level 1:colcon.colcon_core.package_identification:_identify(.) by extension 'colcon_pkg'
[0.115s] Level 1:colcon.colcon_core.package_identification:_identify(.) by extensions ['colcon_meta']
[0.115s] Level 1:colcon.colcon_core.package_identification:_identify(.) by extension 'colcon_meta'
[0.115s] Level 1:colcon.colcon_core.package_identification:_identify(.) by extensions ['ros']
[0.115s] Level 1:colcon.colcon_core.package_identification:_identify(.) by extension 'ros'
[0.135s] Level 1:colcon.colcon_core.package_identification:_identify(.) by extensions ['cmake', 'python']
[0.135s] Level 1:colcon.colcon_core.package_identification:_identify(.) by extension 'cmake'
[0.135s] Level 1:colcon.colcon_core.package_identification:_identify(.) by extension 'python'
[0.135s] Level 1:colcon.colcon_core.package_identification:_identify(.) by extensions ['python_setup_py']
[0.135s] Level 1:colcon.colcon_core.package_identification:_identify(.) by extension 'python_setup_py'
[0.135s] Level 1:colcon.colcon_core.package_identification:_identify(build) by extensions ['ignore', 'ignore_ament_install']
[0.135s] Level 1:colcon.colcon_core.package_identification:_identify(build) by extension 'ignore'
[0.135s] Level 1:colcon.colcon_core.package_identification:_identify(build) ignored
[0.136s] Level 1:colcon.colcon_core.package_identification:_identify(install) by extensions ['ignore', 'ignore_ament_install']
[0.136s] Level 1:colcon.colcon_core.package_identification:_identify(install) by extension 'ignore'
[0.136s] Level 1:colcon.colcon_core.package_identification:_identify(install) ignored
[0.136s] Level 1:colcon.colcon_core.package_identification:_identify(log) by extensions ['ignore', 'ignore_ament_install']
[0.136s] Level 1:colcon.colcon_core.package_identification:_identify(log) by extension 'ignore'
[0.136s] Level 1:colcon.colcon_core.package_identification:_identify(log) ignored
[0.136s] Level 1:colcon.colcon_core.package_identification:_identify(src) by extensions ['ignore', 'ignore_ament_install']
[0.136s] Level 1:colcon.colcon_core.package_identification:_identify(src) by extension 'ignore'
[0.136s] Level 1:colcon.colcon_core.package_identification:_identify(src) by extension 'ignore_ament_install'
[0.136s] Level 1:colcon.colcon_core.package_identification:_identify(src) by extensions ['colcon_pkg']
[0.136s] Level 1:colcon.colcon_core.package_identification:_identify(src) by extension 'colcon_pkg'
[0.136s] Level 1:colcon.colcon_core.package_identification:_identify(src) by extensions ['colcon_meta']
[0.136s] Level 1:colcon.colcon_core.package_identification:_identify(src) by extension 'colcon_meta'
[0.136s] Level 1:colcon.colcon_core.package_identification:_identify(src) by extensions ['ros']
[0.136s] Level 1:colcon.colcon_core.package_identification:_identify(src) by extension 'ros'
[0.136s] Level 1:colcon.colcon_core.package_identification:_identify(src) by extensions ['cmake', 'python']
[0.136s] Level 1:colcon.colcon_core.package_identification:_identify(src) by extension 'cmake'
[0.136s] Level 1:colcon.colcon_core.package_identification:_identify(src) by extension 'python'
[0.136s] Level 1:colcon.colcon_core.package_identification:_identify(src) by extensions ['python_setup_py']
[0.136s] Level 1:colcon.colcon_core.package_identification:_identify(src) by extension 'python_setup_py'
[0.136s] Level 1:colcon.colcon_core.package_identification:_identify(src/interfaces) by extensions ['ignore', 'ignore_ament_install']
[0.136s] Level 1:colcon.colcon_core.package_identification:_identify(src/interfaces) by extension 'ignore'
[0.136s] Level 1:colcon.colcon_core.package_identification:_identify(src/interfaces) by extension 'ignore_ament_install'
[0.136s] Level 1:colcon.colcon_core.package_identification:_identify(src/interfaces) by extensions ['colcon_pkg']
[0.136s] Level 1:colcon.colcon_core.package_identification:_identify(src/interfaces) by extension 'colcon_pkg'
[0.136s] Level 1:colcon.colcon_core.package_identification:_identify(src/interfaces) by extensions ['colcon_meta']
[0.136s] Level 1:colcon.colcon_core.package_identification:_identify(src/interfaces) by extension 'colcon_meta'
[0.136s] Level 1:colcon.colcon_core.package_identification:_identify(src/interfaces) by extensions ['ros']
[0.136s] Level 1:colcon.colcon_core.package_identification:_identify(src/interfaces) by extension 'ros'
[0.138s] DEBUG:colcon.colcon_core.package_identification:Package 'src/interfaces' with type 'ros.ament_cmake' and name 'interfaces'
[0.138s] Level 1:colcon.colcon_core.package_identification:_identify(src/turtle_bringup) by extensions ['ignore', 'ignore_ament_install']
[0.138s] Level 1:colcon.colcon_core.package_identification:_identify(src/turtle_bringup) by extension 'ignore'
[0.138s] Level 1:colcon.colcon_core.package_identification:_identify(src/turtle_bringup) by extension 'ignore_ament_install'
[0.138s] Level 1:colcon.colcon_core.package_identification:_identify(src/turtle_bringup) by extensions ['colcon_pkg']
[0.138s] Level 1:colcon.colcon_core.package_identification:_identify(src/turtle_bringup) by extension 'colcon_pkg'
[0.138s] Level 1:colcon.colcon_core.package_identification:_identify(src/turtle_bringup) by extensions ['colcon_meta']
[0.138s] Level 1:colcon.colcon_core.package_identification:_identify(src/turtle_bringup) by extension 'colcon_meta'
[0.138s] Level 1:colcon.colcon_core.package_identification:_identify(src/turtle_bringup) by extensions ['ros']
[0.138s] Level 1:colcon.colcon_core.package_identification:_identify(src/turtle_bringup) by extension 'ros'
[0.139s] DEBUG:colcon.colcon_core.package_identification:Package 'src/turtle_bringup' with type 'ros.ament_cmake' and name 'turtle_bringup'
[0.139s] Level 1:colcon.colcon_core.package_identification:_identify(src/turtle_catch_em_all) by extensions ['ignore', 'ignore_ament_install']
[0.139s] Level 1:colcon.colcon_core.package_identification:_identify(src/turtle_catch_em_all) by extension 'ignore'
[0.139s] Level 1:colcon.colcon_core.package_identification:_identify(src/turtle_catch_em_all) by extension 'ignore_ament_install'
[0.139s] Level 1:colcon.colcon_core.package_identification:_identify(src/turtle_catch_em_all) by extensions ['colcon_pkg']
[0.139s] Level 1:colcon.colcon_core.package_identification:_identify(src/turtle_catch_em_all) by extension 'colcon_pkg'
[0.139s] Level 1:colcon.colcon_core.package_identification:_identify(src/turtle_catch_em_all) by extensions ['colcon_meta']
[0.139s] Level 1:colcon.colcon_core.package_identification:_identify(src/turtle_catch_em_all) by extension 'colcon_meta'
[0.139s] Level 1:colcon.colcon_core.package_identification:_identify(src/turtle_catch_em_all) by extensions ['ros']
[0.139s] Level 1:colcon.colcon_core.package_identification:_identify(src/turtle_catch_em_all) by extension 'ros'
[0.140s] DEBUG:colcon.colcon_core.package_identification:Package 'src/turtle_catch_em_all' with type 'ros.ament_python' and name 'turtle_catch_em_all'
[0.140s] Level 1:colcon.colcon_core.package_discovery:discover_packages(recursive) using defaults
[0.140s] Level 1:colcon.colcon_core.package_discovery:discover_packages(ignore) discover
[0.140s] Level 1:colcon.colcon_core.package_discovery:discover_packages(ignore) using defaults
[0.140s] Level 1:colcon.colcon_core.package_discovery:discover_packages(path) discover
[0.140s] Level 1:colcon.colcon_core.package_discovery:discover_packages(path) using defaults
[0.154s] INFO:colcon.colcon_core.package_selection:Skipping not selected package 'interfaces' in 'src/interfaces'
[0.154s] INFO:colcon.colcon_core.package_selection:Skipping not selected package 'turtle_bringup' in 'src/turtle_bringup'
[0.154s] Level 1:colcon.colcon_core.package_discovery:discover_packages(prefix_path) check parameters
[0.154s] Level 1:colcon.colcon_core.package_discovery:discover_packages(prefix_path) discover
[0.156s] DEBUG:colcon.colcon_installed_package_information.package_discovery:Found 6 installed packages in /home/ash/ros2_ws/install
[0.157s] DEBUG:colcon.colcon_installed_package_information.package_discovery:Found 285 installed packages in /opt/ros/jazzy
[0.158s] Level 1:colcon.colcon_core.package_discovery:discover_packages(prefix_path) using defaults
[0.188s] Level 5:colcon.colcon_core.verb:set package 'turtle_catch_em_all' build argument 'cmake_args' from command line to 'None'
[0.188s] Level 5:colcon.colcon_core.verb:set package 'turtle_catch_em_all' build argument 'cmake_target' from command line to 'None'
[0.188s] Level 5:colcon.colcon_core.verb:set package 'turtle_catch_em_all' build argument 'cmake_target_skip_unavailable' from command line to 'False'
[0.188s] Level 5:colcon.colcon_core.verb:set package 'turtle_catch_em_all' build argument 'cmake_clean_cache' from command line to 'False'
[0.188s] Level 5:colcon.colcon_core.verb:set package 'turtle_catch_em_all' build argument 'cmake_clean_first' from command line to 'False'
[0.188s] Level 5:colcon.colcon_core.verb:set package 'turtle_catch_em_all' build argument 'cmake_force_configure' from command line to 'False'
[0.188s] Level 5:colcon.colcon_core.verb:set package 'turtle_catch_em_all' build argument 'ament_cmake_args' from command line to 'None'
[0.188s] Level 5:colcon.colcon_core.verb:set package 'turtle_catch_em_all' build argument 'catkin_cmake_args' from command line to 'None'
[0.188s] Level 5:colcon.colcon_core.verb:set package 'turtle_catch_em_all' build argument 'catkin_skip_building_tests' from command line to 'False'
[0.188s] DEBUG:colcon.colcon_core.verb:Building package 'turtle_catch_em_all' with the following arguments: {'ament_cmake_args': None, 'build_base': '/home/ash/turtle_bot_chaser/build/turtle_catch_em_all', 'catkin_cmake_args': None, 'catkin_skip_building_tests': False, 'cmake_args': None, 'cmake_clean_cache': False, 'cmake_clean_first': False, 'cmake_force_configure': False, 'cmake_target': None, 'cmake_target_skip_unavailable': False, 'install_base': '/home/ash/turtle_bot_chaser/install/turtle_catch_em_all', 'merge_install': False, 'path': '/home/ash/turtle_bot_chaser/src/turtle_catch_em_all', 'symlink_install': False, 'test_result_base': None}
[0.188s] INFO:colcon.colcon_core.executor:Executing jobs using 'parallel' executor
[0.190s] DEBUG:colcon.colcon_parallel_executor.executor.parallel:run_until_complete
[0.191s] INFO:colcon.colcon_ros.task.ament_python.build:Building ROS package in '/home/ash/turtle_bot_chaser/src/turtle_catch_em_all' with build type 'ament_python'
[0.191s] Level 1:colcon.colcon_core.shell:create_environment_hook('turtle_catch_em_all', 'ament_prefix_path')
[0.195s] INFO:colcon.colcon_core.plugin_system:Skipping extension 'colcon_core.shell.bat': Not used on non-Windows systems
[0.195s] INFO:colcon.colcon_core.shell:Creating environment hook '/home/ash/turtle_bot_chaser/install/turtle_catch_em_all/share/turtle_catch_em_all/hook/ament_prefix_path.ps1'
[0.195s] INFO:colcon.colcon_core.shell:Creating environment descriptor '/home/ash/turtle_bot_chaser/install/turtle_catch_em_all/share/turtle_catch_em_all/hook/ament_prefix_path.dsv'
[0.196s] INFO:colcon.colcon_core.shell:Creating environment hook '/home/ash/turtle_bot_chaser/install/turtle_catch_em_all/share/turtle_catch_em_all/hook/ament_prefix_path.sh'
[0.196s] INFO:colcon.colcon_core.shell:Skip shell extension 'powershell' for command environment: Not usable outside of PowerShell
[0.196s] DEBUG:colcon.colcon_core.shell:Skip shell extension 'dsv' for command environment
[0.412s] INFO:colcon.colcon_core.task.python.build:Building Python package in '/home/ash/turtle_bot_chaser/src/turtle_catch_em_all'
[0.412s] INFO:colcon.colcon_core.shell:Skip shell extension 'powershell' for command environment: Not usable outside of PowerShell
[0.412s] DEBUG:colcon.colcon_core.shell:Skip shell extension 'dsv' for command environment
[1.647s] DEBUG:colcon.colcon_core.event_handler.log_command:Invoking command in '/home/ash/turtle_bot_chaser/src/turtle_catch_em_all': AMENT_PREFIX_PATH=/home/ash/turtle_bot_chaser/install/interfaces:${AMENT_PREFIX_PATH} CMAKE_PREFIX_PATH=/home/ash/turtle_bot_chaser/install/interfaces:${CMAKE_PREFIX_PATH} DEBUGINFOD_URLS=https://debuginfod.ubuntu.com LD_LIBRARY_PATH=/home/ash/turtle_bot_chaser/install/interfaces/lib:${LD_LIBRARY_PATH} PYTHONPATH=/home/ash/turtle_bot_chaser/build/turtle_catch_em_all/prefix_override:/usr/lib/python3/dist-packages/colcon_core/task/python/colcon_distutils_commands:/home/ash/turtle_bot_chaser/install/turtle_catch_em_all/lib/python3.12/site-packages:/home/ash/turtle_bot_chaser/install/interfaces/lib/python3.12/site-packages:${PYTHONPATH} /usr/bin/python3 -W ignore:setup.py install is deprecated -W ignore:easy_install command is deprecated setup.py egg_info --egg-base ../../build/turtle_catch_em_all build --build-base /home/ash/turtle_bot_chaser/build/turtle_catch_em_all/build install --record /home/ash/turtle_bot_chaser/build/turtle_catch_em_all/install.log --single-version-externally-managed install_data
[2.054s] DEBUG:colcon.colcon_core.event_handler.log_command:Invoked command in '/home/ash/turtle_bot_chaser/src/turtle_catch_em_all' returned '0': AMENT_PREFIX_PATH=/home/ash/turtle_bot_chaser/install/interfaces:${AMENT_PREFIX_PATH} CMAKE_PREFIX_PATH=/home/ash/turtle_bot_chaser/install/interfaces:${CMAKE_PREFIX_PATH} DEBUGINFOD_URLS=https://debuginfod.ubuntu.com LD_LIBRARY_PATH=/home/ash/turtle_bot_chaser/install/interfaces/lib:${LD_LIBRARY_PATH} PYTHONPATH=/home/ash/turtle_bot_chaser/build/turtle_catch_em_all/prefix_override:/usr/lib/python3/dist-packages/colcon_core/task/python/colcon_distutils_commands:/home/ash/turtle_bot_chaser/install/turtle_catch_em_all/lib/python3.12/site-packages:/home/ash/turtle_bot_chaser/install/interfaces/lib/python3.12/site-packages:${PYTHONPATH} /usr/bin/python3 -W ignore:setup.py install is deprecated -W ignore:easy_install command is deprecated setup.py egg_info --egg-base ../../build/turtle_catch_em_all build --build-base /home/ash/turtle_bot_chaser/build/turtle_catch_em_all/build install --record /home/ash/turtle_bot_chaser/build/turtle_catch_em_all/install.log --single-version-externally-managed install_data
[2.058s] Level 1:colcon.colcon_core.environment:checking '/home/ash/turtle_bot_chaser/install/turtle_catch_em_all' for CMake module files
[2.059s] Level 1:colcon.colcon_core.environment:checking '/home/ash/turtle_bot_chaser/install/turtle_catch_em_all' for CMake config files
[2.060s] Level 1:colcon.colcon_core.environment:checking '/home/ash/turtle_bot_chaser/install/turtle_catch_em_all/lib'
[2.060s] Level 1:colcon.colcon_core.environment:checking '/home/ash/turtle_bot_chaser/install/turtle_catch_em_all/bin'
[2.060s] Level 1:colcon.colcon_core.environment:checking '/home/ash/turtle_bot_chaser/install/turtle_catch_em_all/lib/pkgconfig/turtle_catch_em_all.pc'
[2.060s] Level 1:colcon.colcon_core.environment:checking '/home/ash/turtle_bot_chaser/install/turtle_catch_em_all/lib/python3.12/site-packages'
[2.060s] Level 1:colcon.colcon_core.shell:create_environment_hook('turtle_catch_em_all', 'pythonpath')
[2.061s] INFO:colcon.colcon_core.shell:Creating environment hook '/home/ash/turtle_bot_chaser/install/turtle_catch_em_all/share/turtle_catch_em_all/hook/pythonpath.ps1'
[2.062s] INFO:colcon.colcon_core.shell:Creating environment descriptor '/home/ash/turtle_bot_chaser/install/turtle_catch_em_all/share/turtle_catch_em_all/hook/pythonpath.dsv'
[2.063s] INFO:colcon.colcon_core.shell:Creating environment hook '/home/ash/turtle_bot_chaser/install/turtle_catch_em_all/share/turtle_catch_em_all/hook/pythonpath.sh'
[2.063s] Level 1:colcon.colcon_core.environment:checking '/home/ash/turtle_bot_chaser/install/turtle_catch_em_all/bin'
[2.063s] Level 1:colcon.colcon_core.environment:create_environment_scripts_only(turtle_catch_em_all)
[2.063s] INFO:colcon.colcon_core.shell:Creating package script '/home/ash/turtle_bot_chaser/install/turtle_catch_em_all/share/turtle_catch_em_all/package.ps1'
[2.064s] INFO:colcon.colcon_core.shell:Creating package descriptor '/home/ash/turtle_bot_chaser/install/turtle_catch_em_all/share/turtle_catch_em_all/package.dsv'
[2.064s] INFO:colcon.colcon_core.shell:Creating package script '/home/ash/turtle_bot_chaser/install/turtle_catch_em_all/share/turtle_catch_em_all/package.sh'
[2.064s] INFO:colcon.colcon_core.shell:Creating package script '/home/ash/turtle_bot_chaser/install/turtle_catch_em_all/share/turtle_catch_em_all/package.bash'
[2.065s] INFO:colcon.colcon_core.shell:Creating package script '/home/ash/turtle_bot_chaser/install/turtle_catch_em_all/share/turtle_catch_em_all/package.zsh'
[2.065s] Level 1:colcon.colcon_core.environment:create_file_with_runtime_dependencies(/home/ash/turtle_bot_chaser/install/turtle_catch_em_all/share/colcon-core/packages/turtle_catch_em_all)
[2.067s] DEBUG:colcon.colcon_parallel_executor.executor.parallel:closing loop
[2.068s] DEBUG:colcon.colcon_parallel_executor.executor.parallel:loop closed
[2.068s] DEBUG:colcon.colcon_parallel_executor.executor.parallel:run_until_complete finished with '0'
[2.068s] DEBUG:colcon.colcon_core.event_reactor:joining thread
[2.081s] INFO:colcon.colcon_core.plugin_system:Skipping extension 'colcon_notification.desktop_notification.terminal_notifier': Not used on non-Darwin systems
[2.081s] INFO:colcon.colcon_core.plugin_system:Skipping extension 'colcon_notification.desktop_notification.win32': Not used on non-Windows systems
[2.081s] INFO:colcon.colcon_notification.desktop_notification:Sending desktop notification using 'notify2'
[2.111s] DEBUG:colcon.colcon_core.event_reactor:joined thread
[2.111s] INFO:colcon.colcon_core.shell:Creating prefix script '/home/ash/turtle_bot_chaser/install/local_setup.ps1'
[2.113s] INFO:colcon.colcon_core.shell:Creating prefix util module '/home/ash/turtle_bot_chaser/install/_local_setup_util_ps1.py'
[2.114s] INFO:colcon.colcon_core.shell:Creating prefix chain script '/home/ash/turtle_bot_chaser/install/setup.ps1'
[2.116s] INFO:colcon.colcon_core.shell:Creating prefix script '/home/ash/turtle_bot_chaser/install/local_setup.sh'
[2.116s] INFO:colcon.colcon_core.shell:Creating prefix util module '/home/ash/turtle_bot_chaser/install/_local_setup_util_sh.py'
[2.117s] INFO:colcon.colcon_core.shell:Creating prefix chain script '/home/ash/turtle_bot_chaser/install/setup.sh'
[2.118s] INFO:colcon.colcon_core.shell:Creating prefix script '/home/ash/turtle_bot_chaser/install/local_setup.bash'
[2.119s] INFO:colcon.colcon_core.shell:Creating prefix chain script '/home/ash/turtle_bot_chaser/install/setup.bash'
[2.120s] INFO:colcon.colcon_core.shell:Creating prefix script '/home/ash/turtle_bot_chaser/install/local_setup.zsh'
[2.120s] INFO:colcon.colcon_core.shell:Creating prefix chain script '/home/ash/turtle_bot_chaser/install/setup.zsh'
